mt19937_1, -1, TimeBudget, 0, 1
mt19937_1, -1, ChosenN, 0, 1.8e+06
mt19937_1, -1, TimeUsed, 0, 1.053505
mt19937_1, -1, Score, 0, 7.246112185544668
mt19937_1, -1, TimeBudget, 0, 2
mt19937_1, -1, ChosenN, 0, 3.6e+06
mt19937_1, -1, TimeUsed, 0, 1.811707
mt19937_1, -1, Score, 0, 21.77956547587912
mt19937_1, -1, TimeBudget, 0, 3
mt19937_1, -1, ChosenN, 0, 5.4e+06
mt19937_1, -1, TimeUsed, 0, 3.011025
mt19937_1, -1, Score, 0, 8.197269665576979
mt19937_1, -1, TimeBudget, 0, 4
mt19937_1, -1, ChosenN, 0, 7.2e+06
mt19937_1, -1, TimeUsed, 0, 3.731254
mt19937_1, -1, Score, 0, 22.77956547587912
mt19937_1, -1, TimeBudget, 0, 5
mt19937_1, -1, ChosenN, 0, 9e+06
mt19937_1, -1, TimeUsed, 0, 5.432183
mt19937_1, -1, Score, 0, 7.79482983444275
mt19937_1, -1, TimeBudget, 0, 6
mt19937_1, -1, ChosenN, 0, 1.08e+07
mt19937_1, -1, TimeUsed, 0, 5.6714
mt19937_1, -1, Score, 0, 23.36452797660028
mt19937_1, -1, TimeBudget, 0, 7
mt19937_1, -1, ChosenN, 0, 1.26e+07
mt19937_1, -1, TimeUsed, 0, 6.30469
mt19937_1, -1, Score, 0, 23.58692039793673
mt19937_1, -1, TimeBudget, 0, 8
mt19937_1, -1, ChosenN, 0, 1.44e+07
mt19937_1, -1, TimeUsed, 0, 7.210402
mt19937_1, -1, Score, 0, 23.77956547587913
mt19937_1, -1, TimeBudget, 0, 9
mt19937_1, -1, ChosenN, 0, 1.62e+07
mt19937_1, -1, TimeUsed, 0, 8.657958000000001
mt19937_1, -1, Score, 0, 23.94949047732144
mt19937_1, -1, TimeBudget, 0, 10
mt19937_1, -1, ChosenN, 0, 1.8e+07
mt19937_1, -1, TimeUsed, 0, 9.561648999999999
mt19937_1, -1, Score, 0, 24.10149357076649
mt19937_1, -1, TimeBudget, 0, 11
mt19937_1, -1, ChosenN, 0, 1.98e+07
mt19937_1, -1, TimeUsed, 0, 10.819947
mt19937_1, -1, Score, 0, 24.23899709451642
mt19937_1, -1, TimeBudget, 0, 12
mt19937_1, -1, ChosenN, 0, 2.16e+07
mt19937_1, -1, TimeUsed, 0, 10.229585
mt19937_1, -1, Score, 0, 24.36452797660028
mt19937_1, -1, TimeBudget, 0, 13
mt19937_1, -1, ChosenN, 0, 2.34e+07
mt19937_1, -1, TimeUsed, 0, 12.345818
mt19937_1, -1, Score, 0, 24.48000519402022
mt19937_1, -1, TimeBudget, 0, 14
mt19937_1, -1, ChosenN, 0, 2.52e+07
mt19937_1, -1, TimeUsed, 0, 11.960938
mt19937_1, -1, Score, 0, 24.58692039793673
mt19937_1, -1, TimeBudget, 0, 15
mt19937_1, -1, ChosenN, 0, 2.7e+07
mt19937_1, -1, TimeUsed, 0, 12.931418
mt19937_1, -1, Score, 0, 24.68645607148764
mt19937_1, -1, TimeBudget, 0, 16
mt19937_1, -1, ChosenN, 0, 2.88e+07
mt19937_1, -1, TimeUsed, 0, 13.698236
mt19937_1, -1, Score, 0, 24.77956547587912
mt19937_1, -1, TimeBudget, 0, 17
mt19937_1, -1, ChosenN, 0, 3.06e+07
mt19937_1, -1, TimeUsed, 0, 16.026664
mt19937_1, -1, Score, 0, 24.86702831712946
mt19937_1, -1, TimeBudget, 0, 18
mt19937_1, -1, ChosenN, 0, 3.24e+07
mt19937_1, -1, TimeUsed, 0, 16.905123
mt19937_1, -1, Score, 0, 24.94949047732144
mt19937_1, -1, TimeBudget, 0, 19
mt19937_1, -1, ChosenN, 0, 3.42e+07
mt19937_1, -1, TimeUsed, 0, 18.727845
mt19937_1, -1, Score, 0, 25.02749298932271
mt19937_1, -1, TimeBudget, 0, 20
mt19937_1, -1, ChosenN, 0, 3.6e+07
mt19937_1, -1, TimeUsed, 0, 19.789008
mt19937_1, -1, Score, 0, 25.10149357076649
mt19937_1, -1, TimeBudget, 0, 21
mt19937_1, -1, ChosenN, 0, 3.78e+07
mt19937_1, -1, TimeUsed, 0, 20.764938
mt19937_1, -1, Score, 0, 25.17188289865788
mt19937_1, -1, TimeBudget, 0, 22
mt19937_1, -1, ChosenN, 0, 3.96e+07
mt19937_1, -1, TimeUsed, 0, 21.51421
mt19937_1, -1, Score, 0, 25.23899709451642
mt19937_1, -1, TimeBudget, 0, 23
mt19937_1, -1, ChosenN, 0, 4.14e+07
mt19937_1, -1, TimeUsed, 0, 21.247322
mt19937_1, -1, Score, 0, 25.30312743193614
mt19937_1, -1, TimeBudget, 0, 24
mt19937_1, -1, ChosenN, 0, 4.32e+07
mt19937_1, -1, TimeUsed, 0, 22.25932
mt19937_1, -1, Score, 0, 25.36452797660028
mt19937_1, -1, TimeBudget, 0, 25
mt19937_1, -1, ChosenN, 0, 4.5e+07
mt19937_1, -1, TimeUsed, 0, 23.256988
mt19937_1, -1, Score, 0, 25.42342166565385
mt19937_1, -1, TimeBudget, 0, 26
mt19937_1, -1, ChosenN, 0, 4.68e+07
mt19937_1, -1, TimeUsed, 0, 24.365596
mt19937_1, -1, Score, 0, 25.48000519402022
mt19937_1, -1, TimeBudget, 0, 27
mt19937_1, -1, ChosenN, 0, 4.86e+07
mt19937_1, -1, TimeUsed, 0, 25.478509
mt19937_1, -1, Score, 0, 25.53445297804259
mt19937_1, -1, TimeBudget, 0, 28
mt19937_1, -1, ChosenN, 0, 5.04e+07
mt19937_1, -1, TimeUsed, 0, 27.940461
mt19937_1, -1, Score, 0, 25.58692039793673
mt19937_1, -1, TimeBudget, 0, 29
mt19937_1, -1, ChosenN, 0, 5.22e+07
mt19937_1, -1, TimeUsed, 0, 25.747585
mt19937_1, -1, Score, 0, 25.6375464710067
mt19937_1, -1, TimeBudget, 0, 30
mt19937_1, -1, ChosenN, 0, 5.4e+07
mt19937_1, -1, TimeUsed, 0, 30.097859
mt19937_1, -1, Score, 0, 9.418745307754323
mt19937_1, -1, TimeBudget, 0, 31
mt19937_1, -1, ChosenN, 0, 5.58e+07
mt19937_1, -1, TimeUsed, 0, 30.33202
mt19937_1, -1, Score, 0, 25.733761786266
mt19937_1, -1, TimeBudget, 0, 32
mt19937_1, -1, ChosenN, 0, 5.76e+07
mt19937_1, -1, TimeUsed, 0, 31.391102
mt19937_1, -1, Score, 0, 25.77956547587913
mt19937_1, -1, TimeBudget, 0, 33
mt19937_1, -1, ChosenN, 0, 5.94e+07
mt19937_1, -1, TimeUsed, 0, 32.798768
mt19937_1, -1, Score, 0, 25.82395959523758
mt19937_1, -1, TimeBudget, 0, 34
mt19937_1, -1, ChosenN, 0, 6.12e+07
mt19937_1, -1, TimeUsed, 0, 32.623547
mt19937_1, -1, Score, 0, 25.86702831712946
