mt19937_1, -1, TimeBudget, 0, 2
mt19937_1, -1, ChosenN, 0, 4e+06
mt19937_1, -1, TimeUsed, 0, 0.737421705
mt19937_1, -1, Score, 0, 21.93156856932417
mt19937_1, -1, TimeBudget, 0, 12
mt19937_1, -1, ChosenN, 0, 2.4e+07
mt19937_1, -1, TimeUsed, 0, 3.948945566
mt19937_1, -1, Score, 0, 24.51653107004533
mt19937_1, -1, TimeBudget, 0, 22
mt19937_1, -1, ChosenN, 0, 4.4e+07
mt19937_1, -1, TimeUsed, 0, 8.616562010999999
mt19937_1, -1, Score, 0, 25.39100018796147
mt19937_1, -1, TimeBudget, 0, 32
mt19937_1, -1, ChosenN, 0, 6.4e+07
mt19937_1, -1, TimeUsed, 0, 11.162838119
mt19937_1, -1, Score, 0, 25.93156856932417
mt19937_1, -1, TimeBudget, 0, 42
mt19937_1, -1, ChosenN, 0, 8.4e+07
mt19937_1, -1, TimeUsed, 0, 15.808034691
mt19937_1, -1, Score, 0, 26.32388599210293
mt19937_1, -1, TimeBudget, 0, 52
mt19937_1, -1, ChosenN, 0, 1.04e+08
mt19937_1, -1, TimeUsed, 0, 21.513595379
mt19937_1, -1, Score, 0, 26.63200828746527
mt19937_1, -1, TimeBudget, 0, 62
mt19937_1, -1, ChosenN, 0, 1.24e+08
mt19937_1, -1, TimeUsed, 0, 24.605750224
mt19937_1, -1, Score, 0, 26.88576487971105
mt19937_1, -1, TimeBudget, 0, 72
mt19937_1, -1, ChosenN, 0, 1.44e+08
mt19937_1, -1, TimeUsed, 0, 29.398091841
mt19937_1, -1, Score, 0, 27.10149357076649
mt19937_1, -1, TimeBudget, 0, 82
mt19937_1, -1, ChosenN, 0, 1.64e+08
mt19937_1, -1, TimeUsed, 0, 35.944088388
mt19937_1, -1, Score, 0, 27.28912057394226
mt19937_1, -1, TimeBudget, 0, 92
mt19937_1, -1, ChosenN, 0, 1.84e+08
mt19937_1, -1, TimeUsed, 0, 40.261727923
mt19937_1, -1, Score, 0, 27.45513052538119
mt19937_1, -1, TimeBudget, 0, 102
mt19937_1, -1, ChosenN, 0, 2.04e+08
mt19937_1, -1, TimeUsed, 0, 42.32517139
mt19937_1, -1, Score, 0, 27.60399391129567
mt19937_1, -1, TimeBudget, 0, 112
mt19937_1, -1, ChosenN, 0, 2.24e+08
mt19937_1, -1, TimeUsed, 0, 48.186158066
mt19937_1, -1, Score, 0, 27.73892349138178
mt19937_1, -1, TimeBudget, 0, 122
mt19937_1, -1, ChosenN, 0, 2.44e+08
mt19937_1, -1, TimeUsed, 0, 45.755744839
mt19937_1, -1, Score, 0, 27.86230590688706
mt19937_1, -1, TimeBudget, 0, 132
mt19937_1, -1, ChosenN, 0, 2.64e+08
mt19937_1, -1, TimeUsed, 0, 48.455057597
mt19937_1, -1, Score, 0, 27.97596268868263
mt19937_1, -1, TimeBudget, 0, 142
mt19937_1, -1, ChosenN, 0, 2.84e+08
mt19937_1, -1, TimeUsed, 0, 65.33370192300001
mt19937_1, -1, Score, 0, 28.08131568882886
mt19937_1, -1, TimeBudget, 0, 152
mt19937_1, -1, ChosenN, 0, 3.04e+08
mt19937_1, -1, TimeUsed, 0, 62.093232807
mt19937_1, -1, Score, 0, 28.17949608276776
mt19937_1, -1, TimeBudget, 0, 162
mt19937_1, -1, ChosenN, 0, 3.24e+08
mt19937_1, -1, TimeUsed, 0, 70.665690997
mt19937_1, -1, Score, 0, 28.2714185722088
mt19937_1, -1, TimeBudget, 0, 172
mt19937_1, -1, ChosenN, 0, 3.44e+08
mt19937_1, -1, TimeUsed, 0, 69.438332567
mt19937_1, -1, Score, 0, 28.35783332402627
