mt19937_1, -1, TimeBudget, 0, 2
mt19937_1, -1, ChosenN, 0, 8e+06
mt19937_1, -1, TimeUsed, 0, 1.03911606
mt19937_1, -1, Score, 0, 22.93156856932417
mt19937_1, -1, TimeBudget, 0, 12
mt19937_1, -1, ChosenN, 0, 4.8e+07
mt19937_1, -1, TimeUsed, 0, 5.848390649
mt19937_1, -1, Score, 0, 25.51653107004533
mt19937_1, -1, TimeBudget, 0, 22
mt19937_1, -1, ChosenN, 0, 8.8e+07
mt19937_1, -1, TimeUsed, 0, 12.497057529
mt19937_1, -1, Score, 0, 26.39100018796147
mt19937_1, -1, TimeBudget, 0, 32
mt19937_1, -1, ChosenN, 0, 1.28e+08
mt19937_1, -1, TimeUsed, 0, 16.218192342
mt19937_1, -1, Score, 0, 26.93156856932417
mt19937_1, -1, TimeBudget, 0, 42
mt19937_1, -1, ChosenN, 0, 1.68e+08
mt19937_1, -1, TimeUsed, 0, 25.454926151
mt19937_1, -1, Score, 0, 27.32388599210294
mt19937_1, -1, TimeBudget, 0, 52
mt19937_1, -1, ChosenN, 0, 2.08e+08
mt19937_1, -1, TimeUsed, 0, 30.374744216
mt19937_1, -1, Score, 0, 27.63200828746526
mt19937_1, -1, TimeBudget, 0, 62
mt19937_1, -1, ChosenN, 0, 2.48e+08
mt19937_1, -1, TimeUsed, 0, 36.522714501
mt19937_1, -1, Score, 0, 27.88576487971105
mt19937_1, -1, TimeBudget, 0, 72
mt19937_1, -1, ChosenN, 0, 2.88e+08
mt19937_1, -1, TimeUsed, 0, 47.987576609
mt19937_1, -1, Score, 0, 28.10149357076649
mt19937_1, -1, TimeBudget, 0, 82
mt19937_1, -1, ChosenN, 0, 3.28e+08
mt19937_1, -1, TimeUsed, 0, 49.946552097
mt19937_1, -1, Score, 0, 28.28912057394226
mt19937_1, -1, TimeBudget, 0, 92
mt19937_1, -1, ChosenN, 0, 3.68e+08
mt19937_1, -1, TimeUsed, 0, 55.641056
mt19937_1, -1, Score, 0, 28.45513052538119
mt19937_1, -1, TimeBudget, 0, 102
mt19937_1, -1, ChosenN, 0, 4.08e+08
mt19937_1, -1, TimeUsed, 0, 58.528716967
mt19937_1, -1, Score, 0, 28.60399391129567
mt19937_1, -1, TimeBudget, 0, 112
mt19937_1, -1, ChosenN, 0, 4.48e+08
mt19937_1, -1, TimeUsed, 0, 65.850100099
mt19937_1, -1, Score, 0, 28.73892349138178
mt19937_1, -1, TimeBudget, 0, 122
mt19937_1, -1, ChosenN, 0, 4.88e+08
mt19937_1, -1, TimeUsed, 0, 69.624753062
mt19937_1, -1, Score, 0, 28.86230590688706
mt19937_1, -1, TimeBudget, 0, 132
mt19937_1, -1, ChosenN, 0, 5.28e+08
mt19937_1, -1, TimeUsed, 0, 72.69955615000001
mt19937_1, -1, Score, 0, 28.97596268868263
mt19937_1, -1, TimeBudget, 0, 142
mt19937_1, -1, ChosenN, 0, 5.68e+08
mt19937_1, -1, TimeUsed, 0, 79.791864519
mt19937_1, -1, Score, 0, 29.08131568882886
mt19937_1, -1, TimeBudget, 0, 152
mt19937_1, -1, ChosenN, 0, 6.08e+08
mt19937_1, -1, TimeUsed, 0, 88.08689462
mt19937_1, -1, Score, 0, 29.17949608276776
mt19937_1, -1, TimeBudget, 0, 162
mt19937_1, -1, ChosenN, 0, 6.48e+08
mt19937_1, -1, TimeUsed, 0, 90.82926493799999
mt19937_1, -1, Score, 0, 29.2714185722088
mt19937_1, -1, TimeBudget, 0, 172
mt19937_1, -1, ChosenN, 0, 6.88e+08
mt19937_1, -1, TimeUsed, 0, 92.98767107499999
mt19937_1, -1, Score, 0, 29.35783332402627
