mt19937_1, -1, TimeBudget, 0, 2
mt19937_1, -1, ChosenN, 0, 2.34e+07
mt19937_1, -1, TimeUsed, 0, 1.322724589
mt19937_1, -1, Score, 0, 24.48000519402022
mt19937_1, -1, TimeBudget, 0, 12
mt19937_1, -1, ChosenN, 0, 1.404e+08
mt19937_1, -1, TimeUsed, 0, 11.027429168
mt19937_1, -1, Score, 0, 27.06496769474138
mt19937_1, -1, TimeBudget, 0, 22
mt19937_1, -1, ChosenN, 0, 2.574e+08
mt19937_1, -1, TimeUsed, 0, 15.403454358
mt19937_1, -1, Score, 0, 27.93943681265752
mt19937_1, -1, TimeBudget, 0, 32
mt19937_1, -1, ChosenN, 0, 3.744e+08
mt19937_1, -1, TimeUsed, 0, 26.896866467
mt19937_1, -1, Score, 0, 28.48000519402022
mt19937_1, -1, TimeBudget, 0, 42
mt19937_1, -1, ChosenN, 0, 5.88e+08
mt19937_1, -1, TimeUsed, 0, 35.698676063
mt19937_1, -1, Score, 0, 29.13124091416054
mt19937_1, -1, TimeBudget, 0, 52
mt19937_1, -1, ChosenN, 0, 7.28e+08
mt19937_1, -1, TimeUsed, 0, 36.717338864
mt19937_1, -1, Score, 0, 29.43936320952287
mt19937_1, -1, TimeBudget, 0, 62
mt19937_1, -1, ChosenN, 0, 8.68e+08
mt19937_1, -1, TimeUsed, 0, 41.873814167
mt19937_1, -1, Score, 0, 29.69311980176866
mt19937_1, -1, TimeBudget, 0, 72
mt19937_1, -1, ChosenN, 0, 1.008e+09
mt19937_1, -1, TimeUsed, 0, 48.196616999
mt19937_1, -1, Score, 0, 29.90884849282409
mt19937_1, -1, TimeBudget, 0, 82
mt19937_1, -1, ChosenN, 0, 1.148e+09
mt19937_1, -1, TimeUsed, 0, 53.582147967
mt19937_1, -1, Score, 0, 30.09647549599986
mt19937_1, -1, TimeBudget, 0, 92
mt19937_1, -1, ChosenN, 0, 1.288e+09
mt19937_1, -1, TimeUsed, 0, 60.681955638
mt19937_1, -1, Score, 0, 30.26248544743879
mt19937_1, -1, TimeBudget, 0, 102
mt19937_1, -1, ChosenN, 0, 1.428e+09
mt19937_1, -1, TimeUsed, 0, 68.179803092
mt19937_1, -1, Score, 0, 30.41134883335327
mt19937_1, -1, TimeBudget, 0, 112
mt19937_1, -1, ChosenN, 0, 1.568e+09
mt19937_1, -1, TimeUsed, 0, 73.33405645400001
mt19937_1, -1, Score, 0, 30.54627841343938
mt19937_1, -1, TimeBudget, 0, 122
mt19937_1, -1, ChosenN, 0, 1.708e+09
mt19937_1, -1, TimeUsed, 0, 80.441436455
mt19937_1, -1, Score, 0, 30.66966082894467
mt19937_1, -1, TimeBudget, 0, 132
mt19937_1, -1, ChosenN, 0, 1.848e+09
mt19937_1, -1, TimeUsed, 0, 86.16079252500001
mt19937_1, -1, Score, 0, 30.78331761074023
mt19937_1, -1, TimeBudget, 0, 142
mt19937_1, -1, ChosenN, 0, 1.988e+09
mt19937_1, -1, TimeUsed, 0, 106.502887556
mt19937_1, -1, Score, 0, 30.88867061088646
mt19937_1, -1, TimeBudget, 0, 152
mt19937_1, -1, ChosenN, 0, 2.128e+09
mt19937_1, -1, TimeUsed, 0, 100.043622269
mt19937_1, -1, Score, 0, 30.98685100482536
mt19937_1, -1, TimeBudget, 0, 162
mt19937_1, -1, ChosenN, 0, 2.268e+09
mt19937_1, -1, TimeUsed, 0, 104.679647358
mt19937_1, -1, Score, 0, 31.0787734942664
mt19937_1, -1, TimeBudget, 0, 172
mt19937_1, -1, ChosenN, 0, 2.408e+09
mt19937_1, -1, TimeUsed, 0, 112.315451258
mt19937_1, -1, Score, 0, 31.16518824608388
