mt19937_1, -1, TimeBudget, 0, 125
mt19937_1, -1, ChosenN, 0, 2.5e+09
mt19937_1, -1, TimeUsed, 0, 119.132460526
mt19937_1, -1, Score, 0, 31.21928094887362
mt19937_1, -1, TimeBudget, 0, 126
mt19937_1, -1, ChosenN, 0, 2.52e+09
mt19937_1, -1, TimeUsed, 0, 118.643912034
mt19937_1, -1, Score, 0, 31.23077658771146
mt19937_1, -1, TimeBudget, 0, 127
mt19937_1, -1, ChosenN, 0, 2.54e+09
mt19937_1, -1, TimeUsed, 0, 118.869127295
mt19937_1, -1, Score, 0, 31.2421813509837
mt19937_1, -1, TimeBudget, 0, 128
mt19937_1, -1, ChosenN, 0, 2.56e+09
mt19937_1, -1, TimeUsed, 0, 121.154854209
mt19937_1, -1, Score, 0, 31.25349666421154
mt19937_1, -1, TimeBudget, 0, 129
mt19937_1, -1, ChosenN, 0, 2.58e+09
mt19937_1, -1, TimeUsed, 0, 121.177603823
mt19937_1, -1, Score, 0, 31.26472391963479
mt19937_1, -1, TimeBudget, 0, 130
mt19937_1, -1, ChosenN, 0, 2.6e+09
mt19937_1, -1, TimeUsed, 0, 122.874893711
mt19937_1, -1, Score, 0, 31.27586447723999
mt19937_1, -1, TimeBudget, 0, 131
mt19937_1, -1, ChosenN, 0, 2.62e+09
mt19937_1, -1, TimeUsed, 0, 124.038100636
mt19937_1, -1, Score, 0, 31.28691966574899
mt19937_1, -1, TimeBudget, 0, 132
mt19937_1, -1, ChosenN, 0, 2.64e+09
mt19937_1, -1, TimeUsed, 0, 124.991043373
mt19937_1, -1, Score, 0, 31.29789078356999
mt19937_1, -1, TimeBudget, 0, 133
mt19937_1, -1, ChosenN, 0, 2.66e+09
mt19937_1, -1, TimeUsed, 0, 126.113792264
mt19937_1, -1, Score, 0, 31.30877909971273
mt19937_1, -1, TimeBudget, 0, 134
mt19937_1, -1, ChosenN, 0, 2.68e+09
mt19937_1, -1, TimeUsed, 0, 127.436613418
mt19937_1, -1, Score, 0, 31.31958585466931
mt19937_1, -1, TimeBudget, 0, 135
mt19937_1, -1, ChosenN, 0, 2.7e+09
mt19937_1, -1, TimeUsed, 0, 128.812692307
mt19937_1, -1, Score, 0, 31.33031226126237
mt19937_1, -1, TimeBudget, 0, 136
mt19937_1, -1, ChosenN, 0, 2.72e+09
mt19937_1, -1, TimeUsed, 0, 128.422246712
mt19937_1, -1, Score, 0, 31.34095950546188
mt19937_1, -1, TimeBudget, 0, 137
mt19937_1, -1, ChosenN, 0, 2.74e+09
mt19937_1, -1, TimeUsed, 0, 129.655662292
mt19937_1, -1, Score, 0, 31.35152874717207
mt19937_1, -1, TimeBudget, 0, 138
mt19937_1, -1, ChosenN, 0, 2.76e+09
mt19937_1, -1, TimeUsed, 0, 132.290388637
mt19937_1, -1, Score, 0, 31.36202112098971
mt19937_1, -1, TimeBudget, 0, 139
mt19937_1, -1, ChosenN, 0, 2.78e+09
mt19937_1, -1, TimeUsed, 0, 131.782058539
mt19937_1, -1, Score, 0, 31.37243773693504
mt19937_1, -1, TimeBudget, 0, 140
mt19937_1, -1, ChosenN, 0, 2.8e+09
mt19937_1, -1, TimeUsed, 0, 132.591155568
mt19937_1, -1, Score, 0, 31.3827796811565
mt19937_1, -1, TimeBudget, 0, 141
mt19937_1, -1, ChosenN, 0, 2.82e+09
mt19937_1, -1, TimeUsed, 0, 135.663825956
mt19937_1, -1, Score, 0, 31.39304801661033
mt19937_1, -1, TimeBudget, 0, 142
mt19937_1, -1, ChosenN, 0, 2.84e+09
mt19937_1, -1, TimeUsed, 0, 135.216392852
mt19937_1, -1, Score, 0, 31.40324378371622
mt19937_1, -1, TimeBudget, 0, 143
mt19937_1, -1, ChosenN, 0, 2.86e+09
mt19937_1, -1, TimeUsed, 0, 136.718218588
mt19937_1, -1, Score, 0, 31.41336800098993
mt19937_1, -1, TimeBudget, 0, 144
mt19937_1, -1, ChosenN, 0, 2.88e+09
mt19937_1, -1, TimeUsed, 0, 134.462478074
mt19937_1, -1, Score, 0, 31.42342166565385
mt19937_1, -1, TimeBudget, 0, 145
mt19937_1, -1, ChosenN, 0, 2.9e+09
mt19937_1, -1, TimeUsed, 0, 136.735923993
mt19937_1, -1, Score, 0, 31.43340575422647
mt19937_1, -1, TimeBudget, 0, 146
mt19937_1, -1, ChosenN, 0, 2.92e+09
mt19937_1, -1, TimeUsed, 0, 138.146543221
mt19937_1, -1, Score, 0, 31.44332122309155
mt19937_1, -1, TimeBudget, 0, 147
mt19937_1, -1, ChosenN, 0, 2.94e+09
mt19937_1, -1, TimeUsed, 0, 139.001280608
mt19937_1, -1, Score, 0, 31.4531690090479
mt19937_1, -1, TimeBudget, 0, 148
mt19937_1, -1, ChosenN, 0, 2.96e+09
mt19937_1, -1, TimeUsed, 0, 139.554239492
mt19937_1, -1, Score, 0, 31.46295002984049
mt19937_1, -1, TimeBudget, 0, 149
mt19937_1, -1, ChosenN, 0, 2.98e+09
mt19937_1, -1, TimeUsed, 0, 140.255859504
mt19937_1, -1, Score, 0, 31.4726651846737
mt19937_1, -1, TimeBudget, 0, 150
mt19937_1, -1, ChosenN, 0, 3e+09
mt19937_1, -1, TimeUsed, 0, 147.197922038
mt19937_1, -1, Score, 0, 31.48231535470742
mt19937_1, -1, TimeBudget, 0, 151
mt19937_1, -1, ChosenN, 0, 3.02e+09
mt19937_1, -1, TimeUsed, 0, 143.413633335
mt19937_1, -1, Score, 0, 31.49190140353662
mt19937_1, -1, TimeBudget, 0, 152
mt19937_1, -1, ChosenN, 0, 3.04e+09
mt19937_1, -1, TimeUsed, 0, 144.388309394
mt19937_1, -1, Score, 0, 31.50142417765512
mt19937_1, -1, TimeBudget, 0, 153
mt19937_1, -1, ChosenN, 0, 3.06e+09
mt19937_1, -1, TimeUsed, 0, 144.81692477
mt19937_1, -1, Score, 0, 31.51088450690419
mt19937_1, -1, TimeBudget, 0, 154
mt19937_1, -1, ChosenN, 0, 3.08e+09
mt19937_1, -1, TimeUsed, 0, 144.594057525
mt19937_1, -1, Score, 0, 31.52028320490644
mt19937_1, -1, TimeBudget, 0, 155
mt19937_1, -1, ChosenN, 0, 3.1e+09
mt19937_1, -1, TimeUsed, 0, 146.276225531
mt19937_1, -1, Score, 0, 31.52962106948578
mt19937_1, -1, TimeBudget, 0, 156
mt19937_1, -1, ChosenN, 0, 3.12e+09
mt19937_1, -1, TimeUsed, 0, 147.500861032
mt19937_1, -1, Score, 0, 31.53889888307378
mt19937_1, -1, TimeBudget, 0, 157
mt19937_1, -1, ChosenN, 0, 3.14e+09
mt19937_1, -1, TimeUsed, 0, 148.618244058
mt19937_1, -1, Score, 0, 31.54811741310316
mt19937_1, -1, TimeBudget, 0, 158
mt19937_1, -1, ChosenN, 0, 3.16e+09
mt19937_1, -1, TimeUsed, 0, 149.150077063
mt19937_1, -1, Score, 0, 31.55727741238864
mt19937_1, -1, TimeBudget, 0, 159
mt19937_1, -1, ChosenN, 0, 3.18e+09
mt19937_1, -1, TimeUsed, 0, 150.960217162
mt19937_1, -1, Score, 0, 31.56637961949589
mt19937_1, -1, TimeBudget, 0, 160
mt19937_1, -1, ChosenN, 0, 3.2e+09
mt19937_1, -1, TimeUsed, 0, 152.08025962
mt19937_1, -1, Score, 0, 31.5754247590989
mt19937_1, -1, TimeBudget, 0, 161
mt19937_1, -1, ChosenN, 0, 3.22e+09
mt19937_1, -1, TimeUsed, 0, 152.73398826
mt19937_1, -1, Score, 0, 31.58441354232616
mt19937_1, -1, TimeBudget, 0, 162
mt19937_1, -1, ChosenN, 0, 3.24e+09
mt19937_1, -1, TimeUsed, 0, 154.490376463
mt19937_1, -1, Score, 0, 31.59334666709616
mt19937_1, -1, TimeBudget, 0, 163
mt19937_1, -1, ChosenN, 0, 3.26e+09
mt19937_1, -1, TimeUsed, 0, 153.788661553
mt19937_1, -1, Score, 0, 31.60222481844261
mt19937_1, -1, TimeBudget, 0, 164
mt19937_1, -1, ChosenN, 0, 3.28e+09
mt19937_1, -1, TimeUsed, 0, 155.804797627
mt19937_1, -1, Score, 0, 31.61104866882962
mt19937_1, -1, TimeBudget, 0, 165
mt19937_1, -1, ChosenN, 0, 3.3e+09
mt19937_1, -1, TimeUsed, 0, 154.903569918
mt19937_1, -1, Score, 0, 31.61981887845736
mt19937_1, -1, TimeBudget, 0, 166
mt19937_1, -1, ChosenN, 0, 3.32e+09
mt19937_1, -1, TimeUsed, 0, 156.331645133
mt19937_1, -1, Score, 0, 31.62853609555846
mt19937_1, -1, TimeBudget, 0, 167
mt19937_1, -1, ChosenN, 0, 3.34e+09
mt19937_1, -1, TimeUsed, 0, 157.551224468
mt19937_1, -1, Score, 0, 31.63720095668559
mt19937_1, -1, TimeBudget, 0, 168
mt19937_1, -1, ChosenN, 0, 3.36e+09
mt19937_1, -1, TimeUsed, 0, 159.769351114
mt19937_1, -1, Score, 0, 31.6458140869903
mt19937_1, -1, TimeBudget, 0, 169
mt19937_1, -1, ChosenN, 0, 3.38e+09
mt19937_1, -1, TimeUsed, 0, 159.781940771
mt19937_1, -1, Score, 0, 31.65437610049372
mt19937_1, -1, TimeBudget, 0, 170
mt19937_1, -1, ChosenN, 0, 3.4e+09
mt19937_1, -1, TimeUsed, 0, 160.205073326
mt19937_1, -1, Score, 0, 31.66288760034924
mt19937_1, -1, TimeBudget, 0, 171
mt19937_1, -1, ChosenN, 0, 3.42e+09
mt19937_1, -1, TimeUsed, 0, 160.985639535
mt19937_1, -1, Score, 0, 31.67134917909743
mt19937_1, -1, TimeBudget, 0, 172
mt19937_1, -1, ChosenN, 0, 3.44e+09
mt19937_1, -1, TimeUsed, 0, 161.390088164
mt19937_1, -1, Score, 0, 31.67976141891363
mt19937_1, -1, TimeBudget, 0, 173
mt19937_1, -1, ChosenN, 0, 3.46e+09
mt19937_1, -1, TimeUsed, 0, 163.166391093
mt19937_1, -1, Score, 0, 31.68812489184826
mt19937_1, -1, TimeBudget, 0, 174
mt19937_1, -1, ChosenN, 0, 3.48e+09
mt19937_1, -1, TimeUsed, 0, 165.988343072
mt19937_1, -1, Score, 0, 31.69644016006026
mt19937_1, -1, TimeBudget, 0, 175
mt19937_1, -1, ChosenN, 0, 3.5e+09
mt19937_1, -1, TimeUsed, 0, 165.451239353
mt19937_1, -1, Score, 0, 31.70470777604386
mt19937_1, -1, TimeBudget, 0, 176
mt19937_1, -1, ChosenN, 0, 3.52e+09
mt19937_1, -1, TimeUsed, 0, 166.708221292
mt19937_1, -1, Score, 0, 31.71292828284884
mt19937_1, -1, TimeBudget, 0, 177
mt19937_1, -1, ChosenN, 0, 3.54e+09
mt19937_1, -1, TimeUsed, 0, 170.444754184
mt19937_1, -1, Score, 0, 31.72110221429453
mt19937_1, -1, TimeBudget, 0, 178
mt19937_1, -1, ChosenN, 0, 3.56e+09
mt19937_1, -1, TimeUsed, 0, 168.439522544
mt19937_1, -1, Score, 0, 31.72923009517793
mt19937_1, -1, TimeBudget, 0, 179
mt19937_1, -1, ChosenN, 0, 3.58e+09
mt19937_1, -1, TimeUsed, 0, 171.010996442
mt19937_1, -1, Score, 0, 31.73731244147579
mt19937_1, -1, TimeBudget, 0, 180
mt19937_1, -1, ChosenN, 0, 3.6e+09
mt19937_1, -1, TimeUsed, 0, 169.087507093
mt19937_1, -1, Score, 0, 31.74534976054121
