mt19937_1, -1, TimeBudget, 0, 2
mt19937_1, -1, ChosenN, 0, 1.2e+07
mt19937_1, -1, TimeUsed, 0, 0.341489702
mt19937_1, -1, Score, 0, 23.51653107004533
mt19937_1, -1, TimeBudget, 0, 12
mt19937_1, -1, ChosenN, 0, 7.2e+07
mt19937_1, -1, TimeUsed, 0, 3.222588514
mt19937_1, -1, Score, 0, 26.10149357076649
mt19937_1, -1, TimeBudget, 0, 22
mt19937_1, -1, ChosenN, 0, 1.32e+08
mt19937_1, -1, TimeUsed, 0, 3.746173547
mt19937_1, -1, Score, 0, 26.97596268868263
mt19937_1, -1, TimeBudget, 0, 32
mt19937_1, -1, ChosenN, 0, 1.92e+08
mt19937_1, -1, TimeUsed, 0, 7.704209968
mt19937_1, -1, Score, 0, 27.51653107004533
mt19937_1, -1, TimeBudget, 0, 42
mt19937_1, -1, ChosenN, 0, 2.52e+08
mt19937_1, -1, TimeUsed, 0, 8.183391685
mt19937_1, -1, Score, 0, 27.90884849282409
mt19937_1, -1, TimeBudget, 0, 52
mt19937_1, -1, ChosenN, 0, 3.12e+08
mt19937_1, -1, TimeUsed, 0, 16.085256732
mt19937_1, -1, Score, 0, 28.21697078818642
mt19937_1, -1, TimeBudget, 0, 62
mt19937_1, -1, ChosenN, 0, 3.72e+08
mt19937_1, -1, TimeUsed, 0, 16.449075421
mt19937_1, -1, Score, 0, 28.4707273804322
mt19937_1, -1, TimeBudget, 0, 72
mt19937_1, -1, ChosenN, 0, 4.32e+08
mt19937_1, -1, TimeUsed, 0, 17.276037214
mt19937_1, -1, Score, 0, 28.68645607148764
mt19937_1, -1, TimeBudget, 0, 82
mt19937_1, -1, ChosenN, 0, 4.92e+08
mt19937_1, -1, TimeUsed, 0, 17.554391267
mt19937_1, -1, Score, 0, 28.87408307466341
mt19937_1, -1, TimeBudget, 0, 92
mt19937_1, -1, ChosenN, 0, 5.52e+08
mt19937_1, -1, TimeUsed, 0, 19.049519252
mt19937_1, -1, Score, 0, 29.04009302610234
mt19937_1, -1, TimeBudget, 0, 102
mt19937_1, -1, ChosenN, 0, 7.14e+08
mt19937_1, -1, TimeUsed, 0, 19.926990744
mt19937_1, -1, Score, 0, 29.41134883335328
mt19937_1, -1, TimeBudget, 0, 112
mt19937_1, -1, ChosenN, 0, 7.84e+08
mt19937_1, -1, TimeUsed, 0, 20.774522475
mt19937_1, -1, Score, 0, 29.54627841343938
mt19937_1, -1, TimeBudget, 0, 122
mt19937_1, -1, ChosenN, 0, 8.54e+08
mt19937_1, -1, TimeUsed, 0, 21.23813072
mt19937_1, -1, Score, 0, 29.66966082894466
mt19937_1, -1, TimeBudget, 0, 132
mt19937_1, -1, ChosenN, 0, 9.24e+08
mt19937_1, -1, TimeUsed, 0, 22.247809853
mt19937_1, -1, Score, 0, 29.78331761074023
mt19937_1, -1, TimeBudget, 0, 142
mt19937_1, -1, ChosenN, 0, 9.94e+08
mt19937_1, -1, TimeUsed, 0, 23.187739453
mt19937_1, -1, Score, 0, 29.88867061088646
mt19937_1, -1, TimeBudget, 0, 152
mt19937_1, -1, ChosenN, 0, 1.064e+09
mt19937_1, -1, TimeUsed, 0, 23.858777425
mt19937_1, -1, Score, 0, 29.98685100482537
mt19937_1, -1, TimeBudget, 0, 162
mt19937_1, -1, ChosenN, 0, 1.134e+09
mt19937_1, -1, TimeUsed, 0, 24.058928549
mt19937_1, -1, Score, 0, 30.0787734942664
mt19937_1, -1, TimeBudget, 0, 172
mt19937_1, -1, ChosenN, 0, 1.204e+09
mt19937_1, -1, TimeUsed, 0, 24.947926167
mt19937_1, -1, Score, 0, 30.16518824608388
