mt19937_1, -1, TimeBudget, 0, 2
mt19937_1, -1, ChosenN, 0, 2.32e+07
mt19937_1, -1, TimeUsed, 0, 1.298630855
mt19937_1, -1, Score, 0, 24.46762146956438
mt19937_1, -1, TimeBudget, 0, 3
mt19937_1, -1, ChosenN, 0, 3.48e+07
mt19937_1, -1, TimeUsed, 0, 2.170765598
mt19937_1, -1, Score, 0, 25.05258397028554
mt19937_1, -1, TimeBudget, 0, 4
mt19937_1, -1, ChosenN, 0, 4.64e+07
mt19937_1, -1, TimeUsed, 0, 2.698295591
mt19937_1, -1, Score, 0, 25.46762146956438
mt19937_1, -1, TimeBudget, 0, 5
mt19937_1, -1, ChosenN, 0, 5.8e+07
mt19937_1, -1, TimeUsed, 0, 2.989970259
mt19937_1, -1, Score, 0, 25.78954956445174
mt19937_1, -1, TimeBudget, 0, 6
mt19937_1, -1, ChosenN, 0, 6.96e+07
mt19937_1, -1, TimeUsed, 0, 4.809293483
mt19937_1, -1, Score, 0, 26.05258397028554
mt19937_1, -1, TimeBudget, 0, 7
mt19937_1, -1, ChosenN, 0, 8.12e+07
mt19937_1, -1, TimeUsed, 0, 5.62258526
mt19937_1, -1, Score, 0, 26.27497639162199
mt19937_1, -1, TimeBudget, 0, 8
mt19937_1, -1, ChosenN, 0, 9.28e+07
mt19937_1, -1, TimeUsed, 0, 6.180724525
mt19937_1, -1, Score, 0, 26.46762146956438
mt19937_1, -1, TimeBudget, 0, 9
mt19937_1, -1, ChosenN, 0, 1.044e+08
mt19937_1, -1, TimeUsed, 0, 6.759807356
mt19937_1, -1, Score, 0, 26.6375464710067
mt19937_1, -1, TimeBudget, 0, 10
mt19937_1, -1, ChosenN, 0, 1.16e+08
mt19937_1, -1, TimeUsed, 0, 6.881263422
mt19937_1, -1, Score, 0, 26.78954956445175
mt19937_1, -1, TimeBudget, 0, 11
mt19937_1, -1, ChosenN, 0, 1.276e+08
mt19937_1, -1, TimeUsed, 0, 7.41626826
mt19937_1, -1, Score, 0, 26.92705308820168
mt19937_1, -1, TimeBudget, 0, 12
mt19937_1, -1, ChosenN, 0, 1.392e+08
mt19937_1, -1, TimeUsed, 0, 10.185138837
mt19937_1, -1, Score, 0, 27.05258397028554
mt19937_1, -1, TimeBudget, 0, 13
mt19937_1, -1, ChosenN, 0, 1.508e+08
mt19937_1, -1, TimeUsed, 0, 11.083381268
mt19937_1, -1, Score, 0, 27.16806118770548
mt19937_1, -1, TimeBudget, 0, 14
mt19937_1, -1, ChosenN, 0, 1.624e+08
mt19937_1, -1, TimeUsed, 0, 12.28455106
mt19937_1, -1, Score, 0, 27.27497639162199
mt19937_1, -1, TimeBudget, 0, 15
mt19937_1, -1, ChosenN, 0, 1.74e+08
mt19937_1, -1, TimeUsed, 0, 12.442068395
mt19937_1, -1, Score, 0, 27.3745120651729
mt19937_1, -1, TimeBudget, 0, 16
mt19937_1, -1, ChosenN, 0, 1.856e+08
mt19937_1, -1, TimeUsed, 0, 11.837645229
mt19937_1, -1, Score, 0, 27.46762146956438
mt19937_1, -1, TimeBudget, 0, 17
mt19937_1, -1, ChosenN, 0, 1.972e+08
mt19937_1, -1, TimeUsed, 0, 13.815172023
mt19937_1, -1, Score, 0, 27.55508431081472
mt19937_1, -1, TimeBudget, 0, 18
mt19937_1, -1, ChosenN, 0, 2.088e+08
mt19937_1, -1, TimeUsed, 0, 13.469217229
mt19937_1, -1, Score, 0, 27.6375464710067
mt19937_1, -1, TimeBudget, 0, 19
mt19937_1, -1, ChosenN, 0, 2.204e+08
mt19937_1, -1, TimeUsed, 0, 14.433151269
mt19937_1, -1, Score, 0, 27.71554898300797
mt19937_1, -1, TimeBudget, 0, 20
mt19937_1, -1, ChosenN, 0, 2.32e+08
mt19937_1, -1, TimeUsed, 0, 13.64717896
mt19937_1, -1, Score, 0, 27.78954956445175
mt19937_1, -1, TimeBudget, 0, 21
mt19937_1, -1, ChosenN, 0, 2.436e+08
mt19937_1, -1, TimeUsed, 0, 14.986558207
mt19937_1, -1, Score, 0, 27.85993889234314
mt19937_1, -1, TimeBudget, 0, 22
mt19937_1, -1, ChosenN, 0, 2.552e+08
mt19937_1, -1, TimeUsed, 0, 14.876337593
mt19937_1, -1, Score, 0, 27.92705308820168
mt19937_1, -1, TimeBudget, 0, 23
mt19937_1, -1, ChosenN, 0, 2.53e+08
mt19937_1, -1, TimeUsed, 0, 15.405397667
mt19937_1, -1, Score, 0, 27.91456214401849
mt19937_1, -1, TimeBudget, 0, 24
mt19937_1, -1, ChosenN, 0, 2.64e+08
mt19937_1, -1, TimeUsed, 0, 15.90534778
mt19937_1, -1, Score, 0, 27.97596268868263
mt19937_1, -1, TimeBudget, 0, 25
mt19937_1, -1, ChosenN, 0, 2.75e+08
mt19937_1, -1, TimeUsed, 0, 23.369402637
mt19937_1, -1, Score, 0, 28.0348563777362
mt19937_1, -1, TimeBudget, 0, 26
mt19937_1, -1, ChosenN, 0, 2.86e+08
mt19937_1, -1, TimeUsed, 0, 23.797921868
mt19937_1, -1, Score, 0, 28.09143990610256
mt19937_1, -1, TimeBudget, 0, 27
mt19937_1, -1, ChosenN, 0, 2.97e+08
mt19937_1, -1, TimeUsed, 0, 25.78606388
mt19937_1, -1, Score, 0, 28.14588769012494
mt19937_1, -1, TimeBudget, 0, 28
mt19937_1, -1, ChosenN, 0, 3.08e+08
mt19937_1, -1, TimeUsed, 0, 26.184032267
mt19937_1, -1, Score, 0, 28.19835511001908
mt19937_1, -1, TimeBudget, 0, 29
mt19937_1, -1, ChosenN, 0, 3.19e+08
mt19937_1, -1, TimeUsed, 0, 26.66538422
mt19937_1, -1, Score, 0, 28.24898118308904
mt19937_1, -1, TimeBudget, 0, 30
mt19937_1, -1, ChosenN, 0, 3.3e+08
mt19937_1, -1, TimeUsed, 0, 24.753340699
mt19937_1, -1, Score, 0, 28.29789078356999
mt19937_1, -1, TimeBudget, 0, 31
mt19937_1, -1, ChosenN, 0, 3.41e+08
mt19937_1, -1, TimeUsed, 0, 27.590420897
mt19937_1, -1, Score, 0, 28.34519649834835
mt19937_1, -1, TimeBudget, 0, 32
mt19937_1, -1, ChosenN, 0, 4.64e+08
mt19937_1, -1, TimeUsed, 0, 27.589287845
mt19937_1, -1, Score, 0, 28.78954956445175
mt19937_1, -1, TimeBudget, 0, 33
mt19937_1, -1, ChosenN, 0, 4.785e+08
mt19937_1, -1, TimeUsed, 0, 29.533206158
mt19937_1, -1, Score, 0, 28.8339436838102
mt19937_1, -1, TimeBudget, 0, 34
mt19937_1, -1, ChosenN, 0, 4.93e+08
mt19937_1, -1, TimeUsed, 0, 30.918823858
mt19937_1, -1, Score, 0, 28.87701240570209
mt19937_1, -1, TimeBudget, 0, 35
mt19937_1, -1, ChosenN, 0, 5.075e+08
mt19937_1, -1, TimeUsed, 0, 30.946051723
mt19937_1, -1, Score, 0, 28.91883258139671
mt19937_1, -1, TimeBudget, 0, 36
mt19937_1, -1, ChosenN, 0, 5.22e+08
mt19937_1, -1, TimeUsed, 0, 32.753518065
mt19937_1, -1, Score, 0, 28.95947456589406
mt19937_1, -1, TimeBudget, 0, 37
mt19937_1, -1, ChosenN, 0, 5.365e+08
mt19937_1, -1, TimeUsed, 0, 33.195256401
mt19937_1, -1, Score, 0, 28.9990029300807
mt19937_1, -1, TimeBudget, 0, 38
mt19937_1, -1, ChosenN, 0, 5.51e+08
mt19937_1, -1, TimeUsed, 0, 32.92217979
mt19937_1, -1, Score, 0, 29.03747707789534
mt19937_1, -1, TimeBudget, 0, 39
mt19937_1, -1, ChosenN, 0, 5.655e+08
mt19937_1, -1, TimeUsed, 0, 32.913812721
mt19937_1, -1, Score, 0, 29.074951783314
mt19937_1, -1, TimeBudget, 0, 40
mt19937_1, -1, ChosenN, 0, 5.8e+08
mt19937_1, -1, TimeUsed, 0, 32.121961103
mt19937_1, -1, Score, 0, 29.11147765933911
mt19937_1, -1, TimeBudget, 0, 41
mt19937_1, -1, ChosenN, 0, 7.38e+08
mt19937_1, -1, TimeUsed, 0, 37.893003349
mt19937_1, -1, Score, 0, 29.45904557538457
mt19937_1, -1, TimeBudget, 0, 42
mt19937_1, -1, ChosenN, 0, 7.56e+08
mt19937_1, -1, TimeUsed, 0, 38.12399918
mt19937_1, -1, Score, 0, 29.49381099354525
mt19937_1, -1, TimeBudget, 0, 43
mt19937_1, -1, ChosenN, 0, 7.74e+08
mt19937_1, -1, TimeUsed, 0, 40.623693796
mt19937_1, -1, Score, 0, 29.52775832546859
mt19937_1, -1, TimeBudget, 0, 44
mt19937_1, -1, ChosenN, 0, 7.92e+08
mt19937_1, -1, TimeUsed, 0, 42.222731443
mt19937_1, -1, Score, 0, 29.56092518940378
mt19937_1, -1, TimeBudget, 0, 45
mt19937_1, -1, ChosenN, 0, 8.1e+08
mt19937_1, -1, TimeUsed, 0, 41.061700289
mt19937_1, -1, Score, 0, 29.59334666709616
mt19937_1, -1, TimeBudget, 0, 46
mt19937_1, -1, ChosenN, 0, 8.28e+08
mt19937_1, -1, TimeUsed, 0, 39.675353041
mt19937_1, -1, Score, 0, 29.6250555268235
mt19937_1, -1, TimeBudget, 0, 47
mt19937_1, -1, ChosenN, 0, 8.46e+08
mt19937_1, -1, TimeUsed, 0, 41.411935048
mt19937_1, -1, Score, 0, 29.65608242244413
mt19937_1, -1, TimeBudget, 0, 48
mt19937_1, -1, ChosenN, 0, 8.64e+08
mt19937_1, -1, TimeUsed, 0, 42.322894286
mt19937_1, -1, Score, 0, 29.68645607148764
mt19937_1, -1, TimeBudget, 0, 49
mt19937_1, -1, ChosenN, 0, 8.82e+08
mt19937_1, -1, TimeUsed, 0, 43.011791642
mt19937_1, -1, Score, 0, 29.7162034148817
mt19937_1, -1, TimeBudget, 0, 50
mt19937_1, -1, ChosenN, 0, 9e+08
mt19937_1, -1, TimeUsed, 0, 42.45733314
mt19937_1, -1, Score, 0, 29.74534976054121
mt19937_1, -1, TimeBudget, 0, 51
mt19937_1, -1, ChosenN, 0, 9.18e+08
mt19937_1, -1, TimeUsed, 0, 43.894521929
mt19937_1, -1, Score, 0, 29.77391891273798
mt19937_1, -1, TimeBudget, 0, 52
mt19937_1, -1, ChosenN, 0, 9.36e+08
mt19937_1, -1, TimeUsed, 0, 44.601981184
mt19937_1, -1, Score, 0, 29.80193328890758
mt19937_1, -1, TimeBudget, 0, 53
mt19937_1, -1, ChosenN, 0, 9.54e+08
mt19937_1, -1, TimeUsed, 0, 45.904497793
mt19937_1, -1, Score, 0, 29.82941402532969
mt19937_1, -1, TimeBudget, 0, 54
mt19937_1, -1, ChosenN, 0, 9.72e+08
mt19937_1, -1, TimeUsed, 0, 46.636636665
mt19937_1, -1, Score, 0, 29.85638107292995
mt19937_1, -1, TimeBudget, 0, 55
mt19937_1, -1, ChosenN, 0, 9.9e+08
mt19937_1, -1, TimeUsed, 0, 47.393418599
mt19937_1, -1, Score, 0, 29.88285328429115
mt19937_1, -1, TimeBudget, 0, 56
mt19937_1, -1, ChosenN, 0, 1.008e+09
mt19937_1, -1, TimeUsed, 0, 48.674949484
mt19937_1, -1, Score, 0, 29.90884849282409
mt19937_1, -1, TimeBudget, 0, 57
mt19937_1, -1, ChosenN, 0, 1.026e+09
mt19937_1, -1, TimeUsed, 0, 48.918260067
mt19937_1, -1, Score, 0, 29.93438358493123
mt19937_1, -1, TimeBudget, 0, 58
mt19937_1, -1, ChosenN, 0, 1.044e+09
mt19937_1, -1, TimeUsed, 0, 51.583356251
mt19937_1, -1, Score, 0, 29.95947456589406
mt19937_1, -1, TimeBudget, 0, 59
mt19937_1, -1, ChosenN, 0, 1.062e+09
mt19937_1, -1, TimeUsed, 0, 51.474960152
mt19937_1, -1, Score, 0, 29.98413662012833
mt19937_1, -1, TimeBudget, 0, 60
mt19937_1, -1, ChosenN, 0, 1.08e+09
mt19937_1, -1, TimeUsed, 0, 50.686635467
mt19937_1, -1, Score, 0, 30.00838416637501
mt19937_1, -1, TimeBudget, 0, 61
mt19937_1, -1, ChosenN, 0, 1.098e+09
mt19937_1, -1, TimeUsed, 0, 51.689914882
mt19937_1, -1, Score, 0, 30.03223090832937
mt19937_1, -1, TimeBudget, 0, 62
mt19937_1, -1, ChosenN, 0, 1.116e+09
mt19937_1, -1, TimeUsed, 0, 52.389617353
mt19937_1, -1, Score, 0, 30.05568988115336
mt19937_1, -1, TimeBudget, 0, 63
mt19937_1, -1, ChosenN, 0, 1.134e+09
mt19937_1, -1, TimeUsed, 0, 53.358414372
mt19937_1, -1, Score, 0, 30.0787734942664
mt19937_1, -1, TimeBudget, 0, 64
mt19937_1, -1, ChosenN, 0, 1.152e+09
mt19937_1, -1, TimeUsed, 0, 53.904492848
mt19937_1, -1, Score, 0, 30.10149357076649
mt19937_1, -1, TimeBudget, 0, 65
mt19937_1, -1, ChosenN, 0, 1.17e+09
mt19937_1, -1, TimeUsed, 0, 54.909836947
mt19937_1, -1, Score, 0, 30.12386138379494
mt19937_1, -1, TimeBudget, 0, 66
mt19937_1, -1, ChosenN, 0, 1.188e+09
mt19937_1, -1, TimeUsed, 0, 56.160146664
mt19937_1, -1, Score, 0, 30.14588769012494
mt19937_1, -1, TimeBudget, 0, 67
mt19937_1, -1, ChosenN, 0, 1.206e+09
mt19937_1, -1, TimeUsed, 0, 57.002034621
mt19937_1, -1, Score, 0, 30.16758276122426
mt19937_1, -1, TimeBudget, 0, 68
mt19937_1, -1, ChosenN, 0, 1.224e+09
mt19937_1, -1, TimeUsed, 0, 58.119734391
mt19937_1, -1, Score, 0, 30.18895641201683
mt19937_1, -1, TimeBudget, 0, 69
mt19937_1, -1, ChosenN, 0, 1.242e+09
mt19937_1, -1, TimeUsed, 0, 58.920990932
mt19937_1, -1, Score, 0, 30.21001802754466
mt19937_1, -1, TimeBudget, 0, 70
mt19937_1, -1, ChosenN, 0, 1.26e+09
mt19937_1, -1, TimeUsed, 0, 60.253350908
mt19937_1, -1, Score, 0, 30.23077658771145
mt19937_1, -1, TimeBudget, 0, 71
mt19937_1, -1, ChosenN, 0, 1.278e+09
mt19937_1, -1, TimeUsed, 0, 65.87941965500001
mt19937_1, -1, Score, 0, 30.25124069027117
mt19937_1, -1, TimeBudget, 0, 72
mt19937_1, -1, ChosenN, 0, 1.296e+09
mt19937_1, -1, TimeUsed, 0, 60.778041867
mt19937_1, -1, Score, 0, 30.2714185722088
mt19937_1, -1, TimeBudget, 0, 73
mt19937_1, -1, ChosenN, 0, 1.314e+09
mt19937_1, -1, TimeUsed, 0, 62.2911164
mt19937_1, -1, Score, 0, 30.2913181296465
mt19937_1, -1, TimeBudget, 0, 74
mt19937_1, -1, ChosenN, 0, 1.332e+09
mt19937_1, -1, TimeUsed, 0, 63.037386706
mt19937_1, -1, Score, 0, 30.31094693639544
mt19937_1, -1, TimeBudget, 0, 75
mt19937_1, -1, ChosenN, 0, 1.35e+09
mt19937_1, -1, TimeUsed, 0, 64.11774376
mt19937_1, -1, Score, 0, 30.33031226126237
mt19937_1, -1, TimeBudget, 0, 76
mt19937_1, -1, ChosenN, 0, 1.368e+09
mt19937_1, -1, TimeUsed, 0, 64.84639995000001
mt19937_1, -1, Score, 0, 30.34942108421007
mt19937_1, -1, TimeBudget, 0, 77
mt19937_1, -1, ChosenN, 0, 1.386e+09
mt19937_1, -1, TimeUsed, 0, 65.67162420299999
mt19937_1, -1, Score, 0, 30.36828011146139
mt19937_1, -1, TimeBudget, 0, 78
mt19937_1, -1, ChosenN, 0, 1.404e+09
mt19937_1, -1, TimeUsed, 0, 66.911994318
mt19937_1, -1, Score, 0, 30.38689578962873
mt19937_1, -1, TimeBudget, 0, 79
mt19937_1, -1, ChosenN, 0, 1.422e+09
mt19937_1, -1, TimeUsed, 0, 67.683593743
mt19937_1, -1, Score, 0, 30.40527431894359
mt19937_1, -1, TimeBudget, 0, 80
mt19937_1, -1, ChosenN, 0, 1.44e+09
mt19937_1, -1, TimeUsed, 0, 66.663243511
mt19937_1, -1, Score, 0, 30.42342166565385
