mt19937_1, -1, TimeBudget, 0, 2
mt19937_1, -1, ChosenN, 0, 2.32e+07
mt19937_1, -1, TimeUsed, 0, 1.264169389
mt19937_1, -1, Score, 0, 24.46762146956438
mt19937_1, -1, TimeBudget, 0, 12
mt19937_1, -1, ChosenN, 0, 1.392e+08
mt19937_1, -1, TimeUsed, 0, 11.274959695
mt19937_1, -1, Score, 0, 27.05258397028554
mt19937_1, -1, TimeBudget, 0, 22
mt19937_1, -1, ChosenN, 0, 2.552e+08
mt19937_1, -1, TimeUsed, 0, 15.96613267
mt19937_1, -1, Score, 0, 27.92705308820168
mt19937_1, -1, TimeBudget, 0, 32
mt19937_1, -1, ChosenN, 0, 4.64e+08
mt19937_1, -1, TimeUsed, 0, 28.507712816
mt19937_1, -1, Score, 0, 28.78954956445175
mt19937_1, -1, TimeBudget, 0, 42
mt19937_1, -1, ChosenN, 0, 7.56e+08
mt19937_1, -1, TimeUsed, 0, 37.020226983
mt19937_1, -1, Score, 0, 29.49381099354525
mt19937_1, -1, TimeBudget, 0, 52
mt19937_1, -1, ChosenN, 0, 9.36e+08
mt19937_1, -1, TimeUsed, 0, 44.129889255
mt19937_1, -1, Score, 0, 29.80193328890758
mt19937_1, -1, TimeBudget, 0, 62
mt19937_1, -1, ChosenN, 0, 1.24e+09
mt19937_1, -1, TimeUsed, 0, 62.205322847
mt19937_1, -1, Score, 0, 11.07604831437598
mt19937_1, -1, TimeBudget, 0, 72
mt19937_1, -1, ChosenN, 0, 1.44e+09
mt19937_1, -1, TimeUsed, 0, 66.59184199400001
mt19937_1, -1, Score, 0, 30.42342166565385
mt19937_1, -1, TimeBudget, 0, 82
mt19937_1, -1, ChosenN, 0, 1.64e+09
mt19937_1, -1, TimeUsed, 0, 77.269279415
mt19937_1, -1, Score, 0, 30.61104866882962
mt19937_1, -1, TimeBudget, 0, 92
mt19937_1, -1, ChosenN, 0, 1.84e+09
mt19937_1, -1, TimeUsed, 0, 85.072068464
mt19937_1, -1, Score, 0, 30.77705862026855
mt19937_1, -1, TimeBudget, 0, 102
mt19937_1, -1, ChosenN, 0, 2.04e+09
mt19937_1, -1, TimeUsed, 0, 94.68174227599999
mt19937_1, -1, Score, 0, 30.92592200618304
mt19937_1, -1, TimeBudget, 0, 112
mt19937_1, -1, ChosenN, 0, 2.24e+09
mt19937_1, -1, TimeUsed, 0, 104.105776963
mt19937_1, -1, Score, 0, 31.06085158626914
mt19937_1, -1, TimeBudget, 0, 122
mt19937_1, -1, ChosenN, 0, 2.44e+09
mt19937_1, -1, TimeUsed, 0, 114.316873512
mt19937_1, -1, Score, 0, 31.18423400177442
mt19937_1, -1, TimeBudget, 0, 132
mt19937_1, -1, ChosenN, 0, 2.64e+09
mt19937_1, -1, TimeUsed, 0, 123.515226868
mt19937_1, -1, Score, 0, 31.29789078356999
mt19937_1, -1, TimeBudget, 0, 142
mt19937_1, -1, ChosenN, 0, 2.84e+09
mt19937_1, -1, TimeUsed, 0, 132.629274024
mt19937_1, -1, Score, 0, 31.40324378371622
mt19937_1, -1, TimeBudget, 0, 152
mt19937_1, -1, ChosenN, 0, 3.04e+09
mt19937_1, -1, TimeUsed, 0, 141.684255305
mt19937_1, -1, Score, 0, 31.50142417765512
mt19937_1, -1, TimeBudget, 0, 162
mt19937_1, -1, ChosenN, 0, 3.24e+09
mt19937_1, -1, TimeUsed, 0, 150.328563782
mt19937_1, -1, Score, 0, 31.59334666709616
mt19937_1, -1, TimeBudget, 0, 172
mt19937_1, -1, ChosenN, 0, 3.44e+09
mt19937_1, -1, TimeUsed, 0, 159.842116516
mt19937_1, -1, Score, 0, 31.67976141891363
