mt19937_1, -1, TimeBudget, 0, 2
mt19937_1, -1, ChosenN, 0, 2.32e+07
mt19937_1, -1, TimeUsed, 0, 1.347204921
mt19937_1, -1, Score, 0, 24.46762146956438
mt19937_1, -1, TimeBudget, 0, 3
mt19937_1, -1, ChosenN, 0, 3.48e+07
mt19937_1, -1, TimeUsed, 0, 2.182520594
mt19937_1, -1, Score, 0, 25.05258397028554
mt19937_1, -1, TimeBudget, 0, 4
mt19937_1, -1, ChosenN, 0, 4.64e+07
mt19937_1, -1, TimeUsed, 0, 2.551904482
mt19937_1, -1, Score, 0, 25.46762146956438
mt19937_1, -1, TimeBudget, 0, 5
mt19937_1, -1, ChosenN, 0, 5.8e+07
mt19937_1, -1, TimeUsed, 0, 3.017323881
mt19937_1, -1, Score, 0, 25.78954956445174
mt19937_1, -1, TimeBudget, 0, 6
mt19937_1, -1, ChosenN, 0, 6.96e+07
mt19937_1, -1, TimeUsed, 0, 5.30691302
mt19937_1, -1, Score, 0, 26.05258397028554
mt19937_1, -1, TimeBudget, 0, 7
mt19937_1, -1, ChosenN, 0, 8.12e+07
mt19937_1, -1, TimeUsed, 0, 5.205959171
mt19937_1, -1, Score, 0, 26.27497639162199
mt19937_1, -1, TimeBudget, 0, 8
mt19937_1, -1, ChosenN, 0, 9.28e+07
mt19937_1, -1, TimeUsed, 0, 5.736427059
mt19937_1, -1, Score, 0, 26.46762146956438
mt19937_1, -1, TimeBudget, 0, 9
mt19937_1, -1, ChosenN, 0, 1.044e+08
mt19937_1, -1, TimeUsed, 0, 6.087585704
mt19937_1, -1, Score, 0, 26.6375464710067
mt19937_1, -1, TimeBudget, 0, 10
mt19937_1, -1, ChosenN, 0, 1.16e+08
mt19937_1, -1, TimeUsed, 0, 6.116153319
mt19937_1, -1, Score, 0, 26.78954956445175
mt19937_1, -1, TimeBudget, 0, 11
mt19937_1, -1, ChosenN, 0, 1.276e+08
mt19937_1, -1, TimeUsed, 0, 6.874888195
mt19937_1, -1, Score, 0, 26.92705308820168
mt19937_1, -1, TimeBudget, 0, 12
mt19937_1, -1, ChosenN, 0, 1.392e+08
mt19937_1, -1, TimeUsed, 0, 10.761073941
mt19937_1, -1, Score, 0, 27.05258397028554
mt19937_1, -1, TimeBudget, 0, 13
mt19937_1, -1, ChosenN, 0, 1.508e+08
mt19937_1, -1, TimeUsed, 0, 11.15026399
mt19937_1, -1, Score, 0, 27.16806118770548
mt19937_1, -1, TimeBudget, 0, 14
mt19937_1, -1, ChosenN, 0, 1.624e+08
mt19937_1, -1, TimeUsed, 0, 11.809614622
mt19937_1, -1, Score, 0, 27.27497639162199
mt19937_1, -1, TimeBudget, 0, 15
mt19937_1, -1, ChosenN, 0, 1.74e+08
mt19937_1, -1, TimeUsed, 0, 12.103060955
mt19937_1, -1, Score, 0, 27.3745120651729
mt19937_1, -1, TimeBudget, 0, 16
mt19937_1, -1, ChosenN, 0, 1.856e+08
mt19937_1, -1, TimeUsed, 0, 12.655524421
mt19937_1, -1, Score, 0, 27.46762146956438
mt19937_1, -1, TimeBudget, 0, 17
mt19937_1, -1, ChosenN, 0, 1.972e+08
mt19937_1, -1, TimeUsed, 0, 13.897745596
mt19937_1, -1, Score, 0, 27.55508431081472
mt19937_1, -1, TimeBudget, 0, 18
mt19937_1, -1, ChosenN, 0, 2.088e+08
mt19937_1, -1, TimeUsed, 0, 13.336382211
mt19937_1, -1, Score, 0, 27.6375464710067
mt19937_1, -1, TimeBudget, 0, 19
mt19937_1, -1, ChosenN, 0, 2.204e+08
mt19937_1, -1, TimeUsed, 0, 13.738427443
mt19937_1, -1, Score, 0, 27.71554898300797
mt19937_1, -1, TimeBudget, 0, 20
mt19937_1, -1, ChosenN, 0, 2.32e+08
mt19937_1, -1, TimeUsed, 0, 14.317071466
mt19937_1, -1, Score, 0, 27.78954956445175
mt19937_1, -1, TimeBudget, 0, 21
mt19937_1, -1, ChosenN, 0, 2.436e+08
mt19937_1, -1, TimeUsed, 0, 15.043872518
mt19937_1, -1, Score, 0, 27.85993889234314
mt19937_1, -1, TimeBudget, 0, 22
mt19937_1, -1, ChosenN, 0, 2.552e+08
mt19937_1, -1, TimeUsed, 0, 14.697236916
mt19937_1, -1, Score, 0, 27.92705308820168
mt19937_1, -1, TimeBudget, 0, 23
mt19937_1, -1, ChosenN, 0, 2.53e+08
mt19937_1, -1, TimeUsed, 0, 15.639230492
mt19937_1, -1, Score, 0, 27.91456214401849
mt19937_1, -1, TimeBudget, 0, 24
mt19937_1, -1, ChosenN, 0, 2.64e+08
mt19937_1, -1, TimeUsed, 0, 15.699974253
mt19937_1, -1, Score, 0, 27.97596268868263
mt19937_1, -1, TimeBudget, 0, 25
mt19937_1, -1, ChosenN, 0, 2.75e+08
mt19937_1, -1, TimeUsed, 0, 24.844971007
mt19937_1, -1, Score, 0, 28.0348563777362
mt19937_1, -1, TimeBudget, 0, 26
mt19937_1, -1, ChosenN, 0, 2.86e+08
mt19937_1, -1, TimeUsed, 0, 25.642581965
mt19937_1, -1, Score, 0, 28.09143990610256
mt19937_1, -1, TimeBudget, 0, 27
mt19937_1, -1, ChosenN, 0, 2.97e+08
mt19937_1, -1, TimeUsed, 0, 27.044384484
mt19937_1, -1, Score, 0, 10.33728630725107
mt19937_1, -1, TimeBudget, 0, 28
mt19937_1, -1, ChosenN, 0, 3.08e+08
mt19937_1, -1, TimeUsed, 0, 25.197769784
mt19937_1, -1, Score, 0, 28.19835511001908
mt19937_1, -1, TimeBudget, 0, 29
mt19937_1, -1, ChosenN, 0, 3.19e+08
mt19937_1, -1, TimeUsed, 0, 25.934363691
mt19937_1, -1, Score, 0, 28.24898118308904
mt19937_1, -1, TimeBudget, 0, 30
mt19937_1, -1, ChosenN, 0, 3.3e+08
mt19937_1, -1, TimeUsed, 0, 27.252454711
mt19937_1, -1, Score, 0, 28.29789078356999
mt19937_1, -1, TimeBudget, 0, 31
mt19937_1, -1, ChosenN, 0, 3.41e+08
mt19937_1, -1, TimeUsed, 0, 25.165172967
mt19937_1, -1, Score, 0, 28.34519649834835
mt19937_1, -1, TimeBudget, 0, 32
mt19937_1, -1, ChosenN, 0, 4.64e+08
mt19937_1, -1, TimeUsed, 0, 29.584156442
mt19937_1, -1, Score, 0, 28.78954956445175
mt19937_1, -1, TimeBudget, 0, 33
mt19937_1, -1, ChosenN, 0, 4.785e+08
mt19937_1, -1, TimeUsed, 0, 29.750857795
mt19937_1, -1, Score, 0, 28.8339436838102
mt19937_1, -1, TimeBudget, 0, 34
mt19937_1, -1, ChosenN, 0, 4.93e+08
mt19937_1, -1, TimeUsed, 0, 29.981337915
mt19937_1, -1, Score, 0, 28.87701240570209
mt19937_1, -1, TimeBudget, 0, 35
mt19937_1, -1, ChosenN, 0, 5.075e+08
mt19937_1, -1, TimeUsed, 0, 30.679451911
mt19937_1, -1, Score, 0, 28.91883258139671
mt19937_1, -1, TimeBudget, 0, 36
mt19937_1, -1, ChosenN, 0, 5.22e+08
mt19937_1, -1, TimeUsed, 0, 31.034579399
mt19937_1, -1, Score, 0, 28.95947456589406
mt19937_1, -1, TimeBudget, 0, 37
mt19937_1, -1, ChosenN, 0, 5.365e+08
mt19937_1, -1, TimeUsed, 0, 32.344091955
mt19937_1, -1, Score, 0, 28.9990029300807
mt19937_1, -1, TimeBudget, 0, 38
mt19937_1, -1, ChosenN, 0, 5.51e+08
mt19937_1, -1, TimeUsed, 0, 32.699469585
mt19937_1, -1, Score, 0, 29.03747707789534
mt19937_1, -1, TimeBudget, 0, 39
mt19937_1, -1, ChosenN, 0, 5.655e+08
mt19937_1, -1, TimeUsed, 0, 35.94006609
mt19937_1, -1, Score, 0, 29.074951783314
mt19937_1, -1, TimeBudget, 0, 40
mt19937_1, -1, ChosenN, 0, 5.8e+08
mt19937_1, -1, TimeUsed, 0, 35.993372182
mt19937_1, -1, Score, 0, 29.11147765933911
mt19937_1, -1, TimeBudget, 0, 41
mt19937_1, -1, ChosenN, 0, 7.38e+08
mt19937_1, -1, TimeUsed, 0, 36.315423421
mt19937_1, -1, Score, 0, 29.45904557538457
mt19937_1, -1, TimeBudget, 0, 42
mt19937_1, -1, ChosenN, 0, 7.56e+08
mt19937_1, -1, TimeUsed, 0, 37.381483338
mt19937_1, -1, Score, 0, 29.49381099354525
mt19937_1, -1, TimeBudget, 0, 43
mt19937_1, -1, ChosenN, 0, 7.74e+08
mt19937_1, -1, TimeUsed, 0, 41.91439619
mt19937_1, -1, Score, 0, 29.52775832546859
mt19937_1, -1, TimeBudget, 0, 44
mt19937_1, -1, ChosenN, 0, 7.92e+08
mt19937_1, -1, TimeUsed, 0, 39.866016277
mt19937_1, -1, Score, 0, 29.56092518940378
mt19937_1, -1, TimeBudget, 0, 45
mt19937_1, -1, ChosenN, 0, 8.1e+08
mt19937_1, -1, TimeUsed, 0, 40.266147596
mt19937_1, -1, Score, 0, 29.59334666709616
mt19937_1, -1, TimeBudget, 0, 46
mt19937_1, -1, ChosenN, 0, 8.28e+08
mt19937_1, -1, TimeUsed, 0, 41.138982782
mt19937_1, -1, Score, 0, 29.6250555268235
mt19937_1, -1, TimeBudget, 0, 47
mt19937_1, -1, ChosenN, 0, 8.46e+08
mt19937_1, -1, TimeUsed, 0, 44.606562626
mt19937_1, -1, Score, 0, 29.65608242244413
mt19937_1, -1, TimeBudget, 0, 48
mt19937_1, -1, ChosenN, 0, 8.64e+08
mt19937_1, -1, TimeUsed, 0, 41.757326875
mt19937_1, -1, Score, 0, 29.68645607148764
mt19937_1, -1, TimeBudget, 0, 49
mt19937_1, -1, ChosenN, 0, 8.82e+08
mt19937_1, -1, TimeUsed, 0, 42.433347242
mt19937_1, -1, Score, 0, 29.7162034148817
mt19937_1, -1, TimeBudget, 0, 50
mt19937_1, -1, ChosenN, 0, 9e+08
mt19937_1, -1, TimeUsed, 0, 44.066715117
mt19937_1, -1, Score, 0, 29.74534976054121
mt19937_1, -1, TimeBudget, 0, 51
mt19937_1, -1, ChosenN, 0, 9.18e+08
mt19937_1, -1, TimeUsed, 0, 44.188901924
mt19937_1, -1, Score, 0, 29.77391891273798
mt19937_1, -1, TimeBudget, 0, 52
mt19937_1, -1, ChosenN, 0, 9.36e+08
mt19937_1, -1, TimeUsed, 0, 45.226992964
mt19937_1, -1, Score, 0, 29.80193328890758
mt19937_1, -1, TimeBudget, 0, 53
mt19937_1, -1, ChosenN, 0, 9.54e+08
mt19937_1, -1, TimeUsed, 0, 47.694403256
mt19937_1, -1, Score, 0, 29.82941402532969
mt19937_1, -1, TimeBudget, 0, 54
mt19937_1, -1, ChosenN, 0, 9.72e+08
mt19937_1, -1, TimeUsed, 0, 47.6651982
mt19937_1, -1, Score, 0, 29.85638107292995
mt19937_1, -1, TimeBudget, 0, 55
mt19937_1, -1, ChosenN, 0, 9.9e+08
mt19937_1, -1, TimeUsed, 0, 48.075830298
mt19937_1, -1, Score, 0, 29.88285328429115
mt19937_1, -1, TimeBudget, 0, 56
mt19937_1, -1, ChosenN, 0, 1.008e+09
mt19937_1, -1, TimeUsed, 0, 49.776639655
mt19937_1, -1, Score, 0, 29.90884849282409
mt19937_1, -1, TimeBudget, 0, 57
mt19937_1, -1, ChosenN, 0, 1.026e+09
mt19937_1, -1, TimeUsed, 0, 49.681247743
mt19937_1, -1, Score, 0, 29.93438358493123
mt19937_1, -1, TimeBudget, 0, 58
mt19937_1, -1, ChosenN, 0, 1.044e+09
mt19937_1, -1, TimeUsed, 0, 50.878038986
mt19937_1, -1, Score, 0, 29.95947456589406
mt19937_1, -1, TimeBudget, 0, 59
mt19937_1, -1, ChosenN, 0, 1.062e+09
mt19937_1, -1, TimeUsed, 0, 51.461068928
mt19937_1, -1, Score, 0, 29.98413662012833
mt19937_1, -1, TimeBudget, 0, 60
mt19937_1, -1, ChosenN, 0, 1.08e+09
mt19937_1, -1, TimeUsed, 0, 50.828725687
mt19937_1, -1, Score, 0, 30.00838416637501
mt19937_1, -1, TimeBudget, 0, 61
mt19937_1, -1, ChosenN, 0, 1.098e+09
mt19937_1, -1, TimeUsed, 0, 51.766474028
mt19937_1, -1, Score, 0, 30.03223090832937
mt19937_1, -1, TimeBudget, 0, 62
mt19937_1, -1, ChosenN, 0, 1.116e+09
mt19937_1, -1, TimeUsed, 0, 53.116519749
mt19937_1, -1, Score, 0, 30.05568988115336
mt19937_1, -1, TimeBudget, 0, 63
mt19937_1, -1, ChosenN, 0, 1.134e+09
mt19937_1, -1, TimeUsed, 0, 59.333455658
mt19937_1, -1, Score, 0, 30.0787734942664
mt19937_1, -1, TimeBudget, 0, 64
mt19937_1, -1, ChosenN, 0, 1.152e+09
mt19937_1, -1, TimeUsed, 0, 54.804838599
mt19937_1, -1, Score, 0, 30.10149357076649
mt19937_1, -1, TimeBudget, 0, 65
mt19937_1, -1, ChosenN, 0, 1.17e+09
mt19937_1, -1, TimeUsed, 0, 55.07741785
mt19937_1, -1, Score, 0, 30.12386138379494
mt19937_1, -1, TimeBudget, 0, 66
mt19937_1, -1, ChosenN, 0, 1.188e+09
mt19937_1, -1, TimeUsed, 0, 57.159648269
mt19937_1, -1, Score, 0, 30.14588769012494
mt19937_1, -1, TimeBudget, 0, 67
mt19937_1, -1, ChosenN, 0, 1.206e+09
mt19937_1, -1, TimeUsed, 0, 58.4225045
mt19937_1, -1, Score, 0, 30.16758276122426
mt19937_1, -1, TimeBudget, 0, 68
mt19937_1, -1, ChosenN, 0, 1.224e+09
mt19937_1, -1, TimeUsed, 0, 58.423813497
mt19937_1, -1, Score, 0, 30.18895641201683
mt19937_1, -1, TimeBudget, 0, 69
mt19937_1, -1, ChosenN, 0, 1.242e+09
mt19937_1, -1, TimeUsed, 0, 59.528213513
mt19937_1, -1, Score, 0, 30.21001802754466
mt19937_1, -1, TimeBudget, 0, 70
mt19937_1, -1, ChosenN, 0, 1.26e+09
mt19937_1, -1, TimeUsed, 0, 60.428604899
mt19937_1, -1, Score, 0, 30.23077658771145
mt19937_1, -1, TimeBudget, 0, 71
mt19937_1, -1, ChosenN, 0, 1.278e+09
mt19937_1, -1, TimeUsed, 0, 60.953936331
mt19937_1, -1, Score, 0, 30.25124069027117
mt19937_1, -1, TimeBudget, 0, 72
mt19937_1, -1, ChosenN, 0, 1.296e+09
mt19937_1, -1, TimeUsed, 0, 62.067698197
mt19937_1, -1, Score, 0, 30.2714185722088
mt19937_1, -1, TimeBudget, 0, 73
mt19937_1, -1, ChosenN, 0, 1.314e+09
mt19937_1, -1, TimeUsed, 0, 63.064359925
mt19937_1, -1, Score, 0, 30.2913181296465
mt19937_1, -1, TimeBudget, 0, 74
mt19937_1, -1, ChosenN, 0, 1.332e+09
mt19937_1, -1, TimeUsed, 0, 64.424378316
mt19937_1, -1, Score, 0, 30.31094693639544
mt19937_1, -1, TimeBudget, 0, 75
mt19937_1, -1, ChosenN, 0, 1.35e+09
mt19937_1, -1, TimeUsed, 0, 65.848132518
mt19937_1, -1, Score, 0, 30.33031226126237
mt19937_1, -1, TimeBudget, 0, 76
mt19937_1, -1, ChosenN, 0, 1.368e+09
mt19937_1, -1, TimeUsed, 0, 65.42802937800001
mt19937_1, -1, Score, 0, 30.34942108421007
mt19937_1, -1, TimeBudget, 0, 77
mt19937_1, -1, ChosenN, 0, 1.386e+09
mt19937_1, -1, TimeUsed, 0, 66.657113541
mt19937_1, -1, Score, 0, 30.36828011146139
mt19937_1, -1, TimeBudget, 0, 78
mt19937_1, -1, ChosenN, 0, 1.404e+09
mt19937_1, -1, TimeUsed, 0, 67.533625577
mt19937_1, -1, Score, 0, 30.38689578962873
mt19937_1, -1, TimeBudget, 0, 79
mt19937_1, -1, ChosenN, 0, 1.422e+09
mt19937_1, -1, TimeUsed, 0, 68.308619092
mt19937_1, -1, Score, 0, 30.40527431894359
mt19937_1, -1, TimeBudget, 0, 80
mt19937_1, -1, ChosenN, 0, 1.44e+09
mt19937_1, -1, TimeUsed, 0, 67.889314048
mt19937_1, -1, Score, 0, 30.42342166565385
mt19937_1, -1, TimeBudget, 0, 81
mt19937_1, -1, ChosenN, 0, 1.62e+09
mt19937_1, -1, TimeUsed, 0, 77.27953760299999
mt19937_1, -1, Score, 0, 30.59334666709616
mt19937_1, -1, TimeBudget, 0, 82
mt19937_1, -1, ChosenN, 0, 1.64e+09
mt19937_1, -1, TimeUsed, 0, 80.270324034
mt19937_1, -1, Score, 0, 30.61104866882962
mt19937_1, -1, TimeBudget, 0, 83
mt19937_1, -1, ChosenN, 0, 1.66e+09
mt19937_1, -1, TimeUsed, 0, 79.806994414
mt19937_1, -1, Score, 0, 30.62853609555846
mt19937_1, -1, TimeBudget, 0, 84
mt19937_1, -1, ChosenN, 0, 1.68e+09
mt19937_1, -1, TimeUsed, 0, 79.999019418
mt19937_1, -1, Score, 0, 30.6458140869903
mt19937_1, -1, TimeBudget, 0, 85
mt19937_1, -1, ChosenN, 0, 1.7e+09
mt19937_1, -1, TimeUsed, 0, 80.79866923500001
mt19937_1, -1, Score, 0, 30.66288760034924
mt19937_1, -1, TimeBudget, 0, 86
mt19937_1, -1, ChosenN, 0, 1.72e+09
mt19937_1, -1, TimeUsed, 0, 81.465775741
mt19937_1, -1, Score, 0, 30.67976141891364
mt19937_1, -1, TimeBudget, 0, 87
mt19937_1, -1, ChosenN, 0, 1.74e+09
mt19937_1, -1, TimeUsed, 0, 82.951359385
mt19937_1, -1, Score, 0, 30.69644016006027
mt19937_1, -1, TimeBudget, 0, 88
mt19937_1, -1, ChosenN, 0, 1.76e+09
mt19937_1, -1, TimeUsed, 0, 84.142463281
mt19937_1, -1, Score, 0, 30.71292828284883
mt19937_1, -1, TimeBudget, 0, 89
mt19937_1, -1, ChosenN, 0, 1.78e+09
mt19937_1, -1, TimeUsed, 0, 85.121353606
mt19937_1, -1, Score, 0, 30.72923009517794
mt19937_1, -1, TimeBudget, 0, 90
mt19937_1, -1, ChosenN, 0, 1.8e+09
mt19937_1, -1, TimeUsed, 0, 84.53156686299999
mt19937_1, -1, Score, 0, 30.74534976054121
mt19937_1, -1, TimeBudget, 0, 91
mt19937_1, -1, ChosenN, 0, 1.82e+09
mt19937_1, -1, TimeUsed, 0, 86.434722905
mt19937_1, -1, Score, 0, 30.76129130441024
mt19937_1, -1, TimeBudget, 0, 92
mt19937_1, -1, ChosenN, 0, 1.84e+09
mt19937_1, -1, TimeUsed, 0, 87.257093363
mt19937_1, -1, Score, 0, 30.77705862026855
mt19937_1, -1, TimeBudget, 0, 93
mt19937_1, -1, ChosenN, 0, 1.86e+09
mt19937_1, -1, TimeUsed, 0, 88.41997346300001
mt19937_1, -1, Score, 0, 30.79265547531957
mt19937_1, -1, TimeBudget, 0, 94
mt19937_1, -1, ChosenN, 0, 1.88e+09
mt19937_1, -1, TimeUsed, 0, 87.92967520400001
mt19937_1, -1, Score, 0, 30.80808551588918
mt19937_1, -1, TimeBudget, 0, 95
mt19937_1, -1, ChosenN, 0, 1.9e+09
mt19937_1, -1, TimeUsed, 0, 89.109542002
mt19937_1, -1, Score, 0, 30.82335227254249
mt19937_1, -1, TimeBudget, 0, 96
mt19937_1, -1, ChosenN, 0, 1.92e+09
mt19937_1, -1, TimeUsed, 0, 91.554483006
mt19937_1, -1, Score, 0, 30.83845916493269
mt19937_1, -1, TimeBudget, 0, 97
mt19937_1, -1, ChosenN, 0, 1.94e+09
mt19937_1, -1, TimeUsed, 0, 92.92023328000001
mt19937_1, -1, Score, 0, 30.85340950639866
mt19937_1, -1, TimeBudget, 0, 98
mt19937_1, -1, ChosenN, 0, 1.96e+09
mt19937_1, -1, TimeUsed, 0, 93.529668304
mt19937_1, -1, Score, 0, 30.86820650832675
mt19937_1, -1, TimeBudget, 0, 99
mt19937_1, -1, ChosenN, 0, 1.98e+09
mt19937_1, -1, TimeUsed, 0, 95.533390915
mt19937_1, -1, Score, 0, 30.88285328429115
mt19937_1, -1, TimeBudget, 0, 100
mt19937_1, -1, ChosenN, 0, 2e+09
mt19937_1, -1, TimeUsed, 0, 95.605680914
mt19937_1, -1, Score, 0, 30.89735285398626
mt19937_1, -1, TimeBudget, 0, 101
mt19937_1, -1, ChosenN, 0, 2.02e+09
mt19937_1, -1, TimeUsed, 0, 98.450150628
mt19937_1, -1, Score, 0, 30.91170814696333
mt19937_1, -1, TimeBudget, 0, 102
mt19937_1, -1, ChosenN, 0, 2.04e+09
mt19937_1, -1, TimeUsed, 0, 96.734895915
mt19937_1, -1, Score, 0, 30.92592200618304
mt19937_1, -1, TimeBudget, 0, 103
mt19937_1, -1, ChosenN, 0, 2.06e+09
mt19937_1, -1, TimeUsed, 0, 98.217792504
mt19937_1, -1, Score, 0, 30.93999719139476
mt19937_1, -1, TimeBudget, 0, 104
mt19937_1, -1, ChosenN, 0, 2.08e+09
mt19937_1, -1, TimeUsed, 0, 99.071666009
mt19937_1, -1, Score, 0, 30.95393638235263
mt19937_1, -1, TimeBudget, 0, 105
mt19937_1, -1, ChosenN, 0, 2.1e+09
mt19937_1, -1, TimeUsed, 0, 99.9258669
mt19937_1, -1, Score, 0, 30.96774218187766
mt19937_1, -1, TimeBudget, 0, 106
mt19937_1, -1, ChosenN, 0, 2.12e+09
mt19937_1, -1, TimeUsed, 0, 109.403309868
mt19937_1, -1, Score, 0, 11.03730479432269
mt19937_1, -1, TimeBudget, 0, 107
mt19937_1, -1, ChosenN, 0, 2.14e+09
mt19937_1, -1, TimeUsed, 0, 111.510993335
mt19937_1, -1, Score, 0, 10.93169001794085
mt19937_1, -1, TimeBudget, 0, 108
mt19937_1, -1, ChosenN, 0, 2.16e+09
mt19937_1, -1, TimeUsed, 0, 101.887396777
mt19937_1, -1, Score, 0, 31.00838416637501
mt19937_1, -1, TimeBudget, 0, 109
mt19937_1, -1, ChosenN, 0, 2.18e+09
mt19937_1, -1, TimeUsed, 0, 103.08791815
mt19937_1, -1, Score, 0, 31.02168098898846
mt19937_1, -1, TimeBudget, 0, 110
mt19937_1, -1, ChosenN, 0, 2.2e+09
mt19937_1, -1, TimeUsed, 0, 103.751373331
mt19937_1, -1, Score, 0, 31.03485637773619
mt19937_1, -1, TimeBudget, 0, 111
mt19937_1, -1, ChosenN, 0, 2.22e+09
mt19937_1, -1, TimeUsed, 0, 107.568888763
mt19937_1, -1, Score, 0, 31.04791253056165
mt19937_1, -1, TimeBudget, 0, 112
mt19937_1, -1, ChosenN, 0, 2.24e+09
mt19937_1, -1, TimeUsed, 0, 120.973359982
mt19937_1, -1, Score, 0, 10.54686805738494
mt19937_1, -1, TimeBudget, 0, 113
mt19937_1, -1, ChosenN, 0, 2.26e+09
mt19937_1, -1, TimeUsed, 0, 106.600715088
mt19937_1, -1, Score, 0, 31.07367562662672
mt19937_1, -1, TimeBudget, 0, 114
mt19937_1, -1, ChosenN, 0, 2.28e+09
mt19937_1, -1, TimeUsed, 0, 108.293613158
mt19937_1, -1, Score, 0, 31.08638667837628
mt19937_1, -1, TimeBudget, 0, 115
mt19937_1, -1, ChosenN, 0, 2.3e+09
mt19937_1, -1, TimeUsed, 0, 108.993960021
mt19937_1, -1, Score, 0, 31.09898671515592
mt19937_1, -1, TimeBudget, 0, 116
mt19937_1, -1, ChosenN, 0, 2.32e+09
mt19937_1, -1, TimeUsed, 0, 109.246574159
mt19937_1, -1, Score, 0, 31.11147765933911
mt19937_1, -1, TimeBudget, 0, 117
mt19937_1, -1, ChosenN, 0, 2.34e+09
mt19937_1, -1, TimeUsed, 0, 111.289105377
mt19937_1, -1, Score, 0, 31.12386138379494
mt19937_1, -1, TimeBudget, 0, 118
mt19937_1, -1, ChosenN, 0, 2.36e+09
mt19937_1, -1, TimeUsed, 0, 112.559126172
mt19937_1, -1, Score, 0, 31.13613971357338
mt19937_1, -1, TimeBudget, 0, 119
mt19937_1, -1, ChosenN, 0, 2.38e+09
mt19937_1, -1, TimeUsed, 0, 114.455781689
mt19937_1, -1, Score, 0, 31.14831442751948
mt19937_1, -1, TimeBudget, 0, 120
mt19937_1, -1, ChosenN, 0, 2.4e+09
mt19937_1, -1, TimeUsed, 0, 112.704736257
mt19937_1, -1, Score, 0, 31.16038725982006
mt19937_1, -1, TimeBudget, 0, 121
mt19937_1, -1, ChosenN, 0, 2.42e+09
mt19937_1, -1, TimeUsed, 0, 115.249335719
mt19937_1, -1, Score, 0, 31.17235990148613
mt19937_1, -1, TimeBudget, 0, 122
mt19937_1, -1, ChosenN, 0, 2.44e+09
mt19937_1, -1, TimeUsed, 0, 115.876352048
mt19937_1, -1, Score, 0, 31.18423400177442
mt19937_1, -1, TimeBudget, 0, 123
mt19937_1, -1, ChosenN, 0, 2.46e+09
mt19937_1, -1, TimeUsed, 0, 116.451847092
mt19937_1, -1, Score, 0, 31.19601116955078
mt19937_1, -1, TimeBudget, 0, 124
mt19937_1, -1, ChosenN, 0, 2.48e+09
mt19937_1, -1, TimeUsed, 0, 122.101558883
mt19937_1, -1, Score, 0, 31.20769297459841
mt19937_1, -1, TimeBudget, 0, 125
mt19937_1, -1, ChosenN, 0, 2.5e+09
mt19937_1, -1, TimeUsed, 0, 119.396263071
mt19937_1, -1, Score, 0, 31.21928094887362
mt19937_1, -1, TimeBudget, 0, 126
mt19937_1, -1, ChosenN, 0, 2.52e+09
mt19937_1, -1, TimeUsed, 0, 118.470334884
mt19937_1, -1, Score, 0, 31.23077658771146
mt19937_1, -1, TimeBudget, 0, 127
mt19937_1, -1, ChosenN, 0, 2.54e+09
mt19937_1, -1, TimeUsed, 0, 119.111859237
mt19937_1, -1, Score, 0, 31.2421813509837
mt19937_1, -1, TimeBudget, 0, 128
mt19937_1, -1, ChosenN, 0, 2.56e+09
mt19937_1, -1, TimeUsed, 0, 132.611923954
mt19937_1, -1, Score, 0, 11.09062999559845
mt19937_1, -1, TimeBudget, 0, 129
mt19937_1, -1, ChosenN, 0, 2.58e+09
mt19937_1, -1, TimeUsed, 0, 120.838802582
mt19937_1, -1, Score, 0, 31.26472391963479
mt19937_1, -1, TimeBudget, 0, 130
mt19937_1, -1, ChosenN, 0, 2.6e+09
mt19937_1, -1, TimeUsed, 0, 121.750203017
mt19937_1, -1, Score, 0, 31.27586447723999
mt19937_1, -1, TimeBudget, 0, 131
mt19937_1, -1, ChosenN, 0, 2.62e+09
mt19937_1, -1, TimeUsed, 0, 123.543295428
mt19937_1, -1, Score, 0, 31.28691966574899
mt19937_1, -1, TimeBudget, 0, 132
mt19937_1, -1, ChosenN, 0, 2.64e+09
mt19937_1, -1, TimeUsed, 0, 125.0334831
mt19937_1, -1, Score, 0, 31.29789078356999
mt19937_1, -1, TimeBudget, 0, 133
mt19937_1, -1, ChosenN, 0, 2.66e+09
mt19937_1, -1, TimeUsed, 0, 125.869985254
mt19937_1, -1, Score, 0, 31.30877909971273
mt19937_1, -1, TimeBudget, 0, 134
mt19937_1, -1, ChosenN, 0, 2.68e+09
mt19937_1, -1, TimeUsed, 0, 126.756136565
mt19937_1, -1, Score, 0, 31.31958585466931
mt19937_1, -1, TimeBudget, 0, 135
mt19937_1, -1, ChosenN, 0, 2.7e+09
mt19937_1, -1, TimeUsed, 0, 127.690170811
mt19937_1, -1, Score, 0, 31.33031226126237
mt19937_1, -1, TimeBudget, 0, 136
mt19937_1, -1, ChosenN, 0, 2.72e+09
mt19937_1, -1, TimeUsed, 0, 127.685228444
mt19937_1, -1, Score, 0, 31.34095950546188
mt19937_1, -1, TimeBudget, 0, 137
mt19937_1, -1, ChosenN, 0, 2.74e+09
mt19937_1, -1, TimeUsed, 0, 129.679711449
mt19937_1, -1, Score, 0, 31.35152874717207
mt19937_1, -1, TimeBudget, 0, 138
mt19937_1, -1, ChosenN, 0, 2.76e+09
mt19937_1, -1, TimeUsed, 0, 130.247874103
mt19937_1, -1, Score, 0, 31.36202112098971
mt19937_1, -1, TimeBudget, 0, 139
mt19937_1, -1, ChosenN, 0, 2.78e+09
mt19937_1, -1, TimeUsed, 0, 135.423004832
mt19937_1, -1, Score, 0, 31.37243773693504
