mt19937_1, -1, TimeBudget, 0, 1
mt19937_1, -1, ChosenN, 0, 1e+06
mt19937_1, -1, TimeUsed, 0, 0.60839
mt19937_1, -1, Score, 0, 19.93156856932417
mt19937_1, -1, TimeBudget, 0, 2
mt19937_1, -1, ChosenN, 0, 2e+06
mt19937_1, -1, TimeUsed, 0, 1.393224
mt19937_1, -1, Score, 0, 20.93156856932417
mt19937_1, -1, TimeBudget, 0, 3
mt19937_1, -1, ChosenN, 0, 3e+06
mt19937_1, -1, TimeUsed, 0, 2.373249
mt19937_1, -1, Score, 0, 21.51653107004533
mt19937_1, -1, TimeBudget, 0, 4
mt19937_1, -1, ChosenN, 0, 4e+06
mt19937_1, -1, TimeUsed, 0, 3.255298
mt19937_1, -1, Score, 0, 21.93156856932417
mt19937_1, -1, TimeBudget, 0, 5
mt19937_1, -1, ChosenN, 0, 5e+06
mt19937_1, -1, TimeUsed, 0, 3.168769
mt19937_1, -1, Score, 0, 22.25349666421154
mt19937_1, -1, TimeBudget, 0, 6
mt19937_1, -1, ChosenN, 0, 6e+06
mt19937_1, -1, TimeUsed, 0, 3.687603
mt19937_1, -1, Score, 0, 22.51653107004533
mt19937_1, -1, TimeBudget, 0, 7
mt19937_1, -1, ChosenN, 0, 7e+06
mt19937_1, -1, TimeUsed, 0, 6.033538
mt19937_1, -1, Score, 0, 22.73892349138178
mt19937_1, -1, TimeBudget, 0, 8
mt19937_1, -1, ChosenN, 0, 8e+06
mt19937_1, -1, TimeUsed, 0, 7.021877
mt19937_1, -1, Score, 0, 22.93156856932417
mt19937_1, -1, TimeBudget, 0, 9
mt19937_1, -1, ChosenN, 0, 9e+06
mt19937_1, -1, TimeUsed, 0, 8.316087
mt19937_1, -1, Score, 0, 23.10149357076649
mt19937_1, -1, TimeBudget, 0, 10
mt19937_1, -1, ChosenN, 0, 1e+07
mt19937_1, -1, TimeUsed, 0, 8.574455
mt19937_1, -1, Score, 0, 23.25349666421154
