mt19937_1, -1, TimeBudget, 0, 2
mt19937_1, -1, ChosenN, 0, 8e+06
mt19937_1, -1, TimeUsed, 0, 1.109712624
mt19937_1, -1, Score, 0, 22.93156856932417
mt19937_1, -1, TimeBudget, 0, 12
mt19937_1, -1, ChosenN, 0, 4.8e+07
mt19937_1, -1, TimeUsed, 0, 6.802740419
mt19937_1, -1, Score, 0, 25.51653107004533
mt19937_1, -1, TimeBudget, 0, 22
mt19937_1, -1, ChosenN, 0, 8.8e+07
mt19937_1, -1, TimeUsed, 0, 14.697006259
mt19937_1, -1, Score, 0, 26.39100018796147
mt19937_1, -1, TimeBudget, 0, 32
mt19937_1, -1, ChosenN, 0, 1.28e+08
mt19937_1, -1, TimeUsed, 0, 18.856947493
mt19937_1, -1, Score, 0, 26.93156856932417
mt19937_1, -1, TimeBudget, 0, 42
mt19937_1, -1, ChosenN, 0, 1.68e+08
mt19937_1, -1, TimeUsed, 0, 29.668363878
mt19937_1, -1, Score, 0, 27.32388599210294
mt19937_1, -1, TimeBudget, 0, 52
mt19937_1, -1, ChosenN, 0, 2.08e+08
mt19937_1, -1, TimeUsed, 0, 33.172802177
mt19937_1, -1, Score, 0, 27.63200828746526
mt19937_1, -1, TimeBudget, 0, 62
mt19937_1, -1, ChosenN, 0, 2.48e+08
mt19937_1, -1, TimeUsed, 0, 38.548461957
mt19937_1, -1, Score, 0, 27.88576487971105
mt19937_1, -1, TimeBudget, 0, 72
mt19937_1, -1, ChosenN, 0, 2.88e+08
mt19937_1, -1, TimeUsed, 0, 53.056745229
mt19937_1, -1, Score, 0, 28.10149357076649
mt19937_1, -1, TimeBudget, 0, 82
mt19937_1, -1, ChosenN, 0, 3.28e+08
mt19937_1, -1, TimeUsed, 0, 59.231663614
mt19937_1, -1, Score, 0, 28.28912057394226
mt19937_1, -1, TimeBudget, 0, 92
mt19937_1, -1, ChosenN, 0, 3.68e+08
mt19937_1, -1, TimeUsed, 0, 62.141520379
mt19937_1, -1, Score, 0, 28.45513052538119
mt19937_1, -1, TimeBudget, 0, 102
mt19937_1, -1, ChosenN, 0, 4.08e+08
mt19937_1, -1, TimeUsed, 0, 67.078611134
mt19937_1, -1, Score, 0, 28.60399391129567
mt19937_1, -1, TimeBudget, 0, 112
mt19937_1, -1, ChosenN, 0, 4.48e+08
mt19937_1, -1, TimeUsed, 0, 72.753827554
mt19937_1, -1, Score, 0, 28.73892349138178
mt19937_1, -1, TimeBudget, 0, 122
mt19937_1, -1, ChosenN, 0, 4.88e+08
mt19937_1, -1, TimeUsed, 0, 77.385844636
mt19937_1, -1, Score, 0, 28.86230590688706
mt19937_1, -1, TimeBudget, 0, 132
mt19937_1, -1, ChosenN, 0, 5.28e+08
mt19937_1, -1, TimeUsed, 0, 82.49393774399999
mt19937_1, -1, Score, 0, 28.97596268868263
mt19937_1, -1, TimeBudget, 0, 142
mt19937_1, -1, ChosenN, 0, 5.68e+08
mt19937_1, -1, TimeUsed, 0, 93.072201781
mt19937_1, -1, Score, 0, 29.08131568882886
mt19937_1, -1, TimeBudget, 0, 152
mt19937_1, -1, ChosenN, 0, 6.08e+08
mt19937_1, -1, TimeUsed, 0, 100.827355972
mt19937_1, -1, Score, 0, 29.17949608276776
mt19937_1, -1, TimeBudget, 0, 162
mt19937_1, -1, ChosenN, 0, 6.48e+08
mt19937_1, -1, TimeUsed, 0, 97.969186568
mt19937_1, -1, Score, 0, 29.2714185722088
mt19937_1, -1, TimeBudget, 0, 172
mt19937_1, -1, ChosenN, 0, 6.88e+08
mt19937_1, -1, TimeUsed, 0, 104.874380747
mt19937_1, -1, Score, 0, 29.35783332402627
