mt19937_1, -1, TimeBudget, 0, 2
mt19937_1, -1, ChosenN, 0, 8e+06
mt19937_1, -1, TimeUsed, 0, 1.018437856
mt19937_1, -1, Score, 0, 22.93156856932417
mt19937_1, -1, TimeBudget, 0, 12
mt19937_1, -1, ChosenN, 0, 4.8e+07
mt19937_1, -1, TimeUsed, 0, 5.59303034
mt19937_1, -1, Score, 0, 25.51653107004533
mt19937_1, -1, TimeBudget, 0, 22
mt19937_1, -1, ChosenN, 0, 8.8e+07
mt19937_1, -1, TimeUsed, 0, 11.736957588
mt19937_1, -1, Score, 0, 26.39100018796147
mt19937_1, -1, TimeBudget, 0, 32
mt19937_1, -1, ChosenN, 0, 1.28e+08
mt19937_1, -1, TimeUsed, 0, 15.677258683
mt19937_1, -1, Score, 0, 26.93156856932417
mt19937_1, -1, TimeBudget, 0, 42
mt19937_1, -1, ChosenN, 0, 1.68e+08
mt19937_1, -1, TimeUsed, 0, 24.476732129
mt19937_1, -1, Score, 0, 27.32388599210294
mt19937_1, -1, TimeBudget, 0, 52
mt19937_1, -1, ChosenN, 0, 2.08e+08
mt19937_1, -1, TimeUsed, 0, 29.533052693
mt19937_1, -1, Score, 0, 27.63200828746526
mt19937_1, -1, TimeBudget, 0, 62
mt19937_1, -1, ChosenN, 0, 2.48e+08
mt19937_1, -1, TimeUsed, 0, 34.770829415
mt19937_1, -1, Score, 0, 27.88576487971105
mt19937_1, -1, TimeBudget, 0, 72
mt19937_1, -1, ChosenN, 0, 2.88e+08
mt19937_1, -1, TimeUsed, 0, 45.665777031
mt19937_1, -1, Score, 0, 28.10149357076649
mt19937_1, -1, TimeBudget, 0, 82
mt19937_1, -1, ChosenN, 0, 3.28e+08
mt19937_1, -1, TimeUsed, 0, 50.718024092
mt19937_1, -1, Score, 0, 28.28912057394226
mt19937_1, -1, TimeBudget, 0, 92
mt19937_1, -1, ChosenN, 0, 3.68e+08
mt19937_1, -1, TimeUsed, 0, 54.285542539
mt19937_1, -1, Score, 0, 28.45513052538119
mt19937_1, -1, TimeBudget, 0, 102
mt19937_1, -1, ChosenN, 0, 4.08e+08
mt19937_1, -1, TimeUsed, 0, 57.64827965
mt19937_1, -1, Score, 0, 28.60399391129567
mt19937_1, -1, TimeBudget, 0, 112
mt19937_1, -1, ChosenN, 0, 4.48e+08
mt19937_1, -1, TimeUsed, 0, 63.059064224
mt19937_1, -1, Score, 0, 28.73892349138178
mt19937_1, -1, TimeBudget, 0, 122
mt19937_1, -1, ChosenN, 0, 4.88e+08
mt19937_1, -1, TimeUsed, 0, 67.748214945
mt19937_1, -1, Score, 0, 28.86230590688706
mt19937_1, -1, TimeBudget, 0, 132
mt19937_1, -1, ChosenN, 0, 5.28e+08
mt19937_1, -1, TimeUsed, 0, 71.167273485
mt19937_1, -1, Score, 0, 28.97596268868263
mt19937_1, -1, TimeBudget, 0, 142
mt19937_1, -1, ChosenN, 0, 5.68e+08
mt19937_1, -1, TimeUsed, 0, 78.94253001600001
mt19937_1, -1, Score, 0, 29.08131568882886
mt19937_1, -1, TimeBudget, 0, 152
mt19937_1, -1, ChosenN, 0, 6.08e+08
mt19937_1, -1, TimeUsed, 0, 84.663731767
mt19937_1, -1, Score, 0, 29.17949608276776
mt19937_1, -1, TimeBudget, 0, 162
mt19937_1, -1, ChosenN, 0, 6.48e+08
mt19937_1, -1, TimeUsed, 0, 89.056012897
mt19937_1, -1, Score, 0, 29.2714185722088
mt19937_1, -1, TimeBudget, 0, 172
mt19937_1, -1, ChosenN, 0, 6.88e+08
mt19937_1, -1, TimeUsed, 0, 94.00284163800001
mt19937_1, -1, Score, 0, 29.35783332402627
