mt19937_1, -1, TimeBudget, 0, 1
mt19937_1, -1, ChosenN, 0, 1.8e+06
mt19937_1, -1, TimeUsed, 0, 0.588917
mt19937_1, -1, Score, 0, 20.77956547587912
mt19937_1, -1, TimeBudget, 0, 2
mt19937_1, -1, ChosenN, 0, 3.6e+06
mt19937_1, -1, TimeUsed, 0, 1.272464
mt19937_1, -1, Score, 0, 21.77956547587912
mt19937_1, -1, TimeBudget, 0, 3
mt19937_1, -1, ChosenN, 0, 5.4e+06
mt19937_1, -1, TimeUsed, 0, 1.985534
mt19937_1, -1, Score, 0, 22.36452797660028
mt19937_1, -1, TimeBudget, 0, 4
mt19937_1, -1, ChosenN, 0, 7.2e+06
mt19937_1, -1, TimeUsed, 0, 2.743868
mt19937_1, -1, Score, 0, 22.77956547587912
mt19937_1, -1, TimeBudget, 0, 5
mt19937_1, -1, ChosenN, 0, 9e+06
mt19937_1, -1, TimeUsed, 0, 2.617964
mt19937_1, -1, Score, 0, 23.10149357076649
mt19937_1, -1, TimeBudget, 0, 6
mt19937_1, -1, ChosenN, 0, 1.08e+07
mt19937_1, -1, TimeUsed, 0, 3.877819
mt19937_1, -1, Score, 0, 23.36452797660028
mt19937_1, -1, TimeBudget, 0, 7
mt19937_1, -1, ChosenN, 0, 1.26e+07
mt19937_1, -1, TimeUsed, 0, 3.547669
mt19937_1, -1, Score, 0, 23.58692039793673
mt19937_1, -1, TimeBudget, 0, 8
mt19937_1, -1, ChosenN, 0, 1.44e+07
mt19937_1, -1, TimeUsed, 0, 3.965994
mt19937_1, -1, Score, 0, 23.77956547587913
mt19937_1, -1, TimeBudget, 0, 9
mt19937_1, -1, ChosenN, 0, 1.62e+07
mt19937_1, -1, TimeUsed, 0, 5.934394
mt19937_1, -1, Score, 0, 23.94949047732144
mt19937_1, -1, TimeBudget, 0, 10
mt19937_1, -1, ChosenN, 0, 1.8e+07
mt19937_1, -1, TimeUsed, 0, 7.056357
mt19937_1, -1, Score, 0, 24.10149357076649
mt19937_1, -1, TimeBudget, 0, 11
mt19937_1, -1, ChosenN, 0, 1.98e+07
mt19937_1, -1, TimeUsed, 0, 7.859497
mt19937_1, -1, Score, 0, 24.23899709451642
mt19937_1, -1, TimeBudget, 0, 12
mt19937_1, -1, ChosenN, 0, 2.16e+07
mt19937_1, -1, TimeUsed, 0, 8.972688
mt19937_1, -1, Score, 0, 24.36452797660028
mt19937_1, -1, TimeBudget, 0, 13
mt19937_1, -1, ChosenN, 0, 2.34e+07
mt19937_1, -1, TimeUsed, 0, 9.669104000000001
mt19937_1, -1, Score, 0, 24.48000519402022
mt19937_1, -1, TimeBudget, 0, 14
mt19937_1, -1, ChosenN, 0, 2.52e+07
mt19937_1, -1, TimeUsed, 0, 9.904631
mt19937_1, -1, Score, 0, 24.58692039793673
mt19937_1, -1, TimeBudget, 0, 15
mt19937_1, -1, ChosenN, 0, 2.7e+07
mt19937_1, -1, TimeUsed, 0, 11.132215
mt19937_1, -1, Score, 0, 24.68645607148764
mt19937_1, -1, TimeBudget, 0, 16
mt19937_1, -1, ChosenN, 0, 2.88e+07
mt19937_1, -1, TimeUsed, 0, 8.702304
mt19937_1, -1, Score, 0, 24.77956547587912
mt19937_1, -1, TimeBudget, 0, 17
mt19937_1, -1, ChosenN, 0, 3.06e+07
mt19937_1, -1, TimeUsed, 0, 12.923902
mt19937_1, -1, Score, 0, 24.86702831712946
mt19937_1, -1, TimeBudget, 0, 18
mt19937_1, -1, ChosenN, 0, 3.24e+07
mt19937_1, -1, TimeUsed, 0, 10.084462
mt19937_1, -1, Score, 0, 24.94949047732144
mt19937_1, -1, TimeBudget, 0, 19
mt19937_1, -1, ChosenN, 0, 3.42e+07
mt19937_1, -1, TimeUsed, 0, 11.867809
mt19937_1, -1, Score, 0, 25.02749298932271
mt19937_1, -1, TimeBudget, 0, 20
mt19937_1, -1, ChosenN, 0, 3.6e+07
mt19937_1, -1, TimeUsed, 0, 12.705528
mt19937_1, -1, Score, 0, 25.10149357076649
mt19937_1, -1, TimeBudget, 0, 21
mt19937_1, -1, ChosenN, 0, 3.78e+07
mt19937_1, -1, TimeUsed, 0, 17.14071
mt19937_1, -1, Score, 0, 25.17188289865788
mt19937_1, -1, TimeBudget, 0, 22
mt19937_1, -1, ChosenN, 0, 3.96e+07
mt19937_1, -1, TimeUsed, 0, 13.241609
mt19937_1, -1, Score, 0, 25.23899709451642
mt19937_1, -1, TimeBudget, 0, 23
mt19937_1, -1, ChosenN, 0, 4.14e+07
mt19937_1, -1, TimeUsed, 0, 16.065306
mt19937_1, -1, Score, 0, 25.30312743193614
mt19937_1, -1, TimeBudget, 0, 24
mt19937_1, -1, ChosenN, 0, 4.32e+07
mt19937_1, -1, TimeUsed, 0, 17.449639
mt19937_1, -1, Score, 0, 25.36452797660028
mt19937_1, -1, TimeBudget, 0, 25
mt19937_1, -1, ChosenN, 0, 4.5e+07
mt19937_1, -1, TimeUsed, 0, 19.807195
mt19937_1, -1, Score, 0, 25.42342166565385
mt19937_1, -1, TimeBudget, 0, 26
mt19937_1, -1, ChosenN, 0, 4.68e+07
mt19937_1, -1, TimeUsed, 0, 18.903034
mt19937_1, -1, Score, 0, 25.48000519402022
mt19937_1, -1, TimeBudget, 0, 27
mt19937_1, -1, ChosenN, 0, 4.86e+07
mt19937_1, -1, TimeUsed, 0, 14.006647
mt19937_1, -1, Score, 0, 25.53445297804259
mt19937_1, -1, TimeBudget, 0, 28
mt19937_1, -1, ChosenN, 0, 5.04e+07
mt19937_1, -1, TimeUsed, 0, 14.309155
mt19937_1, -1, Score, 0, 25.58692039793673
mt19937_1, -1, TimeBudget, 0, 29
mt19937_1, -1, ChosenN, 0, 5.22e+07
mt19937_1, -1, TimeUsed, 0, 22.989636
mt19937_1, -1, Score, 0, 25.6375464710067
mt19937_1, -1, TimeBudget, 0, 30
mt19937_1, -1, ChosenN, 0, 5.4e+07
mt19937_1, -1, TimeUsed, 0, 23.406487
mt19937_1, -1, Score, 0, 25.68645607148764
mt19937_1, -1, TimeBudget, 0, 31
mt19937_1, -1, ChosenN, 0, 5.58e+07
mt19937_1, -1, TimeUsed, 0, 23.979733
mt19937_1, -1, Score, 0, 25.733761786266
mt19937_1, -1, TimeBudget, 0, 32
mt19937_1, -1, ChosenN, 0, 5.76e+07
mt19937_1, -1, TimeUsed, 0, 25.233154
mt19937_1, -1, Score, 0, 25.77956547587913
mt19937_1, -1, TimeBudget, 0, 33
mt19937_1, -1, ChosenN, 0, 5.94e+07
mt19937_1, -1, TimeUsed, 0, 20.279636
mt19937_1, -1, Score, 0, 25.82395959523758
mt19937_1, -1, TimeBudget, 0, 34
mt19937_1, -1, ChosenN, 0, 6.12e+07
mt19937_1, -1, TimeUsed, 0, 28.084086
mt19937_1, -1, Score, 0, 25.86702831712946
mt19937_1, -1, TimeBudget, 0, 35
mt19937_1, -1, ChosenN, 0, 6.3e+07
mt19937_1, -1, TimeUsed, 0, 28.40529
mt19937_1, -1, Score, 0, 25.90884849282409
mt19937_1, -1, TimeBudget, 0, 36
mt19937_1, -1, ChosenN, 0, 6.48e+07
mt19937_1, -1, TimeUsed, 0, 19.869082
mt19937_1, -1, Score, 0, 25.94949047732144
mt19937_1, -1, TimeBudget, 0, 37
mt19937_1, -1, ChosenN, 0, 6.66e+07
mt19937_1, -1, TimeUsed, 0, 29.898005
mt19937_1, -1, Score, 0, 25.98901884150807
mt19937_1, -1, TimeBudget, 0, 38
mt19937_1, -1, ChosenN, 0, 6.84e+07
mt19937_1, -1, TimeUsed, 0, 23.938793
mt19937_1, -1, Score, 0, 26.02749298932271
mt19937_1, -1, TimeBudget, 0, 39
mt19937_1, -1, ChosenN, 0, 7.02e+07
mt19937_1, -1, TimeUsed, 0, 33.896401
mt19937_1, -1, Score, 0, 26.06496769474137
mt19937_1, -1, TimeBudget, 0, 40
mt19937_1, -1, ChosenN, 0, 7.2e+07
mt19937_1, -1, TimeUsed, 0, 33.93458
mt19937_1, -1, Score, 0, 26.10149357076649
mt19937_1, -1, TimeBudget, 0, 41
mt19937_1, -1, ChosenN, 0, 7.38e+07
mt19937_1, -1, TimeUsed, 0, 31.775782
mt19937_1, -1, Score, 0, 26.13711748049721
mt19937_1, -1, TimeBudget, 0, 42
mt19937_1, -1, ChosenN, 0, 7.56e+07
mt19937_1, -1, TimeUsed, 0, 35.797843
mt19937_1, -1, Score, 0, 26.17188289865789
mt19937_1, -1, TimeBudget, 0, 43
mt19937_1, -1, ChosenN, 0, 7.74e+07
mt19937_1, -1, TimeUsed, 0, 29.422728
mt19937_1, -1, Score, 0, 26.20583023058122
mt19937_1, -1, TimeBudget, 0, 44
mt19937_1, -1, ChosenN, 0, 7.92e+07
mt19937_1, -1, TimeUsed, 0, 40.317486
mt19937_1, -1, Score, 0, 26.23899709451642
mt19937_1, -1, TimeBudget, 0, 45
mt19937_1, -1, ChosenN, 0, 8.1e+07
mt19937_1, -1, TimeUsed, 0, 36.106042
mt19937_1, -1, Score, 0, 26.2714185722088
mt19937_1, -1, TimeBudget, 0, 46
mt19937_1, -1, ChosenN, 0, 8.28e+07
mt19937_1, -1, TimeUsed, 0, 42.356326
mt19937_1, -1, Score, 0, 26.30312743193614
mt19937_1, -1, TimeBudget, 0, 47
mt19937_1, -1, ChosenN, 0, 8.46e+07
mt19937_1, -1, TimeUsed, 0, 38.324071
mt19937_1, -1, Score, 0, 26.33415432755676
mt19937_1, -1, TimeBudget, 0, 48
mt19937_1, -1, ChosenN, 0, 8.64e+07
mt19937_1, -1, TimeUsed, 0, 40.382575
mt19937_1, -1, Score, 0, 26.36452797660028
mt19937_1, -1, TimeBudget, 0, 49
mt19937_1, -1, ChosenN, 0, 8.82e+07
mt19937_1, -1, TimeUsed, 0, 40.913746
mt19937_1, -1, Score, 0, 26.39427531999433
mt19937_1, -1, TimeBudget, 0, 50
mt19937_1, -1, ChosenN, 0, 9e+07
mt19937_1, -1, TimeUsed, 0, 40.767935
mt19937_1, -1, Score, 0, 26.42342166565385
mt19937_1, -1, TimeBudget, 0, 51
mt19937_1, -1, ChosenN, 0, 9.18e+07
mt19937_1, -1, TimeUsed, 0, 39.010511
mt19937_1, -1, Score, 0, 26.45199081785062
mt19937_1, -1, TimeBudget, 0, 52
mt19937_1, -1, ChosenN, 0, 9.36e+07
mt19937_1, -1, TimeUsed, 0, 40.334676
mt19937_1, -1, Score, 0, 26.48000519402022
mt19937_1, -1, TimeBudget, 0, 53
mt19937_1, -1, ChosenN, 0, 9.54e+07
mt19937_1, -1, TimeUsed, 0, 68.389098
mt19937_1, -1, Score, 0, 7.294107580233199
mt19937_1, -1, TimeBudget, 0, 54
mt19937_1, -1, ChosenN, 0, 9.72e+07
mt19937_1, -1, TimeUsed, 0, 45.690681
mt19937_1, -1, Score, 0, 26.53445297804259
mt19937_1, -1, TimeBudget, 0, 55
mt19937_1, -1, ChosenN, 0, 9.9e+07
mt19937_1, -1, TimeUsed, 0, 57.418414
mt19937_1, -1, Score, 0, 9.350875677881298
mt19937_1, -1, TimeBudget, 0, 56
mt19937_1, -1, ChosenN, 0, 1.008e+08
mt19937_1, -1, TimeUsed, 0, 71.179959
mt19937_1, -1, Score, 0, 7.458457952472743
mt19937_1, -1, TimeBudget, 0, 57
mt19937_1, -1, ChosenN, 0, 1.026e+08
mt19937_1, -1, TimeUsed, 0, 59.875541
mt19937_1, -1, Score, 0, 9.308530799535655
mt19937_1, -1, TimeBudget, 0, 58
mt19937_1, -1, ChosenN, 0, 1.044e+08
mt19937_1, -1, TimeUsed, 0, 56.571157
mt19937_1, -1, Score, 0, 26.6375464710067
mt19937_1, -1, TimeBudget, 0, 59
mt19937_1, -1, ChosenN, 0, 1.062e+08
mt19937_1, -1, TimeUsed, 0, 51.712495
mt19937_1, -1, Score, 0, 26.66220852524096
mt19937_1, -1, TimeBudget, 0, 60
mt19937_1, -1, ChosenN, 0, 1.08e+08
mt19937_1, -1, TimeUsed, 0, 56.623628
mt19937_1, -1, Score, 0, 26.68645607148764
mt19937_1, -1, TimeBudget, 0, 61
mt19937_1, -1, ChosenN, 0, 1.098e+08
mt19937_1, -1, TimeUsed, 0, 51.008366
mt19937_1, -1, Score, 0, 26.71030281344201
mt19937_1, -1, TimeBudget, 0, 62
mt19937_1, -1, ChosenN, 0, 1.116e+08
mt19937_1, -1, TimeUsed, 0, 56.826587
mt19937_1, -1, Score, 0, 26.733761786266
mt19937_1, -1, TimeBudget, 0, 63
mt19937_1, -1, ChosenN, 0, 1.134e+08
mt19937_1, -1, TimeUsed, 0, 62.297397
mt19937_1, -1, Score, 0, 26.75684539937904
mt19937_1, -1, TimeBudget, 0, 64
mt19937_1, -1, ChosenN, 0, 1.152e+08
mt19937_1, -1, TimeUsed, 0, 59.34369
mt19937_1, -1, Score, 0, 26.77956547587912
mt19937_1, -1, TimeBudget, 0, 65
mt19937_1, -1, ChosenN, 0, 1.17e+08
mt19937_1, -1, TimeUsed, 0, 59.042879
mt19937_1, -1, Score, 0, 26.80193328890758
mt19937_1, -1, TimeBudget, 0, 66
mt19937_1, -1, ChosenN, 0, 1.188e+08
mt19937_1, -1, TimeUsed, 0, 52.654066
mt19937_1, -1, Score, 0, 26.82395959523758
mt19937_1, -1, TimeBudget, 0, 67
mt19937_1, -1, ChosenN, 0, 1.206e+08
mt19937_1, -1, TimeUsed, 0, 54.727111
mt19937_1, -1, Score, 0, 26.8456546663369
mt19937_1, -1, TimeBudget, 0, 68
mt19937_1, -1, ChosenN, 0, 1.224e+08
mt19937_1, -1, TimeUsed, 0, 53.673391
mt19937_1, -1, Score, 0, 26.86702831712946
mt19937_1, -1, TimeBudget, 0, 69
mt19937_1, -1, ChosenN, 0, 1.242e+08
mt19937_1, -1, TimeUsed, 0, 57.309286
mt19937_1, -1, Score, 0, 26.88808993265729
mt19937_1, -1, TimeBudget, 0, 70
mt19937_1, -1, ChosenN, 0, 1.26e+08
mt19937_1, -1, TimeUsed, 0, 57.706338
mt19937_1, -1, Score, 0, 26.90884849282409
mt19937_1, -1, TimeBudget, 0, 71
mt19937_1, -1, ChosenN, 0, 1.278e+08
mt19937_1, -1, TimeUsed, 0, 55.288284
mt19937_1, -1, Score, 0, 26.92931259538381
mt19937_1, -1, TimeBudget, 0, 72
mt19937_1, -1, ChosenN, 0, 1.296e+08
mt19937_1, -1, TimeUsed, 0, 57.937777
mt19937_1, -1, Score, 0, 26.94949047732144
mt19937_1, -1, TimeBudget, 0, 73
mt19937_1, -1, ChosenN, 0, 1.314e+08
mt19937_1, -1, TimeUsed, 0, 60.620403
mt19937_1, -1, Score, 0, 26.96939003475914
mt19937_1, -1, TimeBudget, 0, 74
mt19937_1, -1, ChosenN, 0, 1.332e+08
mt19937_1, -1, TimeUsed, 0, 61.51249
mt19937_1, -1, Score, 0, 26.98901884150807
mt19937_1, -1, TimeBudget, 0, 75
mt19937_1, -1, ChosenN, 0, 1.35e+08
mt19937_1, -1, TimeUsed, 0, 65.206816
mt19937_1, -1, Score, 0, 27.00838416637501
mt19937_1, -1, TimeBudget, 0, 76
mt19937_1, -1, ChosenN, 0, 1.368e+08
mt19937_1, -1, TimeUsed, 0, 64.157562
mt19937_1, -1, Score, 0, 27.02749298932271
mt19937_1, -1, TimeBudget, 0, 77
mt19937_1, -1, ChosenN, 0, 1.386e+08
mt19937_1, -1, TimeUsed, 0, 64.953152
mt19937_1, -1, Score, 0, 27.04635201657403
mt19937_1, -1, TimeBudget, 0, 78
mt19937_1, -1, ChosenN, 0, 1.404e+08
mt19937_1, -1, TimeUsed, 0, 67.989734
mt19937_1, -1, Score, 0, 27.06496769474138
mt19937_1, -1, TimeBudget, 0, 79
mt19937_1, -1, ChosenN, 0, 1.422e+08
mt19937_1, -1, TimeUsed, 0, 72.400447
mt19937_1, -1, Score, 0, 27.08334622405623
mt19937_1, -1, TimeBudget, 0, 80
mt19937_1, -1, ChosenN, 0, 1.44e+08
mt19937_1, -1, TimeUsed, 0, 69.627319
mt19937_1, -1, Score, 0, 27.10149357076649
mt19937_1, -1, TimeBudget, 0, 81
mt19937_1, -1, ChosenN, 0, 1.458e+08
mt19937_1, -1, TimeUsed, 0, 70.985983
mt19937_1, -1, Score, 0, 27.11941547876375
mt19937_1, -1, TimeBudget, 0, 82
mt19937_1, -1, ChosenN, 0, 1.476e+08
mt19937_1, -1, TimeUsed, 0, 69.664511
mt19937_1, -1, Score, 0, 27.13711748049721
mt19937_1, -1, TimeBudget, 0, 83
mt19937_1, -1, ChosenN, 0, 1.494e+08
mt19937_1, -1, TimeUsed, 0, 68.53227699999999
mt19937_1, -1, Score, 0, 27.15460490722605
mt19937_1, -1, TimeBudget, 0, 84
mt19937_1, -1, ChosenN, 0, 1.512e+08
mt19937_1, -1, TimeUsed, 0, 70.45546400000001
mt19937_1, -1, Score, 0, 27.17188289865788
mt19937_1, -1, TimeBudget, 0, 85
mt19937_1, -1, ChosenN, 0, 1.53e+08
mt19937_1, -1, TimeUsed, 0, 65.307956
mt19937_1, -1, Score, 0, 27.18895641201683
mt19937_1, -1, TimeBudget, 0, 86
mt19937_1, -1, ChosenN, 0, 1.548e+08
mt19937_1, -1, TimeUsed, 0, 71.03312
mt19937_1, -1, Score, 0, 27.20583023058122
mt19937_1, -1, TimeBudget, 0, 87
mt19937_1, -1, ChosenN, 0, 1.566e+08
mt19937_1, -1, TimeUsed, 0, 74.053506
mt19937_1, -1, Score, 0, 27.22250897172785
mt19937_1, -1, TimeBudget, 0, 88
mt19937_1, -1, ChosenN, 0, 1.584e+08
mt19937_1, -1, TimeUsed, 0, 72.82932700000001
mt19937_1, -1, Score, 0, 27.23899709451642
mt19937_1, -1, TimeBudget, 0, 89
mt19937_1, -1, ChosenN, 0, 1.602e+08
mt19937_1, -1, TimeUsed, 0, 76.785003
mt19937_1, -1, Score, 0, 27.25529890684552
mt19937_1, -1, TimeBudget, 0, 90
mt19937_1, -1, ChosenN, 0, 1.62e+08
mt19937_1, -1, TimeUsed, 0, 78.201487
mt19937_1, -1, Score, 0, 27.2714185722088
mt19937_1, -1, TimeBudget, 0, 91
mt19937_1, -1, ChosenN, 0, 1.638e+08
mt19937_1, -1, TimeUsed, 0, 74.522634
mt19937_1, -1, Score, 0, 27.28736011607782
mt19937_1, -1, TimeBudget, 0, 92
mt19937_1, -1, ChosenN, 0, 1.656e+08
mt19937_1, -1, TimeUsed, 0, 80.747525
mt19937_1, -1, Score, 0, 27.30312743193614
mt19937_1, -1, TimeBudget, 0, 93
mt19937_1, -1, ChosenN, 0, 1.674e+08
mt19937_1, -1, TimeUsed, 0, 78.55092399999999
mt19937_1, -1, Score, 0, 27.31872428698716
mt19937_1, -1, TimeBudget, 0, 94
mt19937_1, -1, ChosenN, 0, 1.692e+08
mt19937_1, -1, TimeUsed, 0, 79.455743
mt19937_1, -1, Score, 0, 27.33415432755676
mt19937_1, -1, TimeBudget, 0, 95
mt19937_1, -1, ChosenN, 0, 1.71e+08
mt19937_1, -1, TimeUsed, 0, 79.723129
mt19937_1, -1, Score, 0, 27.34942108421007
mt19937_1, -1, TimeBudget, 0, 96
mt19937_1, -1, ChosenN, 0, 1.728e+08
mt19937_1, -1, TimeUsed, 0, 84.151776
mt19937_1, -1, Score, 0, 27.36452797660028
mt19937_1, -1, TimeBudget, 0, 97
mt19937_1, -1, ChosenN, 0, 1.746e+08
mt19937_1, -1, TimeUsed, 0, 75.776956
mt19937_1, -1, Score, 0, 27.37947831806625
mt19937_1, -1, TimeBudget, 0, 98
mt19937_1, -1, ChosenN, 0, 1.764e+08
mt19937_1, -1, TimeUsed, 0, 77.289495
mt19937_1, -1, Score, 0, 27.39427531999434
mt19937_1, -1, TimeBudget, 0, 99
mt19937_1, -1, ChosenN, 0, 1.782e+08
mt19937_1, -1, TimeUsed, 0, 77.732246
mt19937_1, -1, Score, 0, 27.40892209595873
mt19937_1, -1, TimeBudget, 0, 100
mt19937_1, -1, ChosenN, 0, 1.8e+08
mt19937_1, -1, TimeUsed, 0, 78.11300900000001
mt19937_1, -1, Score, 0, 27.42342166565385
