mt19937_1, -1, TimeBudget, 0, 1
mt19937_1, -1, ChosenN, 0, 100000
mt19937_1, -1, TimeUsed, 0, 0.112722
mt19937_1, -1, Score, 0, 16.60964047443681
mt19937_1, -1, TimeBudget, 0, 2
mt19937_1, -1, ChosenN, 0, 200000
mt19937_1, -1, TimeUsed, 0, 0.170638
mt19937_1, -1, Score, 0, 17.60964047443681
mt19937_1, -1, TimeBudget, 0, 3
mt19937_1, -1, ChosenN, 0, 300000
mt19937_1, -1, TimeUsed, 0, 0.241442
mt19937_1, -1, Score, 0, 18.19460297515797
mt19937_1, -1, TimeBudget, 0, 4
mt19937_1, -1, ChosenN, 0, 400000
mt19937_1, -1, TimeUsed, 0, 0.316991
mt19937_1, -1, Score, 0, 18.60964047443681
mt19937_1, -1, TimeBudget, 0, 5
mt19937_1, -1, ChosenN, 0, 500000
mt19937_1, -1, TimeUsed, 0, 0.379652
mt19937_1, -1, Score, 0, 18.93156856932417
mt19937_1, -1, TimeBudget, 0, 6
mt19937_1, -1, ChosenN, 0, 600000
mt19937_1, -1, TimeUsed, 0, 0.468798
mt19937_1, -1, Score, 0, 19.19460297515797
mt19937_1, -1, TimeBudget, 0, 7
mt19937_1, -1, ChosenN, 0, 700000
mt19937_1, -1, TimeUsed, 0, 0.703562
mt19937_1, -1, Score, 0, 19.41699539649442
mt19937_1, -1, TimeBudget, 0, 8
mt19937_1, -1, ChosenN, 0, 800000
mt19937_1, -1, TimeUsed, 0, 0.463818
mt19937_1, -1, Score, 0, 19.60964047443681
mt19937_1, -1, TimeBudget, 0, 9
mt19937_1, -1, ChosenN, 0, 900000
mt19937_1, -1, TimeUsed, 0, 0.520867
mt19937_1, -1, Score, 0, 19.77956547587912
mt19937_1, -1, TimeBudget, 0, 10
mt19937_1, -1, ChosenN, 0, 1e+06
mt19937_1, -1, TimeUsed, 0, 0.569283
mt19937_1, -1, Score, 0, 19.93156856932417
