mt19937_1, -1, TimeBudget, 0, 2
mt19937_1, -1, ChosenN, 0, 2e+06
mt19937_1, -1, TimeUsed, 0, 0.47435976
mt19937_1, -1, Score, 0, 20.93156856932417
mt19937_1, -1, TimeBudget, 0, 12
mt19937_1, -1, ChosenN, 0, 1.2e+07
mt19937_1, -1, TimeUsed, 0, 2.14140534
mt19937_1, -1, Score, 0, 23.51653107004533
mt19937_1, -1, TimeBudget, 0, 22
mt19937_1, -1, ChosenN, 0, 2.2e+07
mt19937_1, -1, TimeUsed, 0, 4.113307322
mt19937_1, -1, Score, 0, 24.39100018796147
mt19937_1, -1, TimeBudget, 0, 32
mt19937_1, -1, ChosenN, 0, 3.2e+07
mt19937_1, -1, TimeUsed, 0, 5.753526489
mt19937_1, -1, Score, 0, 24.93156856932418
mt19937_1, -1, TimeBudget, 0, 42
mt19937_1, -1, ChosenN, 0, 4.2e+07
mt19937_1, -1, TimeUsed, 0, 7.954045754
mt19937_1, -1, Score, 0, 25.32388599210294
mt19937_1, -1, TimeBudget, 0, 52
mt19937_1, -1, ChosenN, 0, 5.2e+07
mt19937_1, -1, TimeUsed, 0, 8.714554244
mt19937_1, -1, Score, 0, 25.63200828746526
mt19937_1, -1, TimeBudget, 0, 62
mt19937_1, -1, ChosenN, 0, 6.2e+07
mt19937_1, -1, TimeUsed, 0, 11.938276552
mt19937_1, -1, Score, 0, 25.88576487971105
mt19937_1, -1, TimeBudget, 0, 72
mt19937_1, -1, ChosenN, 0, 7.2e+07
mt19937_1, -1, TimeUsed, 0, 13.900611005
mt19937_1, -1, Score, 0, 26.10149357076649
mt19937_1, -1, TimeBudget, 0, 82
mt19937_1, -1, ChosenN, 0, 8.2e+07
mt19937_1, -1, TimeUsed, 0, 17.155094815
mt19937_1, -1, Score, 0, 26.28912057394226
mt19937_1, -1, TimeBudget, 0, 92
mt19937_1, -1, ChosenN, 0, 9.2e+07
mt19937_1, -1, TimeUsed, 0, 18.999906664
mt19937_1, -1, Score, 0, 26.45513052538119
mt19937_1, -1, TimeBudget, 0, 102
mt19937_1, -1, ChosenN, 0, 1.02e+08
mt19937_1, -1, TimeUsed, 0, 20.183038281
mt19937_1, -1, Score, 0, 26.60399391129567
mt19937_1, -1, TimeBudget, 0, 112
mt19937_1, -1, ChosenN, 0, 1.12e+08
mt19937_1, -1, TimeUsed, 0, 20.190986308
mt19937_1, -1, Score, 0, 26.73892349138178
mt19937_1, -1, TimeBudget, 0, 122
mt19937_1, -1, ChosenN, 0, 1.22e+08
mt19937_1, -1, TimeUsed, 0, 23.348840693
mt19937_1, -1, Score, 0, 26.86230590688706
mt19937_1, -1, TimeBudget, 0, 132
mt19937_1, -1, ChosenN, 0, 1.32e+08
mt19937_1, -1, TimeUsed, 0, 25.039332359
mt19937_1, -1, Score, 0, 26.97596268868263
mt19937_1, -1, TimeBudget, 0, 142
mt19937_1, -1, ChosenN, 0, 1.42e+08
mt19937_1, -1, TimeUsed, 0, 32.541047
mt19937_1, -1, Score, 0, 27.08131568882886
mt19937_1, -1, TimeBudget, 0, 152
mt19937_1, -1, ChosenN, 0, 1.52e+08
mt19937_1, -1, TimeUsed, 0, 30.61999153
mt19937_1, -1, Score, 0, 27.17949608276776
mt19937_1, -1, TimeBudget, 0, 162
mt19937_1, -1, ChosenN, 0, 1.62e+08
mt19937_1, -1, TimeUsed, 0, 34.427927948
mt19937_1, -1, Score, 0, 27.2714185722088
mt19937_1, -1, TimeBudget, 0, 172
mt19937_1, -1, ChosenN, 0, 1.72e+08
mt19937_1, -1, TimeUsed, 0, 37.497686487
mt19937_1, -1, Score, 0, 27.35783332402627
