mt19937_1, -1, TimeBudget, 0, 2
mt19937_1, -1, ChosenN, 0, 2.34e+07
mt19937_1, -1, TimeUsed, 0, 1.272122845
mt19937_1, -1, Score, 0, 24.48000519402022
mt19937_1, -1, TimeBudget, 0, 12
mt19937_1, -1, ChosenN, 0, 1.404e+08
mt19937_1, -1, TimeUsed, 0, 11.225288782
mt19937_1, -1, Score, 0, 27.06496769474138
mt19937_1, -1, TimeBudget, 0, 22
mt19937_1, -1, ChosenN, 0, 2.574e+08
mt19937_1, -1, TimeUsed, 0, 14.690890566
mt19937_1, -1, Score, 0, 27.93943681265752
mt19937_1, -1, TimeBudget, 0, 32
mt19937_1, -1, ChosenN, 0, 3.744e+08
mt19937_1, -1, TimeUsed, 0, 27.238632466
mt19937_1, -1, Score, 0, 28.48000519402022
mt19937_1, -1, TimeBudget, 0, 42
mt19937_1, -1, ChosenN, 0, 8.4e+08
mt19937_1, -1, TimeUsed, 0, 41.272463286
mt19937_1, -1, Score, 0, 29.6458140869903
mt19937_1, -1, TimeBudget, 0, 52
mt19937_1, -1, ChosenN, 0, 1.04e+09
mt19937_1, -1, TimeUsed, 0, 49.906341123
mt19937_1, -1, Score, 0, 29.95393638235263
mt19937_1, -1, TimeBudget, 0, 62
mt19937_1, -1, ChosenN, 0, 1.24e+09
mt19937_1, -1, TimeUsed, 0, 58.111958774
mt19937_1, -1, Score, 0, 30.20769297459841
mt19937_1, -1, TimeBudget, 0, 72
mt19937_1, -1, ChosenN, 0, 1.44e+09
mt19937_1, -1, TimeUsed, 0, 67.48889856700001
mt19937_1, -1, Score, 0, 30.42342166565385
mt19937_1, -1, TimeBudget, 0, 82
mt19937_1, -1, ChosenN, 0, 1.64e+09
mt19937_1, -1, TimeUsed, 0, 77.054246413
mt19937_1, -1, Score, 0, 30.61104866882962
mt19937_1, -1, TimeBudget, 0, 92
mt19937_1, -1, ChosenN, 0, 1.84e+09
mt19937_1, -1, TimeUsed, 0, 86.074326911
mt19937_1, -1, Score, 0, 30.77705862026855
mt19937_1, -1, TimeBudget, 0, 102
mt19937_1, -1, ChosenN, 0, 2.04e+09
mt19937_1, -1, TimeUsed, 0, 95.037261199
mt19937_1, -1, Score, 0, 30.92592200618304
mt19937_1, -1, TimeBudget, 0, 112
mt19937_1, -1, ChosenN, 0, 2.24e+09
mt19937_1, -1, TimeUsed, 0, 104.434731388
mt19937_1, -1, Score, 0, 31.06085158626914
mt19937_1, -1, TimeBudget, 0, 122
mt19937_1, -1, ChosenN, 0, 2.44e+09
mt19937_1, -1, TimeUsed, 0, 113.323323315
mt19937_1, -1, Score, 0, 31.18423400177442
mt19937_1, -1, TimeBudget, 0, 132
mt19937_1, -1, ChosenN, 0, 2.64e+09
mt19937_1, -1, TimeUsed, 0, 122.90626893
mt19937_1, -1, Score, 0, 31.29789078356999
mt19937_1, -1, TimeBudget, 0, 142
mt19937_1, -1, ChosenN, 0, 2.84e+09
mt19937_1, -1, TimeUsed, 0, 132.581944887
mt19937_1, -1, Score, 0, 31.40324378371622
mt19937_1, -1, TimeBudget, 0, 152
mt19937_1, -1, ChosenN, 0, 3.04e+09
mt19937_1, -1, TimeUsed, 0, 141.937374737
mt19937_1, -1, Score, 0, 31.50142417765512
mt19937_1, -1, TimeBudget, 0, 162
mt19937_1, -1, ChosenN, 0, 3.24e+09
mt19937_1, -1, TimeUsed, 0, 148.973042061
mt19937_1, -1, Score, 0, 31.59334666709616
mt19937_1, -1, TimeBudget, 0, 172
mt19937_1, -1, ChosenN, 0, 3.44e+09
mt19937_1, -1, TimeUsed, 0, 158.67042565
mt19937_1, -1, Score, 0, 31.67976141891363
