mt19937_1, -1, TimeBudget, 0, 2
mt19937_1, -1, ChosenN, 0, 1.2e+07
mt19937_1, -1, TimeUsed, 0, 1.444037838
mt19937_1, -1, Score, 0, 23.51653107004533
mt19937_1, -1, TimeBudget, 0, 12
mt19937_1, -1, ChosenN, 0, 7.2e+07
mt19937_1, -1, TimeUsed, 0, 10.057671192
mt19937_1, -1, Score, 0, 26.10149357076649
mt19937_1, -1, TimeBudget, 0, 22
mt19937_1, -1, ChosenN, 0, 1.32e+08
mt19937_1, -1, TimeUsed, 0, 16.048179006
mt19937_1, -1, Score, 0, 26.97596268868263
mt19937_1, -1, TimeBudget, 0, 32
mt19937_1, -1, ChosenN, 0, 1.92e+08
mt19937_1, -1, TimeUsed, 0, 27.350819279
mt19937_1, -1, Score, 0, 27.51653107004533
mt19937_1, -1, TimeBudget, 0, 42
mt19937_1, -1, ChosenN, 0, 2.52e+08
mt19937_1, -1, TimeUsed, 0, 34.968308183
mt19937_1, -1, Score, 0, 27.90884849282409
mt19937_1, -1, TimeBudget, 0, 52
mt19937_1, -1, ChosenN, 0, 3.12e+08
mt19937_1, -1, TimeUsed, 0, 48.90116371
mt19937_1, -1, Score, 0, 28.21697078818642
mt19937_1, -1, TimeBudget, 0, 62
mt19937_1, -1, ChosenN, 0, 3.72e+08
mt19937_1, -1, TimeUsed, 0, 54.854211525
mt19937_1, -1, Score, 0, 28.4707273804322
mt19937_1, -1, TimeBudget, 0, 72
mt19937_1, -1, ChosenN, 0, 4.32e+08
mt19937_1, -1, TimeUsed, 0, 60.392793172
mt19937_1, -1, Score, 0, 28.68645607148764
mt19937_1, -1, TimeBudget, 0, 82
mt19937_1, -1, ChosenN, 0, 4.92e+08
mt19937_1, -1, TimeUsed, 0, 68.29374341499999
mt19937_1, -1, Score, 0, 28.87408307466341
mt19937_1, -1, TimeBudget, 0, 92
mt19937_1, -1, ChosenN, 0, 5.52e+08
mt19937_1, -1, TimeUsed, 0, 77.517518134
mt19937_1, -1, Score, 0, 29.04009302610234
mt19937_1, -1, TimeBudget, 0, 102
mt19937_1, -1, ChosenN, 0, 6.12e+08
mt19937_1, -1, TimeUsed, 0, 84.780540902
mt19937_1, -1, Score, 0, 29.18895641201683
mt19937_1, -1, TimeBudget, 0, 112
mt19937_1, -1, ChosenN, 0, 6.72e+08
mt19937_1, -1, TimeUsed, 0, 91.00092624600001
mt19937_1, -1, Score, 0, 29.32388599210294
mt19937_1, -1, TimeBudget, 0, 122
mt19937_1, -1, ChosenN, 0, 7.32e+08
mt19937_1, -1, TimeUsed, 0, 96.90947715900001
mt19937_1, -1, Score, 0, 29.44726840760822
mt19937_1, -1, TimeBudget, 0, 132
mt19937_1, -1, ChosenN, 0, 7.92e+08
mt19937_1, -1, TimeUsed, 0, 104.101083945
mt19937_1, -1, Score, 0, 29.56092518940378
mt19937_1, -1, TimeBudget, 0, 142
mt19937_1, -1, ChosenN, 0, 8.52e+08
mt19937_1, -1, TimeUsed, 0, 110.347841834
mt19937_1, -1, Score, 0, 29.66627818955001
mt19937_1, -1, TimeBudget, 0, 152
mt19937_1, -1, ChosenN, 0, 9.12e+08
mt19937_1, -1, TimeUsed, 0, 118.868629345
mt19937_1, -1, Score, 0, 29.76445858348892
mt19937_1, -1, TimeBudget, 0, 162
mt19937_1, -1, ChosenN, 0, 9.72e+08
mt19937_1, -1, TimeUsed, 0, 124.813892168
mt19937_1, -1, Score, 0, 29.85638107292995
mt19937_1, -1, TimeBudget, 0, 172
mt19937_1, -1, ChosenN, 0, 1.032e+09
mt19937_1, -1, TimeUsed, 0, 132.511052149
mt19937_1, -1, Score, 0, 29.94279582474743
