mt19937_1, -1, TimeBudget, 0, 81
mt19937_1, -1, ChosenN, 0, 1.701e+09
mt19937_1, -1, TimeUsed, 0, 79.251223494
mt19937_1, -1, Score, 0, 30.66373599498756
mt19937_1, -1, TimeBudget, 0, 82
mt19937_1, -1, ChosenN, 0, 1.722e+09
mt19937_1, -1, TimeUsed, 0, 80.409203838
mt19937_1, -1, Score, 0, 30.68143799672102
mt19937_1, -1, TimeBudget, 0, 83
mt19937_1, -1, ChosenN, 0, 1.743e+09
mt19937_1, -1, TimeUsed, 0, 81.880045947
mt19937_1, -1, Score, 0, 30.69892542344986
mt19937_1, -1, TimeBudget, 0, 84
mt19937_1, -1, ChosenN, 0, 1.764e+09
mt19937_1, -1, TimeUsed, 0, 83.134001896
mt19937_1, -1, Score, 0, 30.71620341488169
mt19937_1, -1, TimeBudget, 0, 85
mt19937_1, -1, ChosenN, 0, 1.785e+09
mt19937_1, -1, TimeUsed, 0, 85.996123396
mt19937_1, -1, Score, 0, 11.17441631493252
mt19937_1, -1, TimeBudget, 0, 86
mt19937_1, -1, ChosenN, 0, 1.806e+09
mt19937_1, -1, TimeUsed, 0, 83.072934295
mt19937_1, -1, Score, 0, 30.75015074680503
mt19937_1, -1, TimeBudget, 0, 87
mt19937_1, -1, ChosenN, 0, 1.827e+09
mt19937_1, -1, TimeUsed, 0, 86.042630381
mt19937_1, -1, Score, 0, 30.76682948795166
mt19937_1, -1, TimeBudget, 0, 88
mt19937_1, -1, ChosenN, 0, 1.848e+09
mt19937_1, -1, TimeUsed, 0, 86.15328887
mt19937_1, -1, Score, 0, 30.78331761074023
mt19937_1, -1, TimeBudget, 0, 89
mt19937_1, -1, ChosenN, 0, 1.869e+09
mt19937_1, -1, TimeUsed, 0, 86.28108266300001
mt19937_1, -1, Score, 0, 30.79961942306933
mt19937_1, -1, TimeBudget, 0, 90
mt19937_1, -1, ChosenN, 0, 1.89e+09
mt19937_1, -1, TimeUsed, 0, 87.96993693
mt19937_1, -1, Score, 0, 30.81573908843261
mt19937_1, -1, TimeBudget, 0, 91
mt19937_1, -1, ChosenN, 0, 1.911e+09
mt19937_1, -1, TimeUsed, 0, 89.298953873
mt19937_1, -1, Score, 0, 30.83168063230163
mt19937_1, -1, TimeBudget, 0, 92
mt19937_1, -1, ChosenN, 0, 1.932e+09
mt19937_1, -1, TimeUsed, 0, 90.328822617
mt19937_1, -1, Score, 0, 30.84744794815995
mt19937_1, -1, TimeBudget, 0, 93
mt19937_1, -1, ChosenN, 0, 1.953e+09
mt19937_1, -1, TimeUsed, 0, 91.096669238
mt19937_1, -1, Score, 0, 30.86304480321096
mt19937_1, -1, TimeBudget, 0, 94
mt19937_1, -1, ChosenN, 0, 1.974e+09
mt19937_1, -1, TimeUsed, 0, 93.465759385
mt19937_1, -1, Score, 0, 30.87847484378058
mt19937_1, -1, TimeBudget, 0, 95
mt19937_1, -1, ChosenN, 0, 1.995e+09
mt19937_1, -1, TimeUsed, 0, 93.30538357899999
mt19937_1, -1, Score, 0, 30.89374160043388
mt19937_1, -1, TimeBudget, 0, 96
mt19937_1, -1, ChosenN, 0, 2.016e+09
mt19937_1, -1, TimeUsed, 0, 95.376281986
mt19937_1, -1, Score, 0, 30.90884849282409
mt19937_1, -1, TimeBudget, 0, 97
mt19937_1, -1, ChosenN, 0, 2.037e+09
mt19937_1, -1, TimeUsed, 0, 95.43650492800001
mt19937_1, -1, Score, 0, 30.92379883429006
mt19937_1, -1, TimeBudget, 0, 98
mt19937_1, -1, ChosenN, 0, 2.058e+09
mt19937_1, -1, TimeUsed, 0, 95.734651425
mt19937_1, -1, Score, 0, 30.93859583621814
mt19937_1, -1, TimeBudget, 0, 99
mt19937_1, -1, ChosenN, 0, 2.079e+09
mt19937_1, -1, TimeUsed, 0, 97.47487513999999
mt19937_1, -1, Score, 0, 30.95324261218255
mt19937_1, -1, TimeBudget, 0, 100
mt19937_1, -1, ChosenN, 0, 2.1e+09
mt19937_1, -1, TimeUsed, 0, 97.736901492
mt19937_1, -1, Score, 0, 30.96774218187766
mt19937_1, -1, TimeBudget, 0, 101
mt19937_1, -1, ChosenN, 0, 2.121e+09
mt19937_1, -1, TimeUsed, 0, 99.40373076
mt19937_1, -1, Score, 0, 30.98209747485473
mt19937_1, -1, TimeBudget, 0, 102
mt19937_1, -1, ChosenN, 0, 2.142e+09
mt19937_1, -1, TimeUsed, 0, 100.925634944
mt19937_1, -1, Score, 0, 30.99631133407443
mt19937_1, -1, TimeBudget, 0, 103
mt19937_1, -1, ChosenN, 0, 2.163e+09
mt19937_1, -1, TimeUsed, 0, 99.829766448
mt19937_1, -1, Score, 0, 31.01038651928615
mt19937_1, -1, TimeBudget, 0, 104
mt19937_1, -1, ChosenN, 0, 2.184e+09
mt19937_1, -1, TimeUsed, 0, 100.141421798
mt19937_1, -1, Score, 0, 31.02432571024403
mt19937_1, -1, TimeBudget, 0, 105
mt19937_1, -1, ChosenN, 0, 2.205e+09
mt19937_1, -1, TimeUsed, 0, 103.477618668
mt19937_1, -1, Score, 0, 31.03813150976906
mt19937_1, -1, TimeBudget, 0, 106
mt19937_1, -1, ChosenN, 0, 2.226e+09
mt19937_1, -1, TimeUsed, 0, 103.052382451
mt19937_1, -1, Score, 0, 31.05180644666613
mt19937_1, -1, TimeBudget, 0, 107
mt19937_1, -1, ChosenN, 0, 2.247e+09
mt19937_1, -1, TimeUsed, 0, 104.369589128
mt19937_1, -1, Score, 0, 31.06535297850408
mt19937_1, -1, TimeBudget, 0, 108
mt19937_1, -1, ChosenN, 0, 2.268e+09
mt19937_1, -1, TimeUsed, 0, 105.322759638
mt19937_1, -1, Score, 0, 31.0787734942664
mt19937_1, -1, TimeBudget, 0, 109
mt19937_1, -1, ChosenN, 0, 2.289e+09
mt19937_1, -1, TimeUsed, 0, 106.025646835
mt19937_1, -1, Score, 0, 31.09207031687986
mt19937_1, -1, TimeBudget, 0, 110
mt19937_1, -1, ChosenN, 0, 2.31e+09
mt19937_1, -1, TimeUsed, 0, 107.43659781
mt19937_1, -1, Score, 0, 31.10524570562759
mt19937_1, -1, TimeBudget, 0, 111
mt19937_1, -1, ChosenN, 0, 2.331e+09
mt19937_1, -1, TimeUsed, 0, 108.753311238
mt19937_1, -1, Score, 0, 31.11830185845304
mt19937_1, -1, TimeBudget, 0, 112
mt19937_1, -1, ChosenN, 0, 2.352e+09
mt19937_1, -1, TimeUsed, 0, 109.869444546
mt19937_1, -1, Score, 0, 31.13124091416054
mt19937_1, -1, TimeBudget, 0, 113
mt19937_1, -1, ChosenN, 0, 2.373e+09
mt19937_1, -1, TimeUsed, 0, 111.049483727
mt19937_1, -1, Score, 0, 31.14406495451812
mt19937_1, -1, TimeBudget, 0, 114
mt19937_1, -1, ChosenN, 0, 2.394e+09
mt19937_1, -1, TimeUsed, 0, 110.283712265
mt19937_1, -1, Score, 0, 31.15677600626768
mt19937_1, -1, TimeBudget, 0, 115
mt19937_1, -1, ChosenN, 0, 2.415e+09
mt19937_1, -1, TimeUsed, 0, 112.80118359
mt19937_1, -1, Score, 0, 31.16937604304731
mt19937_1, -1, TimeBudget, 0, 116
mt19937_1, -1, ChosenN, 0, 2.436e+09
mt19937_1, -1, TimeUsed, 0, 113.241412828
mt19937_1, -1, Score, 0, 31.18186698723051
mt19937_1, -1, TimeBudget, 0, 117
mt19937_1, -1, ChosenN, 0, 2.457e+09
mt19937_1, -1, TimeUsed, 0, 123.788835603
mt19937_1, -1, Score, 0, 10.82880344682042
mt19937_1, -1, TimeBudget, 0, 118
mt19937_1, -1, ChosenN, 0, 2.478e+09
mt19937_1, -1, TimeUsed, 0, 116.036285159
mt19937_1, -1, Score, 0, 31.20652904146478
mt19937_1, -1, TimeBudget, 0, 119
mt19937_1, -1, ChosenN, 0, 2.499e+09
mt19937_1, -1, TimeUsed, 0, 116.873755765
mt19937_1, -1, Score, 0, 31.21870375541088
mt19937_1, -1, TimeBudget, 0, 120
mt19937_1, -1, ChosenN, 0, 2.52e+09
mt19937_1, -1, TimeUsed, 0, 119.310518268
mt19937_1, -1, Score, 0, 31.23077658771146
mt19937_1, -1, TimeBudget, 0, 121
mt19937_1, -1, ChosenN, 0, 2.541e+09
mt19937_1, -1, TimeUsed, 0, 117.619897134
mt19937_1, -1, Score, 0, 31.24274922937753
mt19937_1, -1, TimeBudget, 0, 122
mt19937_1, -1, ChosenN, 0, 2.562e+09
mt19937_1, -1, TimeUsed, 0, 119.941105194
mt19937_1, -1, Score, 0, 31.25462332966582
