mt19937_1, -1, TimeBudget, 0, 2
mt19937_1, -1, ChosenN, 0, 2.34e+07
mt19937_1, -1, TimeUsed, 0, 1.282130614
mt19937_1, -1, Score, 0, 24.48000519402022
mt19937_1, -1, TimeBudget, 0, 12
mt19937_1, -1, ChosenN, 0, 1.404e+08
mt19937_1, -1, TimeUsed, 0, 11.450303203
mt19937_1, -1, Score, 0, 27.06496769474138
mt19937_1, -1, TimeBudget, 0, 22
mt19937_1, -1, ChosenN, 0, 2.574e+08
mt19937_1, -1, TimeUsed, 0, 14.885945748
mt19937_1, -1, Score, 0, 27.93943681265752
mt19937_1, -1, TimeBudget, 0, 32
mt19937_1, -1, ChosenN, 0, 3.744e+08
mt19937_1, -1, TimeUsed, 0, 26.807937241
mt19937_1, -1, Score, 0, 28.48000519402022
mt19937_1, -1, TimeBudget, 0, 42
mt19937_1, -1, ChosenN, 0, 8.82e+08
mt19937_1, -1, TimeUsed, 0, 42.01213967
mt19937_1, -1, Score, 0, 10.92882098562539
mt19937_1, -1, TimeBudget, 0, 52
mt19937_1, -1, ChosenN, 0, 1.092e+09
mt19937_1, -1, TimeUsed, 0, 50.495443706
mt19937_1, -1, Score, 0, 30.02432571024402
mt19937_1, -1, TimeBudget, 0, 62
mt19937_1, -1, ChosenN, 0, 1.302e+09
mt19937_1, -1, TimeUsed, 0, 61.28053813
mt19937_1, -1, Score, 0, 30.27808230248981
mt19937_1, -1, TimeBudget, 0, 72
mt19937_1, -1, ChosenN, 0, 1.512e+09
mt19937_1, -1, TimeUsed, 0, 70.21151264300001
mt19937_1, -1, Score, 0, 30.49381099354525
mt19937_1, -1, TimeBudget, 0, 82
mt19937_1, -1, ChosenN, 0, 1.722e+09
mt19937_1, -1, TimeUsed, 0, 81.300511062
mt19937_1, -1, Score, 0, 30.68143799672102
mt19937_1, -1, TimeBudget, 0, 92
mt19937_1, -1, ChosenN, 0, 1.932e+09
mt19937_1, -1, TimeUsed, 0, 89.373119902
mt19937_1, -1, Score, 0, 30.84744794815995
mt19937_1, -1, TimeBudget, 0, 102
mt19937_1, -1, ChosenN, 0, 2.142e+09
mt19937_1, -1, TimeUsed, 0, 100.776349188
mt19937_1, -1, Score, 0, 30.99631133407443
mt19937_1, -1, TimeBudget, 0, 112
mt19937_1, -1, ChosenN, 0, 2.352e+09
mt19937_1, -1, TimeUsed, 0, 109.625457469
mt19937_1, -1, Score, 0, 31.13124091416054
mt19937_1, -1, TimeBudget, 0, 122
mt19937_1, -1, ChosenN, 0, 2.562e+09
mt19937_1, -1, TimeUsed, 0, 118.286652195
mt19937_1, -1, Score, 0, 31.25462332966582
mt19937_1, -1, TimeBudget, 0, 132
mt19937_1, -1, ChosenN, 0, 2.772e+09
mt19937_1, -1, TimeUsed, 0, 133.243901079
mt19937_1, -1, Score, 0, 11.43151141987927
mt19937_1, -1, TimeBudget, 0, 142
mt19937_1, -1, ChosenN, 0, 2.982e+09
mt19937_1, -1, TimeUsed, 0, 138.600367825
mt19937_1, -1, Score, 0, 31.47363311160762
mt19937_1, -1, TimeBudget, 0, 152
mt19937_1, -1, ChosenN, 0, 3.192e+09
mt19937_1, -1, TimeUsed, 0, 148.875872816
mt19937_1, -1, Score, 0, 31.57181350554652
mt19937_1, -1, TimeBudget, 0, 162
mt19937_1, -1, ChosenN, 0, 3.402e+09
mt19937_1, -1, TimeUsed, 0, 157.196530836
mt19937_1, -1, Score, 0, 31.66373599498756
mt19937_1, -1, TimeBudget, 0, 172
mt19937_1, -1, ChosenN, 0, 3.612e+09
mt19937_1, -1, TimeUsed, 0, 166.034456966
mt19937_1, -1, Score, 0, 31.75015074680503
