mt19937_1, -1, TimeBudget, 0, 81
mt19937_1, -1, ChosenN, 0, 1.62e+09
mt19937_1, -1, TimeUsed, 0, 75.712548681
mt19937_1, -1, Score, 0, 30.59334666709616
mt19937_1, -1, TimeBudget, 0, 82
mt19937_1, -1, ChosenN, 0, 1.64e+09
mt19937_1, -1, TimeUsed, 0, 76.304971369
mt19937_1, -1, Score, 0, 30.61104866882962
mt19937_1, -1, TimeBudget, 0, 83
mt19937_1, -1, ChosenN, 0, 1.66e+09
mt19937_1, -1, TimeUsed, 0, 78.09557664
mt19937_1, -1, Score, 0, 30.62853609555846
mt19937_1, -1, TimeBudget, 0, 84
mt19937_1, -1, ChosenN, 0, 1.68e+09
mt19937_1, -1, TimeUsed, 0, 79.502885867
mt19937_1, -1, Score, 0, 30.6458140869903
mt19937_1, -1, TimeBudget, 0, 85
mt19937_1, -1, ChosenN, 0, 1.7e+09
mt19937_1, -1, TimeUsed, 0, 79.60308681399999
mt19937_1, -1, Score, 0, 30.66288760034924
mt19937_1, -1, TimeBudget, 0, 86
mt19937_1, -1, ChosenN, 0, 1.72e+09
mt19937_1, -1, TimeUsed, 0, 81.282216404
mt19937_1, -1, Score, 0, 30.67976141891364
mt19937_1, -1, TimeBudget, 0, 87
mt19937_1, -1, ChosenN, 0, 1.74e+09
mt19937_1, -1, TimeUsed, 0, 82.76466492599999
mt19937_1, -1, Score, 0, 30.69644016006027
mt19937_1, -1, TimeBudget, 0, 88
mt19937_1, -1, ChosenN, 0, 1.76e+09
mt19937_1, -1, TimeUsed, 0, 82.91926034799999
mt19937_1, -1, Score, 0, 30.71292828284883
mt19937_1, -1, TimeBudget, 0, 89
mt19937_1, -1, ChosenN, 0, 1.78e+09
mt19937_1, -1, TimeUsed, 0, 83.277485614
mt19937_1, -1, Score, 0, 30.72923009517794
mt19937_1, -1, TimeBudget, 0, 90
mt19937_1, -1, ChosenN, 0, 1.8e+09
mt19937_1, -1, TimeUsed, 0, 84.414919028
mt19937_1, -1, Score, 0, 30.74534976054121
mt19937_1, -1, TimeBudget, 0, 91
mt19937_1, -1, ChosenN, 0, 1.82e+09
mt19937_1, -1, TimeUsed, 0, 84.568898117
mt19937_1, -1, Score, 0, 30.76129130441024
mt19937_1, -1, TimeBudget, 0, 92
mt19937_1, -1, ChosenN, 0, 1.84e+09
mt19937_1, -1, TimeUsed, 0, 85.738127069
mt19937_1, -1, Score, 0, 30.77705862026855
mt19937_1, -1, TimeBudget, 0, 93
mt19937_1, -1, ChosenN, 0, 1.86e+09
mt19937_1, -1, TimeUsed, 0, 87.026336689
mt19937_1, -1, Score, 0, 30.79265547531957
mt19937_1, -1, TimeBudget, 0, 94
mt19937_1, -1, ChosenN, 0, 1.88e+09
mt19937_1, -1, TimeUsed, 0, 87.40133000100001
mt19937_1, -1, Score, 0, 30.80808551588918
mt19937_1, -1, TimeBudget, 0, 95
mt19937_1, -1, ChosenN, 0, 1.9e+09
mt19937_1, -1, TimeUsed, 0, 87.88457579599999
mt19937_1, -1, Score, 0, 30.82335227254249
mt19937_1, -1, TimeBudget, 0, 96
mt19937_1, -1, ChosenN, 0, 1.92e+09
mt19937_1, -1, TimeUsed, 0, 89.19305953
mt19937_1, -1, Score, 0, 30.83845916493269
mt19937_1, -1, TimeBudget, 0, 97
mt19937_1, -1, ChosenN, 0, 1.94e+09
mt19937_1, -1, TimeUsed, 0, 90.38173416799999
mt19937_1, -1, Score, 0, 30.85340950639866
mt19937_1, -1, TimeBudget, 0, 98
mt19937_1, -1, ChosenN, 0, 1.96e+09
mt19937_1, -1, TimeUsed, 0, 91.801685349
mt19937_1, -1, Score, 0, 30.86820650832675
mt19937_1, -1, TimeBudget, 0, 99
mt19937_1, -1, ChosenN, 0, 1.98e+09
mt19937_1, -1, TimeUsed, 0, 92.04062791200001
mt19937_1, -1, Score, 0, 30.88285328429115
mt19937_1, -1, TimeBudget, 0, 100
mt19937_1, -1, ChosenN, 0, 2e+09
mt19937_1, -1, TimeUsed, 0, 93.419170159
mt19937_1, -1, Score, 0, 30.89735285398626
mt19937_1, -1, TimeBudget, 0, 101
mt19937_1, -1, ChosenN, 0, 2.02e+09
mt19937_1, -1, TimeUsed, 0, 95.189690027
mt19937_1, -1, Score, 0, 30.91170814696333
mt19937_1, -1, TimeBudget, 0, 102
mt19937_1, -1, ChosenN, 0, 2.04e+09
mt19937_1, -1, TimeUsed, 0, 95.266540097
mt19937_1, -1, Score, 0, 30.92592200618304
mt19937_1, -1, TimeBudget, 0, 103
mt19937_1, -1, ChosenN, 0, 2.06e+09
mt19937_1, -1, TimeUsed, 0, 95.964488995
mt19937_1, -1, Score, 0, 30.93999719139476
mt19937_1, -1, TimeBudget, 0, 104
mt19937_1, -1, ChosenN, 0, 2.08e+09
mt19937_1, -1, TimeUsed, 0, 97.69113706
mt19937_1, -1, Score, 0, 30.95393638235263
mt19937_1, -1, TimeBudget, 0, 105
mt19937_1, -1, ChosenN, 0, 2.1e+09
mt19937_1, -1, TimeUsed, 0, 98.173320391
mt19937_1, -1, Score, 0, 30.96774218187766
mt19937_1, -1, TimeBudget, 0, 106
mt19937_1, -1, ChosenN, 0, 2.12e+09
mt19937_1, -1, TimeUsed, 0, 99.582799087
mt19937_1, -1, Score, 0, 30.98141711877474
mt19937_1, -1, TimeBudget, 0, 107
mt19937_1, -1, ChosenN, 0, 2.14e+09
mt19937_1, -1, TimeUsed, 0, 100.337589374
mt19937_1, -1, Score, 0, 30.99496365061268
mt19937_1, -1, TimeBudget, 0, 108
mt19937_1, -1, ChosenN, 0, 2.16e+09
mt19937_1, -1, TimeUsed, 0, 100.419478971
mt19937_1, -1, Score, 0, 31.00838416637501
mt19937_1, -1, TimeBudget, 0, 109
mt19937_1, -1, ChosenN, 0, 2.18e+09
mt19937_1, -1, TimeUsed, 0, 100.832563913
mt19937_1, -1, Score, 0, 31.02168098898846
mt19937_1, -1, TimeBudget, 0, 110
mt19937_1, -1, ChosenN, 0, 2.2e+09
mt19937_1, -1, TimeUsed, 0, 101.615728674
mt19937_1, -1, Score, 0, 31.03485637773619
mt19937_1, -1, TimeBudget, 0, 111
mt19937_1, -1, ChosenN, 0, 2.22e+09
mt19937_1, -1, TimeUsed, 0, 103.886064449
mt19937_1, -1, Score, 0, 31.04791253056165
mt19937_1, -1, TimeBudget, 0, 112
mt19937_1, -1, ChosenN, 0, 2.24e+09
mt19937_1, -1, TimeUsed, 0, 103.558045776
mt19937_1, -1, Score, 0, 31.06085158626914
mt19937_1, -1, TimeBudget, 0, 113
mt19937_1, -1, ChosenN, 0, 2.26e+09
mt19937_1, -1, TimeUsed, 0, 105.352689872
mt19937_1, -1, Score, 0, 31.07367562662672
mt19937_1, -1, TimeBudget, 0, 114
mt19937_1, -1, ChosenN, 0, 2.28e+09
mt19937_1, -1, TimeUsed, 0, 115.666737149
mt19937_1, -1, Score, 0, 11.27005822787318
mt19937_1, -1, TimeBudget, 0, 115
mt19937_1, -1, ChosenN, 0, 2.3e+09
mt19937_1, -1, TimeUsed, 0, 106.951838758
mt19937_1, -1, Score, 0, 31.09898671515592
mt19937_1, -1, TimeBudget, 0, 116
mt19937_1, -1, ChosenN, 0, 2.32e+09
mt19937_1, -1, TimeUsed, 0, 109.323867028
mt19937_1, -1, Score, 0, 31.11147765933911
mt19937_1, -1, TimeBudget, 0, 117
mt19937_1, -1, ChosenN, 0, 2.34e+09
mt19937_1, -1, TimeUsed, 0, 109.146554174
mt19937_1, -1, Score, 0, 31.12386138379494
mt19937_1, -1, TimeBudget, 0, 118
mt19937_1, -1, ChosenN, 0, 2.36e+09
mt19937_1, -1, TimeUsed, 0, 112.152365492
mt19937_1, -1, Score, 0, 31.13613971357338
mt19937_1, -1, TimeBudget, 0, 119
mt19937_1, -1, ChosenN, 0, 2.38e+09
mt19937_1, -1, TimeUsed, 0, 110.478414006
mt19937_1, -1, Score, 0, 31.14831442751948
mt19937_1, -1, TimeBudget, 0, 120
mt19937_1, -1, ChosenN, 0, 2.4e+09
mt19937_1, -1, TimeUsed, 0, 112.245373681
mt19937_1, -1, Score, 0, 31.16038725982006
mt19937_1, -1, TimeBudget, 0, 121
mt19937_1, -1, ChosenN, 0, 2.42e+09
mt19937_1, -1, TimeUsed, 0, 112.621688542
mt19937_1, -1, Score, 0, 31.17235990148613
mt19937_1, -1, TimeBudget, 0, 122
mt19937_1, -1, ChosenN, 0, 2.44e+09
mt19937_1, -1, TimeUsed, 0, 113.992415811
mt19937_1, -1, Score, 0, 31.18423400177442
mt19937_1, -1, TimeBudget, 0, 123
mt19937_1, -1, ChosenN, 0, 2.46e+09
mt19937_1, -1, TimeUsed, 0, 115.120493508
mt19937_1, -1, Score, 0, 31.19601116955078
mt19937_1, -1, TimeBudget, 0, 124
mt19937_1, -1, ChosenN, 0, 2.48e+09
mt19937_1, -1, TimeUsed, 0, 116.030892697
mt19937_1, -1, Score, 0, 31.20769297459841
mt19937_1, -1, TimeBudget, 0, 125
mt19937_1, -1, ChosenN, 0, 2.5e+09
mt19937_1, -1, TimeUsed, 0, 116.874337551
mt19937_1, -1, Score, 0, 31.21928094887362
mt19937_1, -1, TimeBudget, 0, 126
mt19937_1, -1, ChosenN, 0, 2.52e+09
mt19937_1, -1, TimeUsed, 0, 115.948159584
mt19937_1, -1, Score, 0, 31.23077658771146
mt19937_1, -1, TimeBudget, 0, 127
mt19937_1, -1, ChosenN, 0, 2.54e+09
mt19937_1, -1, TimeUsed, 0, 117.554971735
mt19937_1, -1, Score, 0, 31.2421813509837
mt19937_1, -1, TimeBudget, 0, 128
mt19937_1, -1, ChosenN, 0, 2.56e+09
mt19937_1, -1, TimeUsed, 0, 117.427345643
mt19937_1, -1, Score, 0, 31.25349666421154
mt19937_1, -1, TimeBudget, 0, 129
mt19937_1, -1, ChosenN, 0, 2.58e+09
mt19937_1, -1, TimeUsed, 0, 118.346149632
mt19937_1, -1, Score, 0, 31.26472391963479
mt19937_1, -1, TimeBudget, 0, 130
mt19937_1, -1, ChosenN, 0, 2.6e+09
mt19937_1, -1, TimeUsed, 0, 119.315557735
mt19937_1, -1, Score, 0, 31.27586447723999
mt19937_1, -1, TimeBudget, 0, 131
mt19937_1, -1, ChosenN, 0, 2.62e+09
mt19937_1, -1, TimeUsed, 0, 120.61909795
mt19937_1, -1, Score, 0, 31.28691966574899
mt19937_1, -1, TimeBudget, 0, 132
mt19937_1, -1, ChosenN, 0, 2.64e+09
mt19937_1, -1, TimeUsed, 0, 122.820493617
mt19937_1, -1, Score, 0, 31.29789078356999
mt19937_1, -1, TimeBudget, 0, 133
mt19937_1, -1, ChosenN, 0, 2.66e+09
mt19937_1, -1, TimeUsed, 0, 123.859902762
mt19937_1, -1, Score, 0, 31.30877909971273
mt19937_1, -1, TimeBudget, 0, 134
mt19937_1, -1, ChosenN, 0, 2.68e+09
mt19937_1, -1, TimeUsed, 0, 125.098440785
mt19937_1, -1, Score, 0, 31.31958585466931
mt19937_1, -1, TimeBudget, 0, 135
mt19937_1, -1, ChosenN, 0, 2.7e+09
mt19937_1, -1, TimeUsed, 0, 124.80260295
mt19937_1, -1, Score, 0, 31.33031226126237
mt19937_1, -1, TimeBudget, 0, 136
mt19937_1, -1, ChosenN, 0, 2.72e+09
mt19937_1, -1, TimeUsed, 0, 127.538582333
mt19937_1, -1, Score, 0, 31.34095950546188
mt19937_1, -1, TimeBudget, 0, 137
mt19937_1, -1, ChosenN, 0, 2.74e+09
mt19937_1, -1, TimeUsed, 0, 126.920048029
mt19937_1, -1, Score, 0, 31.35152874717207
mt19937_1, -1, TimeBudget, 0, 138
mt19937_1, -1, ChosenN, 0, 2.76e+09
mt19937_1, -1, TimeUsed, 0, 128.210167961
mt19937_1, -1, Score, 0, 31.36202112098971
mt19937_1, -1, TimeBudget, 0, 139
mt19937_1, -1, ChosenN, 0, 2.78e+09
mt19937_1, -1, TimeUsed, 0, 128.817681383
mt19937_1, -1, Score, 0, 31.37243773693504
mt19937_1, -1, TimeBudget, 0, 140
mt19937_1, -1, ChosenN, 0, 2.8e+09
mt19937_1, -1, TimeUsed, 0, 129.028963294
mt19937_1, -1, Score, 0, 31.3827796811565
mt19937_1, -1, TimeBudget, 0, 141
mt19937_1, -1, ChosenN, 0, 2.82e+09
mt19937_1, -1, TimeUsed, 0, 131.916585388
mt19937_1, -1, Score, 0, 31.39304801661033
mt19937_1, -1, TimeBudget, 0, 142
mt19937_1, -1, ChosenN, 0, 2.84e+09
mt19937_1, -1, TimeUsed, 0, 132.165179944
mt19937_1, -1, Score, 0, 31.40324378371622
mt19937_1, -1, TimeBudget, 0, 143
mt19937_1, -1, ChosenN, 0, 2.86e+09
mt19937_1, -1, TimeUsed, 0, 132.322803967
mt19937_1, -1, Score, 0, 31.41336800098993
mt19937_1, -1, TimeBudget, 0, 144
mt19937_1, -1, ChosenN, 0, 2.88e+09
mt19937_1, -1, TimeUsed, 0, 132.459290434
mt19937_1, -1, Score, 0, 31.42342166565385
mt19937_1, -1, TimeBudget, 0, 145
mt19937_1, -1, ChosenN, 0, 2.9e+09
mt19937_1, -1, TimeUsed, 0, 134.487489049
mt19937_1, -1, Score, 0, 31.43340575422647
mt19937_1, -1, TimeBudget, 0, 146
mt19937_1, -1, ChosenN, 0, 2.92e+09
mt19937_1, -1, TimeUsed, 0, 135.147967114
mt19937_1, -1, Score, 0, 31.44332122309155
mt19937_1, -1, TimeBudget, 0, 147
mt19937_1, -1, ChosenN, 0, 2.94e+09
mt19937_1, -1, TimeUsed, 0, 135.634145211
mt19937_1, -1, Score, 0, 31.4531690090479
mt19937_1, -1, TimeBudget, 0, 148
mt19937_1, -1, ChosenN, 0, 2.96e+09
mt19937_1, -1, TimeUsed, 0, 137.429505743
mt19937_1, -1, Score, 0, 31.46295002984049
mt19937_1, -1, TimeBudget, 0, 149
mt19937_1, -1, ChosenN, 0, 2.98e+09
mt19937_1, -1, TimeUsed, 0, 137.756344356
mt19937_1, -1, Score, 0, 31.4726651846737
mt19937_1, -1, TimeBudget, 0, 150
mt19937_1, -1, ChosenN, 0, 3e+09
mt19937_1, -1, TimeUsed, 0, 138.800828535
mt19937_1, -1, Score, 0, 31.48231535470742
mt19937_1, -1, TimeBudget, 0, 151
mt19937_1, -1, ChosenN, 0, 3.02e+09
mt19937_1, -1, TimeUsed, 0, 142.119669115
mt19937_1, -1, Score, 0, 31.49190140353662
mt19937_1, -1, TimeBudget, 0, 152
mt19937_1, -1, ChosenN, 0, 3.04e+09
mt19937_1, -1, TimeUsed, 0, 140.0881987
mt19937_1, -1, Score, 0, 31.50142417765512
mt19937_1, -1, TimeBudget, 0, 153
mt19937_1, -1, ChosenN, 0, 3.06e+09
mt19937_1, -1, TimeUsed, 0, 140.573231214
mt19937_1, -1, Score, 0, 31.51088450690419
mt19937_1, -1, TimeBudget, 0, 154
mt19937_1, -1, ChosenN, 0, 3.08e+09
mt19937_1, -1, TimeUsed, 0, 141.843827953
mt19937_1, -1, Score, 0, 31.52028320490644
mt19937_1, -1, TimeBudget, 0, 155
mt19937_1, -1, ChosenN, 0, 3.1e+09
mt19937_1, -1, TimeUsed, 0, 144.140331094
mt19937_1, -1, Score, 0, 31.52962106948578
mt19937_1, -1, TimeBudget, 0, 156
mt19937_1, -1, ChosenN, 0, 3.12e+09
mt19937_1, -1, TimeUsed, 0, 144.900919435
mt19937_1, -1, Score, 0, 31.53889888307378
mt19937_1, -1, TimeBudget, 0, 157
mt19937_1, -1, ChosenN, 0, 3.14e+09
mt19937_1, -1, TimeUsed, 0, 145.881264842
mt19937_1, -1, Score, 0, 31.54811741310316
mt19937_1, -1, TimeBudget, 0, 158
mt19937_1, -1, ChosenN, 0, 3.16e+09
mt19937_1, -1, TimeUsed, 0, 146.360987324
mt19937_1, -1, Score, 0, 31.55727741238864
mt19937_1, -1, TimeBudget, 0, 159
mt19937_1, -1, ChosenN, 0, 3.18e+09
mt19937_1, -1, TimeUsed, 0, 148.113348381
mt19937_1, -1, Score, 0, 31.56637961949589
mt19937_1, -1, TimeBudget, 0, 160
mt19937_1, -1, ChosenN, 0, 3.2e+09
mt19937_1, -1, TimeUsed, 0, 147.769331655
mt19937_1, -1, Score, 0, 31.5754247590989
mt19937_1, -1, TimeBudget, 0, 161
mt19937_1, -1, ChosenN, 0, 3.22e+09
mt19937_1, -1, TimeUsed, 0, 151.378118883
mt19937_1, -1, Score, 0, 31.58441354232616
mt19937_1, -1, TimeBudget, 0, 162
mt19937_1, -1, ChosenN, 0, 3.24e+09
mt19937_1, -1, TimeUsed, 0, 148.705960864
mt19937_1, -1, Score, 0, 31.59334666709616
mt19937_1, -1, TimeBudget, 0, 163
mt19937_1, -1, ChosenN, 0, 3.26e+09
mt19937_1, -1, TimeUsed, 0, 151.883886433
mt19937_1, -1, Score, 0, 31.60222481844261
mt19937_1, -1, TimeBudget, 0, 164
mt19937_1, -1, ChosenN, 0, 3.28e+09
mt19937_1, -1, TimeUsed, 0, 151.685316552
mt19937_1, -1, Score, 0, 31.61104866882962
mt19937_1, -1, TimeBudget, 0, 165
mt19937_1, -1, ChosenN, 0, 3.3e+09
mt19937_1, -1, TimeUsed, 0, 151.562962703
mt19937_1, -1, Score, 0, 31.61981887845736
mt19937_1, -1, TimeBudget, 0, 166
mt19937_1, -1, ChosenN, 0, 3.32e+09
mt19937_1, -1, TimeUsed, 0, 154.032439379
mt19937_1, -1, Score, 0, 31.62853609555846
mt19937_1, -1, TimeBudget, 0, 167
mt19937_1, -1, ChosenN, 0, 3.34e+09
mt19937_1, -1, TimeUsed, 0, 154.941889995
mt19937_1, -1, Score, 0, 31.63720095668559
mt19937_1, -1, TimeBudget, 0, 168
mt19937_1, -1, ChosenN, 0, 3.36e+09
mt19937_1, -1, TimeUsed, 0, 156.411752606
mt19937_1, -1, Score, 0, 31.6458140869903
mt19937_1, -1, TimeBudget, 0, 169
mt19937_1, -1, ChosenN, 0, 3.38e+09
mt19937_1, -1, TimeUsed, 0, 155.41702761
mt19937_1, -1, Score, 0, 31.65437610049372
mt19937_1, -1, TimeBudget, 0, 170
mt19937_1, -1, ChosenN, 0, 3.4e+09
mt19937_1, -1, TimeUsed, 0, 154.956013909
mt19937_1, -1, Score, 0, 31.66288760034924
mt19937_1, -1, TimeBudget, 0, 171
mt19937_1, -1, ChosenN, 0, 3.42e+09
mt19937_1, -1, TimeUsed, 0, 157.582301388
mt19937_1, -1, Score, 0, 31.67134917909743
mt19937_1, -1, TimeBudget, 0, 172
mt19937_1, -1, ChosenN, 0, 3.44e+09
mt19937_1, -1, TimeUsed, 0, 158.938694704
mt19937_1, -1, Score, 0, 31.67976141891363
mt19937_1, -1, TimeBudget, 0, 173
mt19937_1, -1, ChosenN, 0, 3.46e+09
mt19937_1, -1, TimeUsed, 0, 160.29428268
mt19937_1, -1, Score, 0, 31.68812489184826
mt19937_1, -1, TimeBudget, 0, 174
mt19937_1, -1, ChosenN, 0, 3.48e+09
mt19937_1, -1, TimeUsed, 0, 158.470911564
mt19937_1, -1, Score, 0, 31.69644016006026
mt19937_1, -1, TimeBudget, 0, 175
mt19937_1, -1, ChosenN, 0, 3.5e+09
mt19937_1, -1, TimeUsed, 0, 160.90636823
mt19937_1, -1, Score, 0, 31.70470777604386
mt19937_1, -1, TimeBudget, 0, 176
mt19937_1, -1, ChosenN, 0, 3.52e+09
mt19937_1, -1, TimeUsed, 0, 162.529679902
mt19937_1, -1, Score, 0, 31.71292828284884
mt19937_1, -1, TimeBudget, 0, 177
mt19937_1, -1, ChosenN, 0, 3.54e+09
mt19937_1, -1, TimeUsed, 0, 163.272397575
mt19937_1, -1, Score, 0, 31.72110221429453
mt19937_1, -1, TimeBudget, 0, 178
mt19937_1, -1, ChosenN, 0, 3.56e+09
mt19937_1, -1, TimeUsed, 0, 164.990778018
mt19937_1, -1, Score, 0, 31.72923009517793
mt19937_1, -1, TimeBudget, 0, 179
mt19937_1, -1, ChosenN, 0, 3.58e+09
mt19937_1, -1, TimeUsed, 0, 166.675841785
mt19937_1, -1, Score, 0, 31.73731244147579
mt19937_1, -1, TimeBudget, 0, 180
mt19937_1, -1, ChosenN, 0, 3.6e+09
mt19937_1, -1, TimeUsed, 0, 164.812083946
mt19937_1, -1, Score, 0, 31.74534976054121
