mt19937_1, -1, TimeBudget, 0, 2
mt19937_1, -1, ChosenN, 0, 1.34e+07
mt19937_1, -1, TimeUsed, 0, 1.561299921
mt19937_1, -1, Score, 0, 23.67572966489458
mt19937_1, -1, TimeBudget, 0, 3
mt19937_1, -1, ChosenN, 0, 2.01e+07
mt19937_1, -1, TimeUsed, 0, 2.349912554
mt19937_1, -1, Score, 0, 24.26069216561574
mt19937_1, -1, TimeBudget, 0, 4
mt19937_1, -1, ChosenN, 0, 2.68e+07
mt19937_1, -1, TimeUsed, 0, 2.982547215
mt19937_1, -1, Score, 0, 24.67572966489459
mt19937_1, -1, TimeBudget, 0, 5
mt19937_1, -1, ChosenN, 0, 3.35e+07
mt19937_1, -1, TimeUsed, 0, 3.591377869
mt19937_1, -1, Score, 0, 24.99765775978195
mt19937_1, -1, TimeBudget, 0, 6
mt19937_1, -1, ChosenN, 0, 4.02e+07
mt19937_1, -1, TimeUsed, 0, 4.83521016
mt19937_1, -1, Score, 0, 25.26069216561574
mt19937_1, -1, TimeBudget, 0, 7
mt19937_1, -1, ChosenN, 0, 4.69e+07
mt19937_1, -1, TimeUsed, 0, 5.42257486
mt19937_1, -1, Score, 0, 25.48308458695219
mt19937_1, -1, TimeBudget, 0, 8
mt19937_1, -1, ChosenN, 0, 5.36e+07
mt19937_1, -1, TimeUsed, 0, 6.605478998
mt19937_1, -1, Score, 0, 25.67572966489458
mt19937_1, -1, TimeBudget, 0, 9
mt19937_1, -1, ChosenN, 0, 6.03e+07
mt19937_1, -1, TimeUsed, 0, 7.34474941
mt19937_1, -1, Score, 0, 25.8456546663369
mt19937_1, -1, TimeBudget, 0, 10
mt19937_1, -1, ChosenN, 0, 6.7e+07
mt19937_1, -1, TimeUsed, 0, 8.010414965000001
mt19937_1, -1, Score, 0, 25.99765775978194
mt19937_1, -1, TimeBudget, 0, 11
mt19937_1, -1, ChosenN, 0, 7.37e+07
mt19937_1, -1, TimeUsed, 0, 10.261435717
mt19937_1, -1, Score, 0, 26.13516128353188
mt19937_1, -1, TimeBudget, 0, 12
mt19937_1, -1, ChosenN, 0, 8.04e+07
mt19937_1, -1, TimeUsed, 0, 10.831880199
mt19937_1, -1, Score, 0, 26.26069216561574
mt19937_1, -1, TimeBudget, 0, 13
mt19937_1, -1, ChosenN, 0, 8.71e+07
mt19937_1, -1, TimeUsed, 0, 11.565399322
mt19937_1, -1, Score, 0, 26.37616938303568
mt19937_1, -1, TimeBudget, 0, 14
mt19937_1, -1, ChosenN, 0, 9.38e+07
mt19937_1, -1, TimeUsed, 0, 12.300219865
mt19937_1, -1, Score, 0, 26.48308458695219
mt19937_1, -1, TimeBudget, 0, 15
mt19937_1, -1, ChosenN, 0, 1.005e+08
mt19937_1, -1, TimeUsed, 0, 13.217435248
mt19937_1, -1, Score, 0, 26.58262026050311
mt19937_1, -1, TimeBudget, 0, 16
mt19937_1, -1, ChosenN, 0, 1.072e+08
mt19937_1, -1, TimeUsed, 0, 13.774487859
mt19937_1, -1, Score, 0, 26.67572966489459
mt19937_1, -1, TimeBudget, 0, 17
mt19937_1, -1, ChosenN, 0, 1.139e+08
mt19937_1, -1, TimeUsed, 0, 14.564671107
mt19937_1, -1, Score, 0, 26.76319250614493
mt19937_1, -1, TimeBudget, 0, 18
mt19937_1, -1, ChosenN, 0, 1.206e+08
mt19937_1, -1, TimeUsed, 0, 15.295124689
mt19937_1, -1, Score, 0, 26.8456546663369
mt19937_1, -1, TimeBudget, 0, 19
mt19937_1, -1, ChosenN, 0, 1.273e+08
mt19937_1, -1, TimeUsed, 0, 16.118799494
mt19937_1, -1, Score, 0, 26.92365717833817
mt19937_1, -1, TimeBudget, 0, 20
mt19937_1, -1, ChosenN, 0, 1.34e+08
mt19937_1, -1, TimeUsed, 0, 16.310019447
mt19937_1, -1, Score, 0, 26.99765775978195
mt19937_1, -1, TimeBudget, 0, 21
mt19937_1, -1, ChosenN, 0, 1.407e+08
mt19937_1, -1, TimeUsed, 0, 21.209755351
mt19937_1, -1, Score, 0, 9.858811343279989
mt19937_1, -1, TimeBudget, 0, 22
mt19937_1, -1, ChosenN, 0, 1.474e+08
mt19937_1, -1, TimeUsed, 0, 22.334919529
mt19937_1, -1, Score, 0, 9.831649633335109
mt19937_1, -1, TimeBudget, 0, 23
mt19937_1, -1, ChosenN, 0, 1.541e+08
mt19937_1, -1, TimeUsed, 0, 22.612539892
mt19937_1, -1, Score, 0, 27.1992916209516
mt19937_1, -1, TimeBudget, 0, 24
mt19937_1, -1, ChosenN, 0, 1.608e+08
mt19937_1, -1, TimeUsed, 0, 23.635463373
mt19937_1, -1, Score, 0, 27.26069216561574
mt19937_1, -1, TimeBudget, 0, 25
mt19937_1, -1, ChosenN, 0, 1.675e+08
mt19937_1, -1, TimeUsed, 0, 24.908907877
mt19937_1, -1, Score, 0, 27.31958585466931
mt19937_1, -1, TimeBudget, 0, 26
mt19937_1, -1, ChosenN, 0, 1.742e+08
mt19937_1, -1, TimeUsed, 0, 25.191319373
mt19937_1, -1, Score, 0, 27.37616938303568
mt19937_1, -1, TimeBudget, 0, 27
mt19937_1, -1, ChosenN, 0, 1.809e+08
mt19937_1, -1, TimeUsed, 0, 26.204481853
mt19937_1, -1, Score, 0, 27.43061716705806
mt19937_1, -1, TimeBudget, 0, 28
mt19937_1, -1, ChosenN, 0, 1.876e+08
mt19937_1, -1, TimeUsed, 0, 26.904934582
mt19937_1, -1, Score, 0, 27.48308458695219
mt19937_1, -1, TimeBudget, 0, 29
mt19937_1, -1, ChosenN, 0, 1.943e+08
mt19937_1, -1, TimeUsed, 0, 27.358395491
mt19937_1, -1, Score, 0, 27.53371066002216
mt19937_1, -1, TimeBudget, 0, 30
mt19937_1, -1, ChosenN, 0, 2.01e+08
mt19937_1, -1, TimeUsed, 0, 28.714144189
mt19937_1, -1, Score, 0, 27.5826202605031
mt19937_1, -1, TimeBudget, 0, 31
mt19937_1, -1, ChosenN, 0, 2.077e+08
mt19937_1, -1, TimeUsed, 0, 29.39970361
mt19937_1, -1, Score, 0, 27.62992597528146
mt19937_1, -1, TimeBudget, 0, 32
mt19937_1, -1, ChosenN, 0, 2.144e+08
mt19937_1, -1, TimeUsed, 0, 30.093858881
mt19937_1, -1, Score, 0, 27.67572966489458
mt19937_1, -1, TimeBudget, 0, 33
mt19937_1, -1, ChosenN, 0, 2.211e+08
mt19937_1, -1, TimeUsed, 0, 30.941844449
mt19937_1, -1, Score, 0, 27.72012378425304
mt19937_1, -1, TimeBudget, 0, 34
mt19937_1, -1, ChosenN, 0, 2.278e+08
mt19937_1, -1, TimeUsed, 0, 31.544329452
mt19937_1, -1, Score, 0, 27.76319250614492
mt19937_1, -1, TimeBudget, 0, 35
mt19937_1, -1, ChosenN, 0, 2.345e+08
mt19937_1, -1, TimeUsed, 0, 32.085521645
mt19937_1, -1, Score, 0, 27.80501268183955
mt19937_1, -1, TimeBudget, 0, 36
mt19937_1, -1, ChosenN, 0, 2.412e+08
mt19937_1, -1, TimeUsed, 0, 33.867827337
mt19937_1, -1, Score, 0, 27.8456546663369
mt19937_1, -1, TimeBudget, 0, 37
mt19937_1, -1, ChosenN, 0, 2.479e+08
mt19937_1, -1, TimeUsed, 0, 34.067048092
mt19937_1, -1, Score, 0, 27.88518303052353
mt19937_1, -1, TimeBudget, 0, 38
mt19937_1, -1, ChosenN, 0, 2.546e+08
mt19937_1, -1, TimeUsed, 0, 34.963640934
mt19937_1, -1, Score, 0, 27.92365717833817
mt19937_1, -1, TimeBudget, 0, 39
mt19937_1, -1, ChosenN, 0, 2.613e+08
mt19937_1, -1, TimeUsed, 0, 34.870338615
mt19937_1, -1, Score, 0, 27.96113188375683
