mt19937_1, -1, TimeBudget, 0, 2
mt19937_1, -1, ChosenN, 0, 1.2e+07
mt19937_1, -1, TimeUsed, 0, 0.286133898
mt19937_1, -1, Score, 0, 23.51653107004533
mt19937_1, -1, TimeBudget, 0, 12
mt19937_1, -1, ChosenN, 0, 7.2e+07
mt19937_1, -1, TimeUsed, 0, 1.38313289
mt19937_1, -1, Score, 0, 26.10149357076649
mt19937_1, -1, TimeBudget, 0, 22
mt19937_1, -1, ChosenN, 0, 1.32e+08
mt19937_1, -1, TimeUsed, 0, 2.684077492
mt19937_1, -1, Score, 0, 26.97596268868263
mt19937_1, -1, TimeBudget, 0, 32
mt19937_1, -1, ChosenN, 0, 1.92e+08
mt19937_1, -1, TimeUsed, 0, 4.242384354
mt19937_1, -1, Score, 0, 27.51653107004533
mt19937_1, -1, TimeBudget, 0, 42
mt19937_1, -1, ChosenN, 0, 2.52e+08
mt19937_1, -1, TimeUsed, 0, 5.878476338
mt19937_1, -1, Score, 0, 27.90884849282409
mt19937_1, -1, TimeBudget, 0, 52
mt19937_1, -1, ChosenN, 0, 3.12e+08
mt19937_1, -1, TimeUsed, 0, 7.513439201
mt19937_1, -1, Score, 0, 28.21697078818642
mt19937_1, -1, TimeBudget, 0, 62
mt19937_1, -1, ChosenN, 0, 3.72e+08
mt19937_1, -1, TimeUsed, 0, 7.770874899
mt19937_1, -1, Score, 0, 28.4707273804322
mt19937_1, -1, TimeBudget, 0, 72
mt19937_1, -1, ChosenN, 0, 4.32e+08
mt19937_1, -1, TimeUsed, 0, 8.967449489
mt19937_1, -1, Score, 0, 28.68645607148764
mt19937_1, -1, TimeBudget, 0, 82
mt19937_1, -1, ChosenN, 0, 4.92e+08
mt19937_1, -1, TimeUsed, 0, 10.486785028
mt19937_1, -1, Score, 0, 28.87408307466341
mt19937_1, -1, TimeBudget, 0, 92
mt19937_1, -1, ChosenN, 0, 5.52e+08
mt19937_1, -1, TimeUsed, 0, 12.125400667
mt19937_1, -1, Score, 0, 29.04009302610234
mt19937_1, -1, TimeBudget, 0, 102
mt19937_1, -1, ChosenN, 0, 7.14e+08
mt19937_1, -1, TimeUsed, 0, 16.32270513
mt19937_1, -1, Score, 0, 29.41134883335328
mt19937_1, -1, TimeBudget, 0, 112
mt19937_1, -1, ChosenN, 0, 7.84e+08
mt19937_1, -1, TimeUsed, 0, 16.537114022
mt19937_1, -1, Score, 0, 29.54627841343938
mt19937_1, -1, TimeBudget, 0, 122
mt19937_1, -1, ChosenN, 0, 8.54e+08
mt19937_1, -1, TimeUsed, 0, 18.005525576
mt19937_1, -1, Score, 0, 29.66966082894466
mt19937_1, -1, TimeBudget, 0, 132
mt19937_1, -1, ChosenN, 0, 9.24e+08
mt19937_1, -1, TimeUsed, 0, 20.04706353
mt19937_1, -1, Score, 0, 29.78331761074023
mt19937_1, -1, TimeBudget, 0, 142
mt19937_1, -1, ChosenN, 0, 9.94e+08
mt19937_1, -1, TimeUsed, 0, 21.94344988
mt19937_1, -1, Score, 0, 29.88867061088646
mt19937_1, -1, TimeBudget, 0, 152
mt19937_1, -1, ChosenN, 0, 1.064e+09
mt19937_1, -1, TimeUsed, 0, 23.675844666
mt19937_1, -1, Score, 0, 29.98685100482537
mt19937_1, -1, TimeBudget, 0, 162
mt19937_1, -1, ChosenN, 0, 1.134e+09
mt19937_1, -1, TimeUsed, 0, 23.985362891
mt19937_1, -1, Score, 0, 30.0787734942664
mt19937_1, -1, TimeBudget, 0, 172
mt19937_1, -1, ChosenN, 0, 1.204e+09
mt19937_1, -1, TimeUsed, 0, 25.893807303
mt19937_1, -1, Score, 0, 30.16518824608388
