mt19937_1, -1, TimeBudget, 0, 2
mt19937_1, -1, ChosenN, 0, 2e+06
mt19937_1, -1, TimeUsed, 0, 0.8490724710000001
mt19937_1, -1, Score, 0, 20.93156856932417
mt19937_1, -1, TimeBudget, 0, 12
mt19937_1, -1, ChosenN, 0, 1.2e+07
mt19937_1, -1, TimeUsed, 0, 5.617736344
mt19937_1, -1, Score, 0, 23.51653107004533
mt19937_1, -1, TimeBudget, 0, 22
mt19937_1, -1, ChosenN, 0, 2.2e+07
mt19937_1, -1, TimeUsed, 0, 10.018406598
mt19937_1, -1, Score, 0, 24.39100018796147
mt19937_1, -1, TimeBudget, 0, 32
mt19937_1, -1, ChosenN, 0, 3.2e+07
mt19937_1, -1, TimeUsed, 0, 11.470038793
mt19937_1, -1, Score, 0, 24.93156856932418
mt19937_1, -1, TimeBudget, 0, 42
mt19937_1, -1, ChosenN, 0, 4.2e+07
mt19937_1, -1, TimeUsed, 0, 15.243686498
mt19937_1, -1, Score, 0, 25.32388599210294
mt19937_1, -1, TimeBudget, 0, 52
mt19937_1, -1, ChosenN, 0, 5.2e+07
mt19937_1, -1, TimeUsed, 0, 19.100868995
mt19937_1, -1, Score, 0, 25.63200828746526
mt19937_1, -1, TimeBudget, 0, 62
mt19937_1, -1, ChosenN, 0, 6.2e+07
mt19937_1, -1, TimeUsed, 0, 22.996310608
mt19937_1, -1, Score, 0, 25.88576487971105
mt19937_1, -1, TimeBudget, 0, 72
mt19937_1, -1, ChosenN, 0, 7.2e+07
mt19937_1, -1, TimeUsed, 0, 26.189153492
mt19937_1, -1, Score, 0, 26.10149357076649
mt19937_1, -1, TimeBudget, 0, 82
mt19937_1, -1, ChosenN, 0, 8.2e+07
mt19937_1, -1, TimeUsed, 0, 31.108566317
mt19937_1, -1, Score, 0, 26.28912057394226
mt19937_1, -1, TimeBudget, 0, 92
mt19937_1, -1, ChosenN, 0, 9.2e+07
mt19937_1, -1, TimeUsed, 0, 44.732138759
mt19937_1, -1, Score, 0, 26.45513052538119
mt19937_1, -1, TimeBudget, 0, 102
mt19937_1, -1, ChosenN, 0, 1.02e+08
mt19937_1, -1, TimeUsed, 0, 38.377850048
mt19937_1, -1, Score, 0, 26.60399391129567
mt19937_1, -1, TimeBudget, 0, 112
mt19937_1, -1, ChosenN, 0, 1.12e+08
mt19937_1, -1, TimeUsed, 0, 53.346257202
mt19937_1, -1, Score, 0, 26.73892349138178
mt19937_1, -1, TimeBudget, 0, 122
mt19937_1, -1, ChosenN, 0, 1.22e+08
mt19937_1, -1, TimeUsed, 0, 54.039828105
mt19937_1, -1, Score, 0, 26.86230590688706
mt19937_1, -1, TimeBudget, 0, 132
mt19937_1, -1, ChosenN, 0, 1.32e+08
mt19937_1, -1, TimeUsed, 0, 49.453328086
mt19937_1, -1, Score, 0, 26.97596268868263
mt19937_1, -1, TimeBudget, 0, 142
mt19937_1, -1, ChosenN, 0, 1.42e+08
mt19937_1, -1, TimeUsed, 0, 70.965989014
mt19937_1, -1, Score, 0, 27.08131568882886
mt19937_1, -1, TimeBudget, 0, 152
mt19937_1, -1, ChosenN, 0, 1.52e+08
mt19937_1, -1, TimeUsed, 0, 60.012078395
mt19937_1, -1, Score, 0, 27.17949608276776
mt19937_1, -1, TimeBudget, 0, 162
mt19937_1, -1, ChosenN, 0, 1.62e+08
mt19937_1, -1, TimeUsed, 0, 64.214548787
mt19937_1, -1, Score, 0, 27.2714185722088
mt19937_1, -1, TimeBudget, 0, 172
mt19937_1, -1, ChosenN, 0, 1.72e+08
mt19937_1, -1, TimeUsed, 0, 68.090682394
mt19937_1, -1, Score, 0, 27.35783332402627
