mt19937_1, -1, TimeBudget, 0, 2
mt19937_1, -1, ChosenN, 0, 1.2e+07
mt19937_1, -1, TimeUsed, 0, 1.431932909
mt19937_1, -1, Score, 0, 23.51653107004533
mt19937_1, -1, TimeBudget, 0, 12
mt19937_1, -1, ChosenN, 0, 7.2e+07
mt19937_1, -1, TimeUsed, 0, 10.085428184
mt19937_1, -1, Score, 0, 26.10149357076649
mt19937_1, -1, TimeBudget, 0, 22
mt19937_1, -1, ChosenN, 0, 1.32e+08
mt19937_1, -1, TimeUsed, 0, 16.01289749
mt19937_1, -1, Score, 0, 26.97596268868263
mt19937_1, -1, TimeBudget, 0, 32
mt19937_1, -1, ChosenN, 0, 1.92e+08
mt19937_1, -1, TimeUsed, 0, 27.03183682
mt19937_1, -1, Score, 0, 27.51653107004533
mt19937_1, -1, TimeBudget, 0, 42
mt19937_1, -1, ChosenN, 0, 2.52e+08
mt19937_1, -1, TimeUsed, 0, 34.637727384
mt19937_1, -1, Score, 0, 27.90884849282409
mt19937_1, -1, TimeBudget, 0, 52
mt19937_1, -1, ChosenN, 0, 3.12e+08
mt19937_1, -1, TimeUsed, 0, 48.457118681
mt19937_1, -1, Score, 0, 28.21697078818642
mt19937_1, -1, TimeBudget, 0, 62
mt19937_1, -1, ChosenN, 0, 3.72e+08
mt19937_1, -1, TimeUsed, 0, 53.197611639
mt19937_1, -1, Score, 0, 28.4707273804322
mt19937_1, -1, TimeBudget, 0, 72
mt19937_1, -1, ChosenN, 0, 4.32e+08
mt19937_1, -1, TimeUsed, 0, 59.250250307
mt19937_1, -1, Score, 0, 28.68645607148764
mt19937_1, -1, TimeBudget, 0, 82
mt19937_1, -1, ChosenN, 0, 4.92e+08
mt19937_1, -1, TimeUsed, 0, 66.326033532
mt19937_1, -1, Score, 0, 28.87408307466341
mt19937_1, -1, TimeBudget, 0, 92
mt19937_1, -1, ChosenN, 0, 5.52e+08
mt19937_1, -1, TimeUsed, 0, 76.11220629100001
mt19937_1, -1, Score, 0, 29.04009302610234
mt19937_1, -1, TimeBudget, 0, 102
mt19937_1, -1, ChosenN, 0, 7.14e+08
mt19937_1, -1, TimeUsed, 0, 95.520259141
mt19937_1, -1, Score, 0, 29.41134883335328
mt19937_1, -1, TimeBudget, 0, 112
mt19937_1, -1, ChosenN, 0, 7.84e+08
mt19937_1, -1, TimeUsed, 0, 100.80934261
mt19937_1, -1, Score, 0, 29.54627841343938
mt19937_1, -1, TimeBudget, 0, 122
mt19937_1, -1, ChosenN, 0, 8.54e+08
mt19937_1, -1, TimeUsed, 0, 109.831077104
mt19937_1, -1, Score, 0, 29.66966082894466
mt19937_1, -1, TimeBudget, 0, 132
mt19937_1, -1, ChosenN, 0, 9.24e+08
mt19937_1, -1, TimeUsed, 0, 117.930889295
mt19937_1, -1, Score, 0, 29.78331761074023
mt19937_1, -1, TimeBudget, 0, 142
mt19937_1, -1, ChosenN, 0, 9.94e+08
mt19937_1, -1, TimeUsed, 0, 127.065426634
mt19937_1, -1, Score, 0, 29.88867061088646
mt19937_1, -1, TimeBudget, 0, 152
mt19937_1, -1, ChosenN, 0, 1.064e+09
mt19937_1, -1, TimeUsed, 0, 135.701466218
mt19937_1, -1, Score, 0, 29.98685100482537
mt19937_1, -1, TimeBudget, 0, 162
mt19937_1, -1, ChosenN, 0, 1.134e+09
mt19937_1, -1, TimeUsed, 0, 142.231581193
mt19937_1, -1, Score, 0, 30.0787734942664
mt19937_1, -1, TimeBudget, 0, 172
mt19937_1, -1, ChosenN, 0, 1.204e+09
mt19937_1, -1, TimeUsed, 0, 149.680714716
mt19937_1, -1, Score, 0, 30.16518824608388
