mt19937_1, -1, TimeBudget, 0, 1
mt19937_1, -1, ChosenN, 0, 1e+06
mt19937_1, -1, TimeUsed, 0, 0.733274
mt19937_1, -1, Score, 0, 19.93156856932417
mt19937_1, -1, TimeBudget, 0, 2
mt19937_1, -1, ChosenN, 0, 2e+06
mt19937_1, -1, TimeUsed, 0, 1.592099
mt19937_1, -1, Score, 0, 20.93156856932417
mt19937_1, -1, TimeBudget, 0, 3
mt19937_1, -1, ChosenN, 0, 3e+06
mt19937_1, -1, TimeUsed, 0, 2.251983
mt19937_1, -1, Score, 0, 21.51653107004533
mt19937_1, -1, TimeBudget, 0, 4
mt19937_1, -1, ChosenN, 0, 4e+06
mt19937_1, -1, TimeUsed, 0, 3.026438
mt19937_1, -1, Score, 0, 21.93156856932417
mt19937_1, -1, TimeBudget, 0, 5
mt19937_1, -1, ChosenN, 0, 5e+06
mt19937_1, -1, TimeUsed, 0, 3.834645
mt19937_1, -1, Score, 0, 22.25349666421154
mt19937_1, -1, TimeBudget, 0, 6
mt19937_1, -1, ChosenN, 0, 6e+06
mt19937_1, -1, TimeUsed, 0, 4.540472
mt19937_1, -1, Score, 0, 22.51653107004533
mt19937_1, -1, TimeBudget, 0, 7
mt19937_1, -1, ChosenN, 0, 7e+06
mt19937_1, -1, TimeUsed, 0, 5.313884
mt19937_1, -1, Score, 0, 22.73892349138178
mt19937_1, -1, TimeBudget, 0, 8
mt19937_1, -1, ChosenN, 0, 8e+06
mt19937_1, -1, TimeUsed, 0, 6.132836
mt19937_1, -1, Score, 0, 22.93156856932417
mt19937_1, -1, TimeBudget, 0, 9
mt19937_1, -1, ChosenN, 0, 9e+06
mt19937_1, -1, TimeUsed, 0, 7.743425
mt19937_1, -1, Score, 0, 23.10149357076649
mt19937_1, -1, TimeBudget, 0, 10
mt19937_1, -1, ChosenN, 0, 1e+07
mt19937_1, -1, TimeUsed, 0, 8.780291
mt19937_1, -1, Score, 0, 23.25349666421154
mt19937_1, -1, TimeBudget, 0, 11
mt19937_1, -1, ChosenN, 0, 1.1e+07
mt19937_1, -1, TimeUsed, 0, 9.519254
mt19937_1, -1, Score, 0, 23.39100018796147
mt19937_1, -1, TimeBudget, 0, 12
mt19937_1, -1, ChosenN, 0, 1.2e+07
mt19937_1, -1, TimeUsed, 0, 9.719777000000001
mt19937_1, -1, Score, 0, 23.51653107004533
mt19937_1, -1, TimeBudget, 0, 13
mt19937_1, -1, ChosenN, 0, 1.3e+07
mt19937_1, -1, TimeUsed, 0, 10.675107
mt19937_1, -1, Score, 0, 23.63200828746526
mt19937_1, -1, TimeBudget, 0, 14
mt19937_1, -1, ChosenN, 0, 1.4e+07
mt19937_1, -1, TimeUsed, 0, 10.42222
mt19937_1, -1, Score, 0, 23.73892349138178
mt19937_1, -1, TimeBudget, 0, 15
mt19937_1, -1, ChosenN, 0, 1.5e+07
mt19937_1, -1, TimeUsed, 0, 12.274237
mt19937_1, -1, Score, 0, 23.83845916493269
mt19937_1, -1, TimeBudget, 0, 16
mt19937_1, -1, ChosenN, 0, 1.6e+07
mt19937_1, -1, TimeUsed, 0, 13.2081
mt19937_1, -1, Score, 0, 23.93156856932417
mt19937_1, -1, TimeBudget, 0, 17
mt19937_1, -1, ChosenN, 0, 1.7e+07
mt19937_1, -1, TimeUsed, 0, 14.67093
mt19937_1, -1, Score, 0, 24.01903141057451
mt19937_1, -1, TimeBudget, 0, 18
mt19937_1, -1, ChosenN, 0, 1.8e+07
mt19937_1, -1, TimeUsed, 0, 12.300064
mt19937_1, -1, Score, 0, 24.10149357076649
mt19937_1, -1, TimeBudget, 0, 19
mt19937_1, -1, ChosenN, 0, 1.9e+07
mt19937_1, -1, TimeUsed, 0, 15.587731
mt19937_1, -1, Score, 0, 24.17949608276776
mt19937_1, -1, TimeBudget, 0, 20
mt19937_1, -1, ChosenN, 0, 2e+07
mt19937_1, -1, TimeUsed, 0, 14.939827
mt19937_1, -1, Score, 0, 24.25349666421154
mt19937_1, -1, TimeBudget, 0, 21
mt19937_1, -1, ChosenN, 0, 2.1e+07
mt19937_1, -1, TimeUsed, 0, 17.299074
mt19937_1, -1, Score, 0, 24.32388599210293
mt19937_1, -1, TimeBudget, 0, 22
mt19937_1, -1, ChosenN, 0, 2.2e+07
mt19937_1, -1, TimeUsed, 0, 18.388871
mt19937_1, -1, Score, 0, 24.39100018796147
mt19937_1, -1, TimeBudget, 0, 23
mt19937_1, -1, ChosenN, 0, 2.3e+07
mt19937_1, -1, TimeUsed, 0, 20.061594
mt19937_1, -1, Score, 0, 24.45513052538119
mt19937_1, -1, TimeBudget, 0, 24
mt19937_1, -1, ChosenN, 0, 2.4e+07
mt19937_1, -1, TimeUsed, 0, 17.654474
mt19937_1, -1, Score, 0, 24.51653107004533
mt19937_1, -1, TimeBudget, 0, 25
mt19937_1, -1, ChosenN, 0, 2.5e+07
mt19937_1, -1, TimeUsed, 0, 22.588048
mt19937_1, -1, Score, 0, 24.5754247590989
mt19937_1, -1, TimeBudget, 0, 26
mt19937_1, -1, ChosenN, 0, 2.6e+07
mt19937_1, -1, TimeUsed, 0, 20.965041
mt19937_1, -1, Score, 0, 24.63200828746527
mt19937_1, -1, TimeBudget, 0, 27
mt19937_1, -1, ChosenN, 0, 2.7e+07
mt19937_1, -1, TimeUsed, 0, 22.864459
mt19937_1, -1, Score, 0, 24.68645607148764
mt19937_1, -1, TimeBudget, 0, 28
mt19937_1, -1, ChosenN, 0, 2.8e+07
mt19937_1, -1, TimeUsed, 0, 24.002079
mt19937_1, -1, Score, 0, 24.73892349138178
mt19937_1, -1, TimeBudget, 0, 29
mt19937_1, -1, ChosenN, 0, 2.9e+07
mt19937_1, -1, TimeUsed, 0, 24.55694
mt19937_1, -1, Score, 0, 24.78954956445175
mt19937_1, -1, TimeBudget, 0, 30
mt19937_1, -1, ChosenN, 0, 3e+07
mt19937_1, -1, TimeUsed, 0, 24.820385
mt19937_1, -1, Score, 0, 24.83845916493269
mt19937_1, -1, TimeBudget, 0, 31
mt19937_1, -1, ChosenN, 0, 3.1e+07
mt19937_1, -1, TimeUsed, 0, 25.33134
mt19937_1, -1, Score, 0, 24.88576487971105
mt19937_1, -1, TimeBudget, 0, 32
mt19937_1, -1, ChosenN, 0, 3.2e+07
mt19937_1, -1, TimeUsed, 0, 23.595037
mt19937_1, -1, Score, 0, 24.93156856932418
mt19937_1, -1, TimeBudget, 0, 33
mt19937_1, -1, ChosenN, 0, 3.3e+07
mt19937_1, -1, TimeUsed, 0, 24.135498
mt19937_1, -1, Score, 0, 24.97596268868263
mt19937_1, -1, TimeBudget, 0, 34
mt19937_1, -1, ChosenN, 0, 3.4e+07
mt19937_1, -1, TimeUsed, 0, 28.171083
mt19937_1, -1, Score, 0, 25.01903141057452
mt19937_1, -1, TimeBudget, 0, 35
mt19937_1, -1, ChosenN, 0, 3.5e+07
mt19937_1, -1, TimeUsed, 0, 30.341565
mt19937_1, -1, Score, 0, 25.06085158626914
mt19937_1, -1, TimeBudget, 0, 36
mt19937_1, -1, ChosenN, 0, 3.6e+07
mt19937_1, -1, TimeUsed, 0, 27.234271
mt19937_1, -1, Score, 0, 25.10149357076649
mt19937_1, -1, TimeBudget, 0, 37
mt19937_1, -1, ChosenN, 0, 3.7e+07
mt19937_1, -1, TimeUsed, 0, 29.718053
mt19937_1, -1, Score, 0, 25.14102193495313
mt19937_1, -1, TimeBudget, 0, 38
mt19937_1, -1, ChosenN, 0, 3.8e+07
mt19937_1, -1, TimeUsed, 0, 33.111126
mt19937_1, -1, Score, 0, 25.17949608276776
mt19937_1, -1, TimeBudget, 0, 39
mt19937_1, -1, ChosenN, 0, 3.9e+07
mt19937_1, -1, TimeUsed, 0, 31.296405
mt19937_1, -1, Score, 0, 25.21697078818642
mt19937_1, -1, TimeBudget, 0, 40
mt19937_1, -1, ChosenN, 0, 4e+07
mt19937_1, -1, TimeUsed, 0, 29.126723
mt19937_1, -1, Score, 0, 25.25349666421154
mt19937_1, -1, TimeBudget, 0, 41
mt19937_1, -1, ChosenN, 0, 4.1e+07
mt19937_1, -1, TimeUsed, 0, 31.911612
mt19937_1, -1, Score, 0, 25.28912057394226
mt19937_1, -1, TimeBudget, 0, 42
mt19937_1, -1, ChosenN, 0, 4.2e+07
mt19937_1, -1, TimeUsed, 0, 32.91969
mt19937_1, -1, Score, 0, 25.32388599210294
mt19937_1, -1, TimeBudget, 0, 43
mt19937_1, -1, ChosenN, 0, 4.3e+07
mt19937_1, -1, TimeUsed, 0, 32.689688
mt19937_1, -1, Score, 0, 25.35783332402627
mt19937_1, -1, TimeBudget, 0, 44
mt19937_1, -1, ChosenN, 0, 4.4e+07
mt19937_1, -1, TimeUsed, 0, 34.970136
mt19937_1, -1, Score, 0, 25.39100018796147
mt19937_1, -1, TimeBudget, 0, 45
mt19937_1, -1, ChosenN, 0, 4.5e+07
mt19937_1, -1, TimeUsed, 0, 35.787566
mt19937_1, -1, Score, 0, 25.42342166565385
mt19937_1, -1, TimeBudget, 0, 46
mt19937_1, -1, ChosenN, 0, 4.6e+07
mt19937_1, -1, TimeUsed, 0, 33.518325
mt19937_1, -1, Score, 0, 25.45513052538119
mt19937_1, -1, TimeBudget, 0, 47
mt19937_1, -1, ChosenN, 0, 4.7e+07
mt19937_1, -1, TimeUsed, 0, 36.211249
mt19937_1, -1, Score, 0, 25.48615742100181
mt19937_1, -1, TimeBudget, 0, 48
mt19937_1, -1, ChosenN, 0, 4.8e+07
mt19937_1, -1, TimeUsed, 0, 38.151356
mt19937_1, -1, Score, 0, 25.51653107004533
mt19937_1, -1, TimeBudget, 0, 49
mt19937_1, -1, ChosenN, 0, 4.9e+07
mt19937_1, -1, TimeUsed, 0, 39.356787
mt19937_1, -1, Score, 0, 25.54627841343938
mt19937_1, -1, TimeBudget, 0, 50
mt19937_1, -1, ChosenN, 0, 5e+07
mt19937_1, -1, TimeUsed, 0, 36.694972
mt19937_1, -1, Score, 0, 25.5754247590989
mt19937_1, -1, TimeBudget, 0, 51
mt19937_1, -1, ChosenN, 0, 5.1e+07
mt19937_1, -1, TimeUsed, 0, 41.253992
mt19937_1, -1, Score, 0, 25.60399391129567
mt19937_1, -1, TimeBudget, 0, 52
mt19937_1, -1, ChosenN, 0, 5.2e+07
mt19937_1, -1, TimeUsed, 0, 41.282039
mt19937_1, -1, Score, 0, 25.63200828746526
mt19937_1, -1, TimeBudget, 0, 53
mt19937_1, -1, ChosenN, 0, 5.3e+07
mt19937_1, -1, TimeUsed, 0, 40.072772
mt19937_1, -1, Score, 0, 25.65948902388737
mt19937_1, -1, TimeBudget, 0, 54
mt19937_1, -1, ChosenN, 0, 5.4e+07
mt19937_1, -1, TimeUsed, 0, 39.530922
mt19937_1, -1, Score, 0, 25.68645607148764
mt19937_1, -1, TimeBudget, 0, 55
mt19937_1, -1, ChosenN, 0, 5.5e+07
mt19937_1, -1, TimeUsed, 0, 46.085418
mt19937_1, -1, Score, 0, 25.71292828284884
mt19937_1, -1, TimeBudget, 0, 56
mt19937_1, -1, ChosenN, 0, 5.6e+07
mt19937_1, -1, TimeUsed, 0, 47.051646
mt19937_1, -1, Score, 0, 25.73892349138178
mt19937_1, -1, TimeBudget, 0, 57
mt19937_1, -1, ChosenN, 0, 5.7e+07
mt19937_1, -1, TimeUsed, 0, 41.527417
mt19937_1, -1, Score, 0, 25.76445858348891
mt19937_1, -1, TimeBudget, 0, 58
mt19937_1, -1, ChosenN, 0, 5.8e+07
mt19937_1, -1, TimeUsed, 0, 42.388911
mt19937_1, -1, Score, 0, 25.78954956445174
mt19937_1, -1, TimeBudget, 0, 59
mt19937_1, -1, ChosenN, 0, 5.9e+07
mt19937_1, -1, TimeUsed, 0, 42.581945
mt19937_1, -1, Score, 0, 25.81421161868601
mt19937_1, -1, TimeBudget, 0, 60
mt19937_1, -1, ChosenN, 0, 6e+07
mt19937_1, -1, TimeUsed, 0, 41.732368
mt19937_1, -1, Score, 0, 25.83845916493269
mt19937_1, -1, TimeBudget, 0, 61
mt19937_1, -1, ChosenN, 0, 6.1e+07
mt19937_1, -1, TimeUsed, 0, 42.779876
mt19937_1, -1, Score, 0, 25.86230590688706
mt19937_1, -1, TimeBudget, 0, 62
mt19937_1, -1, ChosenN, 0, 6.2e+07
mt19937_1, -1, TimeUsed, 0, 50.085744
mt19937_1, -1, Score, 0, 25.88576487971105
mt19937_1, -1, TimeBudget, 0, 63
mt19937_1, -1, ChosenN, 0, 6.3e+07
mt19937_1, -1, TimeUsed, 0, 53.426633
mt19937_1, -1, Score, 0, 25.90884849282409
mt19937_1, -1, TimeBudget, 0, 64
mt19937_1, -1, ChosenN, 0, 6.4e+07
mt19937_1, -1, TimeUsed, 0, 47.226712
mt19937_1, -1, Score, 0, 25.93156856932417
mt19937_1, -1, TimeBudget, 0, 65
mt19937_1, -1, ChosenN, 0, 6.5e+07
mt19937_1, -1, TimeUsed, 0, 47.445973
mt19937_1, -1, Score, 0, 25.95393638235263
mt19937_1, -1, TimeBudget, 0, 66
mt19937_1, -1, ChosenN, 0, 6.6e+07
mt19937_1, -1, TimeUsed, 0, 48.234334
mt19937_1, -1, Score, 0, 25.97596268868263
mt19937_1, -1, TimeBudget, 0, 67
mt19937_1, -1, ChosenN, 0, 6.7e+07
mt19937_1, -1, TimeUsed, 0, 50.423281
mt19937_1, -1, Score, 0, 25.99765775978194
mt19937_1, -1, TimeBudget, 0, 68
mt19937_1, -1, ChosenN, 0, 6.8e+07
mt19937_1, -1, TimeUsed, 0, 55.207761
mt19937_1, -1, Score, 0, 26.01903141057451
mt19937_1, -1, TimeBudget, 0, 69
mt19937_1, -1, ChosenN, 0, 6.9e+07
mt19937_1, -1, TimeUsed, 0, 56.259179
mt19937_1, -1, Score, 0, 26.04009302610234
mt19937_1, -1, TimeBudget, 0, 70
mt19937_1, -1, ChosenN, 0, 7e+07
mt19937_1, -1, TimeUsed, 0, 54.099444
mt19937_1, -1, Score, 0, 26.06085158626914
mt19937_1, -1, TimeBudget, 0, 71
mt19937_1, -1, ChosenN, 0, 7.1e+07
mt19937_1, -1, TimeUsed, 0, 56.53615
mt19937_1, -1, Score, 0, 26.08131568882886
mt19937_1, -1, TimeBudget, 0, 72
mt19937_1, -1, ChosenN, 0, 7.2e+07
mt19937_1, -1, TimeUsed, 0, 62.127267
mt19937_1, -1, Score, 0, 26.10149357076649
mt19937_1, -1, TimeBudget, 0, 73
mt19937_1, -1, ChosenN, 0, 7.3e+07
mt19937_1, -1, TimeUsed, 0, 60.371477
mt19937_1, -1, Score, 0, 26.12139312820419
mt19937_1, -1, TimeBudget, 0, 74
mt19937_1, -1, ChosenN, 0, 7.4e+07
mt19937_1, -1, TimeUsed, 0, 57.015605
mt19937_1, -1, Score, 0, 26.14102193495312
mt19937_1, -1, TimeBudget, 0, 75
mt19937_1, -1, ChosenN, 0, 7.5e+07
mt19937_1, -1, TimeUsed, 0, 58.122319
mt19937_1, -1, Score, 0, 26.16038725982006
mt19937_1, -1, TimeBudget, 0, 76
mt19937_1, -1, ChosenN, 0, 7.6e+07
mt19937_1, -1, TimeUsed, 0, 67.28853700000001
mt19937_1, -1, Score, 0, 26.17949608276776
mt19937_1, -1, TimeBudget, 0, 77
mt19937_1, -1, ChosenN, 0, 7.7e+07
mt19937_1, -1, TimeUsed, 0, 68.38825
mt19937_1, -1, Score, 0, 26.19835511001908
mt19937_1, -1, TimeBudget, 0, 78
mt19937_1, -1, ChosenN, 0, 7.8e+07
mt19937_1, -1, TimeUsed, 0, 69.752415
mt19937_1, -1, Score, 0, 26.21697078818642
mt19937_1, -1, TimeBudget, 0, 79
mt19937_1, -1, ChosenN, 0, 7.9e+07
mt19937_1, -1, TimeUsed, 0, 70.488326
mt19937_1, -1, Score, 0, 26.23534931750128
mt19937_1, -1, TimeBudget, 0, 80
mt19937_1, -1, ChosenN, 0, 8e+07
mt19937_1, -1, TimeUsed, 0, 66.986328
mt19937_1, -1, Score, 0, 26.25349666421154
mt19937_1, -1, TimeBudget, 0, 81
mt19937_1, -1, ChosenN, 0, 8.1e+07
mt19937_1, -1, TimeUsed, 0, 64.151662
mt19937_1, -1, Score, 0, 26.2714185722088
mt19937_1, -1, TimeBudget, 0, 82
mt19937_1, -1, ChosenN, 0, 8.2e+07
mt19937_1, -1, TimeUsed, 0, 62.916709
mt19937_1, -1, Score, 0, 26.28912057394226
mt19937_1, -1, TimeBudget, 0, 83
mt19937_1, -1, ChosenN, 0, 8.3e+07
mt19937_1, -1, TimeUsed, 0, 64.734509
mt19937_1, -1, Score, 0, 26.3066080006711
mt19937_1, -1, TimeBudget, 0, 84
mt19937_1, -1, ChosenN, 0, 8.4e+07
mt19937_1, -1, TimeUsed, 0, 55.759702
mt19937_1, -1, Score, 0, 26.32388599210293
mt19937_1, -1, TimeBudget, 0, 85
mt19937_1, -1, ChosenN, 0, 8.5e+07
mt19937_1, -1, TimeUsed, 0, 65.727592
mt19937_1, -1, Score, 0, 26.34095950546188
mt19937_1, -1, TimeBudget, 0, 86
mt19937_1, -1, ChosenN, 0, 8.6e+07
mt19937_1, -1, TimeUsed, 0, 61.583107
mt19937_1, -1, Score, 0, 26.35783332402627
mt19937_1, -1, TimeBudget, 0, 87
mt19937_1, -1, ChosenN, 0, 8.7e+07
mt19937_1, -1, TimeUsed, 0, 62.271586
mt19937_1, -1, Score, 0, 26.3745120651729
mt19937_1, -1, TimeBudget, 0, 88
mt19937_1, -1, ChosenN, 0, 8.8e+07
mt19937_1, -1, TimeUsed, 0, 69.17468700000001
mt19937_1, -1, Score, 0, 26.39100018796147
mt19937_1, -1, TimeBudget, 0, 89
mt19937_1, -1, ChosenN, 0, 8.9e+07
mt19937_1, -1, TimeUsed, 0, 71.05652600000001
mt19937_1, -1, Score, 0, 26.40730200029057
mt19937_1, -1, TimeBudget, 0, 90
mt19937_1, -1, ChosenN, 0, 9e+07
mt19937_1, -1, TimeUsed, 0, 67.20474400000001
mt19937_1, -1, Score, 0, 26.42342166565385
mt19937_1, -1, TimeBudget, 0, 91
mt19937_1, -1, ChosenN, 0, 9.1e+07
mt19937_1, -1, TimeUsed, 0, 58.889906
mt19937_1, -1, Score, 0, 26.43936320952287
mt19937_1, -1, TimeBudget, 0, 92
mt19937_1, -1, ChosenN, 0, 9.2e+07
mt19937_1, -1, TimeUsed, 0, 73.174328
mt19937_1, -1, Score, 0, 26.45513052538119
mt19937_1, -1, TimeBudget, 0, 93
mt19937_1, -1, ChosenN, 0, 9.3e+07
mt19937_1, -1, TimeUsed, 0, 71.337575
mt19937_1, -1, Score, 0, 26.4707273804322
mt19937_1, -1, TimeBudget, 0, 94
mt19937_1, -1, ChosenN, 0, 9.4e+07
mt19937_1, -1, TimeUsed, 0, 71.33527100000001
mt19937_1, -1, Score, 0, 26.48615742100181
mt19937_1, -1, TimeBudget, 0, 95
mt19937_1, -1, ChosenN, 0, 9.5e+07
mt19937_1, -1, TimeUsed, 0, 77.75558599999999
mt19937_1, -1, Score, 0, 26.50142417765512
mt19937_1, -1, TimeBudget, 0, 96
mt19937_1, -1, ChosenN, 0, 9.6e+07
mt19937_1, -1, TimeUsed, 0, 82.001141
mt19937_1, -1, Score, 0, 26.51653107004533
mt19937_1, -1, TimeBudget, 0, 97
mt19937_1, -1, ChosenN, 0, 9.7e+07
mt19937_1, -1, TimeUsed, 0, 74.044461
mt19937_1, -1, Score, 0, 26.5314814115113
mt19937_1, -1, TimeBudget, 0, 98
mt19937_1, -1, ChosenN, 0, 9.8e+07
mt19937_1, -1, TimeUsed, 0, 71.98819899999999
mt19937_1, -1, Score, 0, 26.54627841343938
mt19937_1, -1, TimeBudget, 0, 99
mt19937_1, -1, ChosenN, 0, 9.9e+07
mt19937_1, -1, TimeUsed, 0, 77.386471
mt19937_1, -1, Score, 0, 26.56092518940379
mt19937_1, -1, TimeBudget, 0, 100
mt19937_1, -1, ChosenN, 0, 1e+08
mt19937_1, -1, TimeUsed, 0, 80.77123899999999
mt19937_1, -1, Score, 0, 26.5754247590989mt19937_1, -1, TimeBudget, 0, 101
mt19937_1, -1, ChosenN, 0, 1.01e+08
mt19937_1, -1, TimeUsed, 0, 86.58935
mt19937_1, -1, Score, 0, 26.58978005207597
mt19937_1, -1, TimeBudget, 0, 102
mt19937_1, -1, ChosenN, 0, 1.02e+08
mt19937_1, -1, TimeUsed, 0, 96.043041
mt19937_1, -1, Score, 0, 26.60399391129567
mt19937_1, -1, TimeBudget, 0, 103
mt19937_1, -1, ChosenN, 0, 1.03e+08
mt19937_1, -1, TimeUsed, 0, 94.762795
mt19937_1, -1, Score, 0, 26.61806909650739
mt19937_1, -1, TimeBudget, 0, 104
mt19937_1, -1, ChosenN, 0, 1.04e+08
mt19937_1, -1, TimeUsed, 0, 94.57374299999999
mt19937_1, -1, Score, 0, 26.63200828746527
mt19937_1, -1, TimeBudget, 0, 105
mt19937_1, -1, ChosenN, 0, 1.05e+08
mt19937_1, -1, TimeUsed, 0, 94.05522999999999
mt19937_1, -1, Score, 0, 26.6458140869903
mt19937_1, -1, TimeBudget, 0, 106
mt19937_1, -1, ChosenN, 0, 1.06e+08
mt19937_1, -1, TimeUsed, 0, 95.79159
mt19937_1, -1, Score, 0, 26.65948902388737
mt19937_1, -1, TimeBudget, 0, 107
mt19937_1, -1, ChosenN, 0, 1.07e+08
mt19937_1, -1, TimeUsed, 0, 97.079933
mt19937_1, -1, Score, 0, 26.67303555572532
mt19937_1, -1, TimeBudget, 0, 108
mt19937_1, -1, ChosenN, 0, 1.08e+08
mt19937_1, -1, TimeUsed, 0, 97.771022
mt19937_1, -1, Score, 0, 26.68645607148764
mt19937_1, -1, TimeBudget, 0, 109
mt19937_1, -1, ChosenN, 0, 1.09e+08
mt19937_1, -1, TimeUsed, 0, 93.566694
mt19937_1, -1, Score, 0, 26.6997528941011
mt19937_1, -1, TimeBudget, 0, 110
mt19937_1, -1, ChosenN, 0, 1.1e+08
mt19937_1, -1, TimeUsed, 0, 93.59088199999999
mt19937_1, -1, Score, 0, 26.71292828284883
mt19937_1, -1, TimeBudget, 0, 111
mt19937_1, -1, ChosenN, 0, 1.11e+08
mt19937_1, -1, TimeUsed, 0, 90.666749
mt19937_1, -1, Score, 0, 26.72598443567428
mt19937_1, -1, TimeBudget, 0, 112
mt19937_1, -1, ChosenN, 0, 1.12e+08
mt19937_1, -1, TimeUsed, 0, 90.836703
mt19937_1, -1, Score, 0, 26.73892349138178
mt19937_1, -1, TimeBudget, 0, 113
mt19937_1, -1, ChosenN, 0, 1.13e+08
mt19937_1, -1, TimeUsed, 0, 96.219562
mt19937_1, -1, Score, 0, 26.75174753173936
mt19937_1, -1, TimeBudget, 0, 114
mt19937_1, -1, ChosenN, 0, 1.14e+08
mt19937_1, -1, TimeUsed, 0, 91.474987
mt19937_1, -1, Score, 0, 26.76445858348892
mt19937_1, -1, TimeBudget, 0, 115
mt19937_1, -1, ChosenN, 0, 1.15e+08
mt19937_1, -1, TimeUsed, 0, 90.81485000000001
mt19937_1, -1, Score, 0, 26.77705862026855
mt19937_1, -1, TimeBudget, 0, 116
mt19937_1, -1, ChosenN, 0, 1.16e+08
mt19937_1, -1, TimeUsed, 0, 93.534699
mt19937_1, -1, Score, 0, 26.78954956445175
mt19937_1, -1, TimeBudget, 0, 117
mt19937_1, -1, ChosenN, 0, 1.17e+08
mt19937_1, -1, TimeUsed, 0, 96.470636
mt19937_1, -1, Score, 0, 26.80193328890758
mt19937_1, -1, TimeBudget, 0, 118
mt19937_1, -1, ChosenN, 0, 1.18e+08
mt19937_1, -1, TimeUsed, 0, 97.29247599999999
mt19937_1, -1, Score, 0, 26.81421161868602
mt19937_1, -1, TimeBudget, 0, 119
mt19937_1, -1, ChosenN, 0, 1.19e+08
mt19937_1, -1, TimeUsed, 0, 112.84746
mt19937_1, -1, Score, 0, 26.82638633263212
mt19937_1, -1, TimeBudget, 0, 120
mt19937_1, -1, ChosenN, 0, 1.2e+08
mt19937_1, -1, TimeUsed, 0, 109.435686
mt19937_1, -1, Score, 0, 26.83845916493269
