mt19937_1, -1, TimeBudget, 0, 2
mt19937_1, -1, ChosenN, 0, 4e+06
mt19937_1, -1, TimeUsed, 0, 0.622470461
mt19937_1, -1, Score, 0, 21.93156856932417
mt19937_1, -1, TimeBudget, 0, 12
mt19937_1, -1, ChosenN, 0, 2.4e+07
mt19937_1, -1, TimeUsed, 0, 3.067144924
mt19937_1, -1, Score, 0, 24.51653107004533
mt19937_1, -1, TimeBudget, 0, 22
mt19937_1, -1, ChosenN, 0, 4.4e+07
mt19937_1, -1, TimeUsed, 0, 5.77320745
mt19937_1, -1, Score, 0, 25.39100018796147
mt19937_1, -1, TimeBudget, 0, 32
mt19937_1, -1, ChosenN, 0, 6.4e+07
mt19937_1, -1, TimeUsed, 0, 8.487359704999999
mt19937_1, -1, Score, 0, 25.93156856932417
mt19937_1, -1, TimeBudget, 0, 42
mt19937_1, -1, ChosenN, 0, 8.4e+07
mt19937_1, -1, TimeUsed, 0, 12.306851447
mt19937_1, -1, Score, 0, 26.32388599210293
mt19937_1, -1, TimeBudget, 0, 52
mt19937_1, -1, ChosenN, 0, 1.04e+08
mt19937_1, -1, TimeUsed, 0, 14.71938271
mt19937_1, -1, Score, 0, 26.63200828746527
mt19937_1, -1, TimeBudget, 0, 62
mt19937_1, -1, ChosenN, 0, 1.24e+08
mt19937_1, -1, TimeUsed, 0, 17.658531198
mt19937_1, -1, Score, 0, 26.88576487971105
mt19937_1, -1, TimeBudget, 0, 72
mt19937_1, -1, ChosenN, 0, 1.44e+08
mt19937_1, -1, TimeUsed, 0, 23.78600682
mt19937_1, -1, Score, 0, 27.10149357076649
mt19937_1, -1, TimeBudget, 0, 82
mt19937_1, -1, ChosenN, 0, 1.64e+08
mt19937_1, -1, TimeUsed, 0, 26.370476881
mt19937_1, -1, Score, 0, 27.28912057394226
mt19937_1, -1, TimeBudget, 0, 92
mt19937_1, -1, ChosenN, 0, 1.84e+08
mt19937_1, -1, TimeUsed, 0, 29.36831974
mt19937_1, -1, Score, 0, 27.45513052538119
mt19937_1, -1, TimeBudget, 0, 102
mt19937_1, -1, ChosenN, 0, 2.04e+08
mt19937_1, -1, TimeUsed, 0, 32.341110984
mt19937_1, -1, Score, 0, 27.60399391129567
mt19937_1, -1, TimeBudget, 0, 112
mt19937_1, -1, ChosenN, 0, 2.24e+08
mt19937_1, -1, TimeUsed, 0, 34.610946435
mt19937_1, -1, Score, 0, 27.73892349138178
mt19937_1, -1, TimeBudget, 0, 122
mt19937_1, -1, ChosenN, 0, 2.44e+08
mt19937_1, -1, TimeUsed, 0, 36.324043802
mt19937_1, -1, Score, 0, 27.86230590688706
mt19937_1, -1, TimeBudget, 0, 132
mt19937_1, -1, ChosenN, 0, 2.64e+08
mt19937_1, -1, TimeUsed, 0, 37.865928074
mt19937_1, -1, Score, 0, 27.97596268868263
mt19937_1, -1, TimeBudget, 0, 142
mt19937_1, -1, ChosenN, 0, 2.84e+08
mt19937_1, -1, TimeUsed, 0, 47.755952795
mt19937_1, -1, Score, 0, 28.08131568882886
mt19937_1, -1, TimeBudget, 0, 152
mt19937_1, -1, ChosenN, 0, 3.04e+08
mt19937_1, -1, TimeUsed, 0, 51.928695252
mt19937_1, -1, Score, 0, 28.17949608276776
mt19937_1, -1, TimeBudget, 0, 162
mt19937_1, -1, ChosenN, 0, 3.24e+08
mt19937_1, -1, TimeUsed, 0, 52.82069518
mt19937_1, -1, Score, 0, 28.2714185722088
mt19937_1, -1, TimeBudget, 0, 172
mt19937_1, -1, ChosenN, 0, 3.44e+08
mt19937_1, -1, TimeUsed, 0, 55.406751467
mt19937_1, -1, Score, 0, 28.35783332402627
