mt19937_1, -1, TimeBudget, 0, 2
mt19937_1, -1, ChosenN, 0, 8e+06
mt19937_1, -1, TimeBudget, 0, 12
mt19937_1, -1, ChosenN, 0, 4.8e+07
mt19937_1, -1, TimeBudget, 0, 22
mt19937_1, -1, ChosenN, 0, 8.8e+07
mt19937_1, -1, TimeBudget, 0, 32
mt19937_1, -1, ChosenN, 0, 1.28e+08
mt19937_1, -1, TimeBudget, 0, 42
mt19937_1, -1, ChosenN, 0, 1.68e+08
mt19937_1, -1, TimeBudget, 0, 52
mt19937_1, -1, ChosenN, 0, 2.08e+08
mt19937_1, -1, TimeBudget, 0, 62
mt19937_1, -1, ChosenN, 0, 2.48e+08
mt19937_1, -1, TimeBudget, 0, 72
mt19937_1, -1, ChosenN, 0, 2.88e+08
mt19937_1, -1, TimeBudget, 0, 82
mt19937_1, -1, ChosenN, 0, 3.28e+08
mt19937_1, -1, TimeBudget, 0, 92
mt19937_1, -1, ChosenN, 0, 3.68e+08
mt19937_1, -1, TimeBudget, 0, 102
mt19937_1, -1, ChosenN, 0, 4.08e+08
mt19937_1, -1, TimeBudget, 0, 112
mt19937_1, -1, ChosenN, 0, 4.48e+08
mt19937_1, -1, TimeBudget, 0, 122
mt19937_1, -1, ChosenN, 0, 4.88e+08
mt19937_1, -1, TimeBudget, 0, 132
mt19937_1, -1, ChosenN, 0, 5.28e+08
mt19937_1, -1, TimeBudget, 0, 142
mt19937_1, -1, ChosenN, 0, 5.68e+08
mt19937_1, -1, TimeBudget, 0, 152
mt19937_1, -1, ChosenN, 0, 6.08e+08
mt19937_1, -1, TimeBudget, 0, 162
mt19937_1, -1, ChosenN, 0, 6.48e+08
mt19937_1, -1, TimeBudget, 0, 172
mt19937_1, -1, ChosenN, 0, 6.88e+08
mt19937_1, -1, TimeBudget, 0, 2
mt19937_1, -1, ChosenN, 0, 8e+06
mt19937_1, -1, TimeBudget, 0, 12
mt19937_1, -1, ChosenN, 0, 4.8e+07
mt19937_1, -1, TimeBudget, 0, 22
mt19937_1, -1, ChosenN, 0, 8.8e+07
mt19937_1, -1, TimeBudget, 0, 32
mt19937_1, -1, ChosenN, 0, 1.28e+08
mt19937_1, -1, TimeBudget, 0, 42
mt19937_1, -1, ChosenN, 0, 1.68e+08
mt19937_1, -1, TimeBudget, 0, 52
mt19937_1, -1, ChosenN, 0, 2.08e+08
mt19937_1, -1, TimeBudget, 0, 62
mt19937_1, -1, ChosenN, 0, 2.48e+08
mt19937_1, -1, TimeBudget, 0, 72
mt19937_1, -1, ChosenN, 0, 2.88e+08
mt19937_1, -1, TimeBudget, 0, 82
mt19937_1, -1, ChosenN, 0, 3.28e+08
mt19937_1, -1, TimeBudget, 0, 92
mt19937_1, -1, ChosenN, 0, 3.68e+08
mt19937_1, -1, TimeBudget, 0, 102
mt19937_1, -1, ChosenN, 0, 4.08e+08
mt19937_1, -1, TimeBudget, 0, 112
mt19937_1, -1, ChosenN, 0, 4.48e+08
mt19937_1, -1, TimeBudget, 0, 122
mt19937_1, -1, ChosenN, 0, 4.88e+08
mt19937_1, -1, TimeBudget, 0, 132
mt19937_1, -1, ChosenN, 0, 5.28e+08
mt19937_1, -1, TimeBudget, 0, 142
mt19937_1, -1, ChosenN, 0, 5.68e+08
mt19937_1, -1, TimeBudget, 0, 152
mt19937_1, -1, ChosenN, 0, 6.08e+08
mt19937_1, -1, TimeBudget, 0, 162
mt19937_1, -1, ChosenN, 0, 6.48e+08
mt19937_1, -1, TimeBudget, 0, 172
mt19937_1, -1, ChosenN, 0, 6.88e+08
