mt19937_1, -1, TimeBudget, 0, 2
mt19937_1, -1, ChosenN, 0, 3e+06
mt19937_1, -1, TimeUsed, 0, 1.862757862
mt19937_1, -1, Score, 0, 21.51653107004533
mt19937_1, -1, TimeBudget, 0, 3
mt19937_1, -1, ChosenN, 0, 4.5e+06
mt19937_1, -1, TimeUsed, 0, 2.875786071
mt19937_1, -1, Score, 0, 22.10149357076649
mt19937_1, -1, TimeBudget, 0, 4
mt19937_1, -1, ChosenN, 0, 6e+06
mt19937_1, -1, TimeUsed, 0, 3.836841924
mt19937_1, -1, Score, 0, 22.51653107004533
mt19937_1, -1, TimeBudget, 0, 5
mt19937_1, -1, ChosenN, 0, 7.5e+06
mt19937_1, -1, TimeUsed, 0, 4.838941831
mt19937_1, -1, Score, 0, 22.83845916493269
mt19937_1, -1, TimeBudget, 0, 6
mt19937_1, -1, ChosenN, 0, 9e+06
mt19937_1, -1, TimeUsed, 0, 5.892018825
mt19937_1, -1, Score, 0, 23.10149357076649
mt19937_1, -1, TimeBudget, 0, 7
mt19937_1, -1, ChosenN, 0, 1.05e+07
mt19937_1, -1, TimeUsed, 0, 6.489984603
mt19937_1, -1, Score, 0, 23.32388599210294
mt19937_1, -1, TimeBudget, 0, 8
mt19937_1, -1, ChosenN, 0, 1.2e+07
mt19937_1, -1, TimeUsed, 0, 7.400154497
mt19937_1, -1, Score, 0, 23.51653107004533
mt19937_1, -1, TimeBudget, 0, 9
mt19937_1, -1, ChosenN, 0, 1.35e+07
mt19937_1, -1, TimeUsed, 0, 8.402897342999999
mt19937_1, -1, Score, 0, 23.68645607148764
mt19937_1, -1, TimeBudget, 0, 10
mt19937_1, -1, ChosenN, 0, 1.5e+07
mt19937_1, -1, TimeUsed, 0, 9.307808343
mt19937_1, -1, Score, 0, 23.83845916493269
mt19937_1, -1, TimeBudget, 0, 11
mt19937_1, -1, ChosenN, 0, 1.65e+07
mt19937_1, -1, TimeUsed, 0, 10.369254118
mt19937_1, -1, Score, 0, 23.97596268868263
mt19937_1, -1, TimeBudget, 0, 12
mt19937_1, -1, ChosenN, 0, 1.8e+07
mt19937_1, -1, TimeUsed, 0, 11.470404895
mt19937_1, -1, Score, 0, 24.10149357076649
mt19937_1, -1, TimeBudget, 0, 13
mt19937_1, -1, ChosenN, 0, 1.95e+07
mt19937_1, -1, TimeUsed, 0, 12.569927174
mt19937_1, -1, Score, 0, 24.21697078818642
mt19937_1, -1, TimeBudget, 0, 14
mt19937_1, -1, ChosenN, 0, 2.1e+07
mt19937_1, -1, TimeUsed, 0, 13.054011163
mt19937_1, -1, Score, 0, 24.32388599210293
mt19937_1, -1, TimeBudget, 0, 15
mt19937_1, -1, ChosenN, 0, 2.25e+07
mt19937_1, -1, TimeUsed, 0, 14.069942662
mt19937_1, -1, Score, 0, 24.42342166565385
mt19937_1, -1, TimeBudget, 0, 16
mt19937_1, -1, ChosenN, 0, 2.4e+07
mt19937_1, -1, TimeUsed, 0, 14.805712369
mt19937_1, -1, Score, 0, 24.51653107004533
mt19937_1, -1, TimeBudget, 0, 17
mt19937_1, -1, ChosenN, 0, 2.55e+07
mt19937_1, -1, TimeUsed, 0, 16.105405293
mt19937_1, -1, Score, 0, 24.60399391129567
mt19937_1, -1, TimeBudget, 0, 18
mt19937_1, -1, ChosenN, 0, 2.7e+07
mt19937_1, -1, TimeUsed, 0, 16.893214176
mt19937_1, -1, Score, 0, 24.68645607148764
mt19937_1, -1, TimeBudget, 0, 19
mt19937_1, -1, ChosenN, 0, 2.85e+07
mt19937_1, -1, TimeUsed, 0, 17.89976554
mt19937_1, -1, Score, 0, 24.76445858348892
mt19937_1, -1, TimeBudget, 0, 20
mt19937_1, -1, ChosenN, 0, 3e+07
mt19937_1, -1, TimeUsed, 0, 18.40191461
mt19937_1, -1, Score, 0, 24.83845916493269
mt19937_1, -1, TimeBudget, 0, 21
mt19937_1, -1, ChosenN, 0, 3.15e+07
mt19937_1, -1, TimeUsed, 0, 19.670110494
mt19937_1, -1, Score, 0, 24.90884849282409
mt19937_1, -1, TimeBudget, 0, 22
mt19937_1, -1, ChosenN, 0, 3.3e+07
mt19937_1, -1, TimeUsed, 0, 20.355034789
mt19937_1, -1, Score, 0, 24.97596268868263
mt19937_1, -1, TimeBudget, 0, 23
mt19937_1, -1, ChosenN, 0, 3.45e+07
mt19937_1, -1, TimeUsed, 0, 22.27515292
mt19937_1, -1, Score, 0, 25.04009302610234
mt19937_1, -1, TimeBudget, 0, 24
mt19937_1, -1, ChosenN, 0, 3.6e+07
mt19937_1, -1, TimeUsed, 0, 23.048568251
mt19937_1, -1, Score, 0, 25.10149357076649
mt19937_1, -1, TimeBudget, 0, 25
mt19937_1, -1, ChosenN, 0, 3.75e+07
mt19937_1, -1, TimeUsed, 0, 24.279438004
mt19937_1, -1, Score, 0, 25.16038725982006
mt19937_1, -1, TimeBudget, 0, 26
mt19937_1, -1, ChosenN, 0, 3.9e+07
mt19937_1, -1, TimeUsed, 0, 24.667573224
mt19937_1, -1, Score, 0, 25.21697078818642
mt19937_1, -1, TimeBudget, 0, 27
mt19937_1, -1, ChosenN, 0, 4.05e+07
mt19937_1, -1, TimeUsed, 0, 25.57468622
mt19937_1, -1, Score, 0, 25.2714185722088
mt19937_1, -1, TimeBudget, 0, 28
mt19937_1, -1, ChosenN, 0, 4.2e+07
mt19937_1, -1, TimeUsed, 0, 26.404172545
mt19937_1, -1, Score, 0, 25.32388599210294
mt19937_1, -1, TimeBudget, 0, 29
mt19937_1, -1, ChosenN, 0, 4.35e+07
mt19937_1, -1, TimeUsed, 0, 27.50760492
mt19937_1, -1, Score, 0, 25.3745120651729
mt19937_1, -1, TimeBudget, 0, 30
mt19937_1, -1, ChosenN, 0, 4.5e+07
mt19937_1, -1, TimeUsed, 0, 28.323466818
mt19937_1, -1, Score, 0, 25.42342166565385
mt19937_1, -1, TimeBudget, 0, 31
mt19937_1, -1, ChosenN, 0, 4.65e+07
mt19937_1, -1, TimeUsed, 0, 29.640148005
mt19937_1, -1, Score, 0, 25.47072738043221
mt19937_1, -1, TimeBudget, 0, 32
mt19937_1, -1, ChosenN, 0, 4.8e+07
mt19937_1, -1, TimeUsed, 0, 30.346227751
mt19937_1, -1, Score, 0, 25.51653107004533
mt19937_1, -1, TimeBudget, 0, 33
mt19937_1, -1, ChosenN, 0, 4.95e+07
mt19937_1, -1, TimeUsed, 0, 31.498336579
mt19937_1, -1, Score, 0, 25.56092518940378
mt19937_1, -1, TimeBudget, 0, 34
mt19937_1, -1, ChosenN, 0, 5.1e+07
mt19937_1, -1, TimeUsed, 0, 31.741893194
mt19937_1, -1, Score, 0, 25.60399391129567
mt19937_1, -1, TimeBudget, 0, 35
mt19937_1, -1, ChosenN, 0, 5.25e+07
mt19937_1, -1, TimeUsed, 0, 33.504701435
mt19937_1, -1, Score, 0, 25.6458140869903
mt19937_1, -1, TimeBudget, 0, 36
mt19937_1, -1, ChosenN, 0, 5.4e+07
mt19937_1, -1, TimeUsed, 0, 34.06152516
mt19937_1, -1, Score, 0, 25.68645607148764
mt19937_1, -1, TimeBudget, 0, 37
mt19937_1, -1, ChosenN, 0, 5.55e+07
mt19937_1, -1, TimeUsed, 0, 35.700933871
mt19937_1, -1, Score, 0, 25.72598443567428
mt19937_1, -1, TimeBudget, 0, 38
mt19937_1, -1, ChosenN, 0, 5.7e+07
mt19937_1, -1, TimeUsed, 0, 35.918953227
mt19937_1, -1, Score, 0, 25.76445858348891
mt19937_1, -1, TimeBudget, 0, 39
mt19937_1, -1, ChosenN, 0, 5.85e+07
mt19937_1, -1, TimeUsed, 0, 37.689447804
mt19937_1, -1, Score, 0, 25.80193328890758
mt19937_1, -1, TimeBudget, 0, 40
mt19937_1, -1, ChosenN, 0, 6e+07
mt19937_1, -1, TimeUsed, 0, 37.795839341
mt19937_1, -1, Score, 0, 25.83845916493269
mt19937_1, -1, TimeBudget, 0, 41
mt19937_1, -1, ChosenN, 0, 6.15e+07
mt19937_1, -1, TimeUsed, 0, 39.017161581
mt19937_1, -1, Score, 0, 25.87408307466341
mt19937_1, -1, TimeBudget, 0, 42
mt19937_1, -1, ChosenN, 0, 6.3e+07
mt19937_1, -1, TimeUsed, 0, 39.673119944
mt19937_1, -1, Score, 0, 25.90884849282409
mt19937_1, -1, TimeBudget, 0, 43
mt19937_1, -1, ChosenN, 0, 6.45e+07
mt19937_1, -1, TimeUsed, 0, 41.25675723
mt19937_1, -1, Score, 0, 25.94279582474743
mt19937_1, -1, TimeBudget, 0, 44
mt19937_1, -1, ChosenN, 0, 6.6e+07
mt19937_1, -1, TimeUsed, 0, 41.804420882
mt19937_1, -1, Score, 0, 25.97596268868263
mt19937_1, -1, TimeBudget, 0, 45
mt19937_1, -1, ChosenN, 0, 6.75e+07
mt19937_1, -1, TimeUsed, 0, 44.511535216
mt19937_1, -1, Score, 0, 26.00838416637501
mt19937_1, -1, TimeBudget, 0, 46
mt19937_1, -1, ChosenN, 0, 6.9e+07
mt19937_1, -1, TimeUsed, 0, 44.779746055
mt19937_1, -1, Score, 0, 26.04009302610234
mt19937_1, -1, TimeBudget, 0, 47
mt19937_1, -1, ChosenN, 0, 7.05e+07
mt19937_1, -1, TimeUsed, 0, 46.022386161
mt19937_1, -1, Score, 0, 26.07111992172297
mt19937_1, -1, TimeBudget, 0, 48
mt19937_1, -1, ChosenN, 0, 7.2e+07
mt19937_1, -1, TimeUsed, 0, 46.648135515
mt19937_1, -1, Score, 0, 26.10149357076649
mt19937_1, -1, TimeBudget, 0, 49
mt19937_1, -1, ChosenN, 0, 7.35e+07
mt19937_1, -1, TimeUsed, 0, 48.329790177
mt19937_1, -1, Score, 0, 26.13124091416054
mt19937_1, -1, TimeBudget, 0, 50
mt19937_1, -1, ChosenN, 0, 7.5e+07
mt19937_1, -1, TimeUsed, 0, 48.860979274
mt19937_1, -1, Score, 0, 26.16038725982006
mt19937_1, -1, TimeBudget, 0, 51
mt19937_1, -1, ChosenN, 0, 7.65e+07
mt19937_1, -1, TimeUsed, 0, 50.034986288
mt19937_1, -1, Score, 0, 26.18895641201683
mt19937_1, -1, TimeBudget, 0, 52
mt19937_1, -1, ChosenN, 0, 7.8e+07
mt19937_1, -1, TimeUsed, 0, 50.524483978
mt19937_1, -1, Score, 0, 26.21697078818642
mt19937_1, -1, TimeBudget, 0, 53
mt19937_1, -1, ChosenN, 0, 7.95e+07
mt19937_1, -1, TimeUsed, 0, 52.211064477
mt19937_1, -1, Score, 0, 26.24445152460853
mt19937_1, -1, TimeBudget, 0, 54
mt19937_1, -1, ChosenN, 0, 8.1e+07
mt19937_1, -1, TimeUsed, 0, 52.090652884
mt19937_1, -1, Score, 0, 26.2714185722088
mt19937_1, -1, TimeBudget, 0, 55
mt19937_1, -1, ChosenN, 0, 8.25e+07
mt19937_1, -1, TimeUsed, 0, 53.94392635
mt19937_1, -1, Score, 0, 26.29789078356999
mt19937_1, -1, TimeBudget, 0, 56
mt19937_1, -1, ChosenN, 0, 8.4e+07
mt19937_1, -1, TimeUsed, 0, 54.342960001
mt19937_1, -1, Score, 0, 26.32388599210293
mt19937_1, -1, TimeBudget, 0, 57
mt19937_1, -1, ChosenN, 0, 8.55e+07
mt19937_1, -1, TimeUsed, 0, 55.516608265
mt19937_1, -1, Score, 0, 26.34942108421007
mt19937_1, -1, TimeBudget, 0, 58
mt19937_1, -1, ChosenN, 0, 8.7e+07
mt19937_1, -1, TimeUsed, 0, 56.050326368
mt19937_1, -1, Score, 0, 26.3745120651729
mt19937_1, -1, TimeBudget, 0, 59
mt19937_1, -1, ChosenN, 0, 8.85e+07
mt19937_1, -1, TimeUsed, 0, 57.772608625
mt19937_1, -1, Score, 0, 26.39917411940717
mt19937_1, -1, TimeBudget, 0, 60
mt19937_1, -1, ChosenN, 0, 9e+07
mt19937_1, -1, TimeUsed, 0, 57.235640011
mt19937_1, -1, Score, 0, 26.42342166565385
mt19937_1, -1, TimeBudget, 0, 61
mt19937_1, -1, ChosenN, 0, 9.15e+07
mt19937_1, -1, TimeUsed, 0, 59.527477112
mt19937_1, -1, Score, 0, 26.44726840760822
mt19937_1, -1, TimeBudget, 0, 62
mt19937_1, -1, ChosenN, 0, 9.3e+07
mt19937_1, -1, TimeUsed, 0, 59.805417067
mt19937_1, -1, Score, 0, 26.4707273804322
mt19937_1, -1, TimeBudget, 0, 63
mt19937_1, -1, ChosenN, 0, 9.45e+07
mt19937_1, -1, TimeUsed, 0, 61.017246152
mt19937_1, -1, Score, 0, 26.49381099354525
mt19937_1, -1, TimeBudget, 0, 64
mt19937_1, -1, ChosenN, 0, 9.6e+07
mt19937_1, -1, TimeUsed, 0, 61.07232425
mt19937_1, -1, Score, 0, 26.51653107004533
mt19937_1, -1, TimeBudget, 0, 65
mt19937_1, -1, ChosenN, 0, 9.75e+07
mt19937_1, -1, TimeUsed, 0, 63.319505981
mt19937_1, -1, Score, 0, 26.53889888307379
mt19937_1, -1, TimeBudget, 0, 66
mt19937_1, -1, ChosenN, 0, 9.9e+07
mt19937_1, -1, TimeUsed, 0, 63.248086808
mt19937_1, -1, Score, 0, 26.56092518940379
mt19937_1, -1, TimeBudget, 0, 67
mt19937_1, -1, ChosenN, 0, 1.005e+08
mt19937_1, -1, TimeUsed, 0, 65.089303284
mt19937_1, -1, Score, 0, 26.58262026050311
mt19937_1, -1, TimeBudget, 0, 68
mt19937_1, -1, ChosenN, 0, 1.02e+08
mt19937_1, -1, TimeUsed, 0, 65.362988508
mt19937_1, -1, Score, 0, 26.60399391129567
mt19937_1, -1, TimeBudget, 0, 69
mt19937_1, -1, ChosenN, 0, 1.035e+08
mt19937_1, -1, TimeUsed, 0, 67.519314653
mt19937_1, -1, Score, 0, 26.6250555268235
mt19937_1, -1, TimeBudget, 0, 70
mt19937_1, -1, ChosenN, 0, 1.05e+08
mt19937_1, -1, TimeUsed, 0, 66.79158119
mt19937_1, -1, Score, 0, 26.6458140869903
mt19937_1, -1, TimeBudget, 0, 71
mt19937_1, -1, ChosenN, 0, 1.065e+08
mt19937_1, -1, TimeUsed, 0, 68.868013761
mt19937_1, -1, Score, 0, 26.66627818955002
mt19937_1, -1, TimeBudget, 0, 72
mt19937_1, -1, ChosenN, 0, 1.08e+08
mt19937_1, -1, TimeUsed, 0, 69.163134059
mt19937_1, -1, Score, 0, 26.68645607148764
mt19937_1, -1, TimeBudget, 0, 73
mt19937_1, -1, ChosenN, 0, 1.095e+08
mt19937_1, -1, TimeUsed, 0, 71.106485588
mt19937_1, -1, Score, 0, 26.70635562892535
mt19937_1, -1, TimeBudget, 0, 74
mt19937_1, -1, ChosenN, 0, 1.11e+08
mt19937_1, -1, TimeUsed, 0, 70.987769929
mt19937_1, -1, Score, 0, 26.72598443567428
mt19937_1, -1, TimeBudget, 0, 75
mt19937_1, -1, ChosenN, 0, 1.125e+08
mt19937_1, -1, TimeUsed, 0, 73.00616061300001
mt19937_1, -1, Score, 0, 26.74534976054121
mt19937_1, -1, TimeBudget, 0, 76
mt19937_1, -1, ChosenN, 0, 1.14e+08
mt19937_1, -1, TimeUsed, 0, 72.257574855
mt19937_1, -1, Score, 0, 26.76445858348892
mt19937_1, -1, TimeBudget, 0, 77
mt19937_1, -1, ChosenN, 0, 1.155e+08
mt19937_1, -1, TimeUsed, 0, 74.633006236
mt19937_1, -1, Score, 0, 26.78331761074023
mt19937_1, -1, TimeBudget, 0, 78
mt19937_1, -1, ChosenN, 0, 1.17e+08
mt19937_1, -1, TimeUsed, 0, 74.538392958
mt19937_1, -1, Score, 0, 26.80193328890758
mt19937_1, -1, TimeBudget, 0, 79
mt19937_1, -1, ChosenN, 0, 1.185e+08
mt19937_1, -1, TimeUsed, 0, 76.584089031
mt19937_1, -1, Score, 0, 26.82031181822243
mt19937_1, -1, TimeBudget, 0, 80
mt19937_1, -1, ChosenN, 0, 1.2e+08
mt19937_1, -1, TimeUsed, 0, 76.42849791499999
mt19937_1, -1, Score, 0, 26.83845916493269
mt19937_1, -1, TimeBudget, 0, 81
mt19937_1, -1, ChosenN, 0, 1.215e+08
mt19937_1, -1, TimeUsed, 0, 78.486871659
mt19937_1, -1, Score, 0, 26.85638107292996
mt19937_1, -1, TimeBudget, 0, 82
mt19937_1, -1, ChosenN, 0, 1.23e+08
mt19937_1, -1, TimeUsed, 0, 77.873435082
mt19937_1, -1, Score, 0, 26.87408307466342
mt19937_1, -1, TimeBudget, 0, 83
mt19937_1, -1, ChosenN, 0, 1.245e+08
mt19937_1, -1, TimeUsed, 0, 79.949881449
mt19937_1, -1, Score, 0, 26.89157050139226
mt19937_1, -1, TimeBudget, 0, 84
mt19937_1, -1, ChosenN, 0, 1.26e+08
mt19937_1, -1, TimeUsed, 0, 80.06239763799999
mt19937_1, -1, Score, 0, 26.90884849282409
mt19937_1, -1, TimeBudget, 0, 85
mt19937_1, -1, ChosenN, 0, 1.275e+08
mt19937_1, -1, TimeUsed, 0, 82.15572385999999
mt19937_1, -1, Score, 0, 26.92592200618303
mt19937_1, -1, TimeBudget, 0, 86
mt19937_1, -1, ChosenN, 0, 1.29e+08
mt19937_1, -1, TimeUsed, 0, 80.820746656
mt19937_1, -1, Score, 0, 26.94279582474743
mt19937_1, -1, TimeBudget, 0, 87
mt19937_1, -1, ChosenN, 0, 1.305e+08
mt19937_1, -1, TimeUsed, 0, 83.531070555
mt19937_1, -1, Score, 0, 26.95947456589406
mt19937_1, -1, TimeBudget, 0, 88
mt19937_1, -1, ChosenN, 0, 1.32e+08
mt19937_1, -1, TimeUsed, 0, 83.47595241400001
mt19937_1, -1, Score, 0, 26.97596268868263
mt19937_1, -1, TimeBudget, 0, 89
mt19937_1, -1, ChosenN, 0, 1.335e+08
mt19937_1, -1, TimeUsed, 0, 84.818398839
mt19937_1, -1, Score, 0, 26.99226450101173
mt19937_1, -1, TimeBudget, 0, 90
mt19937_1, -1, ChosenN, 0, 1.35e+08
mt19937_1, -1, TimeUsed, 0, 88.781015489
mt19937_1, -1, Score, 0, 27.00838416637501
mt19937_1, -1, TimeBudget, 0, 91
mt19937_1, -1, ChosenN, 0, 1.365e+08
mt19937_1, -1, TimeUsed, 0, 91.411129535
mt19937_1, -1, Score, 0, 9.89687950207804
mt19937_1, -1, TimeBudget, 0, 92
mt19937_1, -1, ChosenN, 0, 1.38e+08
mt19937_1, -1, TimeUsed, 0, 91.675459733
mt19937_1, -1, Score, 0, 27.04009302610234
mt19937_1, -1, TimeBudget, 0, 93
mt19937_1, -1, ChosenN, 0, 1.395e+08
mt19937_1, -1, TimeUsed, 0, 93.623633325
mt19937_1, -1, Score, 0, 9.886711624027527
mt19937_1, -1, TimeBudget, 0, 94
mt19937_1, -1, ChosenN, 0, 1.41e+08
mt19937_1, -1, TimeUsed, 0, 92.99486303
mt19937_1, -1, Score, 0, 27.07111992172297