mt19937_1, -1, TimeBudget, 0, 2
mt19937_1, -1, ChosenN, 0, 2.4e+07
mt19937_1, -1, TimeUsed, 0, 1.276773722
mt19937_1, -1, Score, 0, 24.51653107004533
mt19937_1, -1, TimeBudget, 0, 12
mt19937_1, -1, ChosenN, 0, 1.44e+08
mt19937_1, -1, TimeUsed, 0, 11.346765083
mt19937_1, -1, Score, 0, 27.10149357076649
mt19937_1, -1, TimeBudget, 0, 22
mt19937_1, -1, ChosenN, 0, 2.64e+08
mt19937_1, -1, TimeUsed, 0, 16.653906624
mt19937_1, -1, Score, 0, 27.97596268868263
mt19937_1, -1, TimeBudget, 0, 32
mt19937_1, -1, ChosenN, 0, 3.84e+08
mt19937_1, -1, TimeUsed, 0, 24.816600166
mt19937_1, -1, Score, 0, 28.51653107004533
mt19937_1, -1, TimeBudget, 0, 42
mt19937_1, -1, ChosenN, 0, 5.04e+08
mt19937_1, -1, TimeUsed, 0, 30.277192109
mt19937_1, -1, Score, 0, 28.90884849282409
mt19937_1, -1, TimeBudget, 0, 52
mt19937_1, -1, ChosenN, 0, 6.24e+08
mt19937_1, -1, TimeUsed, 0, 34.593334395
mt19937_1, -1, Score, 0, 29.21697078818642
mt19937_1, -1, TimeBudget, 0, 62
mt19937_1, -1, ChosenN, 0, 7.44e+08
mt19937_1, -1, TimeUsed, 0, 37.401026757
mt19937_1, -1, Score, 0, 29.4707273804322
mt19937_1, -1, TimeBudget, 0, 72
mt19937_1, -1, ChosenN, 0, 8.64e+08
mt19937_1, -1, TimeUsed, 0, 41.674034018
mt19937_1, -1, Score, 0, 29.68645607148764
mt19937_1, -1, TimeBudget, 0, 82
mt19937_1, -1, ChosenN, 0, 9.84e+08
mt19937_1, -1, TimeUsed, 0, 50.476003122
mt19937_1, -1, Score, 0, 29.87408307466341
mt19937_1, -1, TimeBudget, 0, 92
mt19937_1, -1, ChosenN, 0, 1.104e+09
mt19937_1, -1, TimeUsed, 0, 51.563815287
mt19937_1, -1, Score, 0, 30.04009302610234
mt19937_1, -1, TimeBudget, 0, 102
mt19937_1, -1, ChosenN, 0, 1.326e+09
mt19937_1, -1, TimeUsed, 0, 63.436748194
mt19937_1, -1, Score, 0, 30.30443362943677
mt19937_1, -1, TimeBudget, 0, 112
mt19937_1, -1, ChosenN, 0, 1.456e+09
mt19937_1, -1, TimeUsed, 0, 67.861914544
mt19937_1, -1, Score, 0, 30.43936320952287
mt19937_1, -1, TimeBudget, 0, 122
mt19937_1, -1, ChosenN, 0, 1.586e+09
mt19937_1, -1, TimeUsed, 0, 74.0550454
mt19937_1, -1, Score, 0, 30.56274562502815
mt19937_1, -1, TimeBudget, 0, 132
mt19937_1, -1, ChosenN, 0, 1.716e+09
mt19937_1, -1, TimeUsed, 0, 80.615484139
mt19937_1, -1, Score, 0, 30.67640240682372
mt19937_1, -1, TimeBudget, 0, 142
mt19937_1, -1, ChosenN, 0, 1.846e+09
mt19937_1, -1, TimeUsed, 0, 86.25269462
mt19937_1, -1, Score, 0, 30.78175540696995
mt19937_1, -1, TimeBudget, 0, 152
mt19937_1, -1, ChosenN, 0, 1.976e+09
mt19937_1, -1, TimeUsed, 0, 92.795673368
mt19937_1, -1, Score, 0, 30.87993580090885
mt19937_1, -1, TimeBudget, 0, 162
mt19937_1, -1, ChosenN, 0, 2.106e+09
mt19937_1, -1, TimeUsed, 0, 99.4439318
mt19937_1, -1, Score, 0, 30.97185829034989
mt19937_1, -1, TimeBudget, 0, 172
mt19937_1, -1, ChosenN, 0, 2.236e+09
mt19937_1, -1, TimeUsed, 0, 103.702109019
mt19937_1, -1, Score, 0, 31.05827304216736
