mt19937_1, -1, TimeBudget, 0, 1
mt19937_1, -1, ChosenN, 0, 1e+06
mt19937_1, -1, TimeUsed, 0, 0.397354
mt19937_1, -1, Score, 0, 19.93156856932417
mt19937_1, -1, TimeBudget, 0, 2
mt19937_1, -1, ChosenN, 0, 2e+06
mt19937_1, -1, TimeUsed, 0, 0.7829
mt19937_1, -1, Score, 0, 20.93156856932417
mt19937_1, -1, TimeBudget, 0, 3
mt19937_1, -1, ChosenN, 0, 3e+06
mt19937_1, -1, TimeUsed, 0, 1.359979
mt19937_1, -1, Score, 0, 21.51653107004533
mt19937_1, -1, TimeBudget, 0, 4
mt19937_1, -1, ChosenN, 0, 4e+06
mt19937_1, -1, TimeUsed, 0, 1.880526
mt19937_1, -1, Score, 0, 21.93156856932417
mt19937_1, -1, TimeBudget, 0, 5
mt19937_1, -1, ChosenN, 0, 5e+06
mt19937_1, -1, TimeUsed, 0, 2.476642
mt19937_1, -1, Score, 0, 22.25349666421154
mt19937_1, -1, TimeBudget, 0, 6
mt19937_1, -1, ChosenN, 0, 6e+06
mt19937_1, -1, TimeUsed, 0, 2.793948
mt19937_1, -1, Score, 0, 22.51653107004533
mt19937_1, -1, TimeBudget, 0, 7
mt19937_1, -1, ChosenN, 0, 7e+06
mt19937_1, -1, TimeUsed, 0, 4.170989
mt19937_1, -1, Score, 0, 22.73892349138178
mt19937_1, -1, TimeBudget, 0, 8
mt19937_1, -1, ChosenN, 0, 8e+06
mt19937_1, -1, TimeUsed, 0, 4.279194
mt19937_1, -1, Score, 0, 22.93156856932417
mt19937_1, -1, TimeBudget, 0, 9
mt19937_1, -1, ChosenN, 0, 9e+06
mt19937_1, -1, TimeUsed, 0, 5.228697
mt19937_1, -1, Score, 0, 23.10149357076649
mt19937_1, -1, TimeBudget, 0, 10
mt19937_1, -1, ChosenN, 0, 1e+07
mt19937_1, -1, TimeUsed, 0, 8.648705
mt19937_1, -1, Score, 0, 23.25349666421154
mt19937_1, -1, TimeBudget, 0, 11
mt19937_1, -1, ChosenN, 0, 1.1e+07
mt19937_1, -1, TimeUsed, 0, 8.396544
mt19937_1, -1, Score, 0, 23.39100018796147
mt19937_1, -1, TimeBudget, 0, 12
mt19937_1, -1, ChosenN, 0, 1.2e+07
mt19937_1, -1, TimeUsed, 0, 6.578705
mt19937_1, -1, Score, 0, 23.51653107004533
mt19937_1, -1, TimeBudget, 0, 13
mt19937_1, -1, ChosenN, 0, 1.3e+07
mt19937_1, -1, TimeUsed, 0, 8.604463000000001
mt19937_1, -1, Score, 0, 23.63200828746526
mt19937_1, -1, TimeBudget, 0, 14
mt19937_1, -1, ChosenN, 0, 1.4e+07
mt19937_1, -1, TimeUsed, 0, 7.709673
mt19937_1, -1, Score, 0, 23.73892349138178
mt19937_1, -1, TimeBudget, 0, 15
mt19937_1, -1, ChosenN, 0, 1.5e+07
mt19937_1, -1, TimeUsed, 0, 8.574460999999999
mt19937_1, -1, Score, 0, 23.83845916493269
mt19937_1, -1, TimeBudget, 0, 16
mt19937_1, -1, ChosenN, 0, 1.6e+07
mt19937_1, -1, TimeUsed, 0, 9.707189
mt19937_1, -1, Score, 0, 23.93156856932417
mt19937_1, -1, TimeBudget, 0, 17
mt19937_1, -1, ChosenN, 0, 1.7e+07
mt19937_1, -1, TimeUsed, 0, 9.289675000000001
mt19937_1, -1, Score, 0, 24.01903141057451
mt19937_1, -1, TimeBudget, 0, 18
mt19937_1, -1, ChosenN, 0, 1.8e+07
mt19937_1, -1, TimeUsed, 0, 9.686677
mt19937_1, -1, Score, 0, 24.10149357076649
mt19937_1, -1, TimeBudget, 0, 19
mt19937_1, -1, ChosenN, 0, 1.9e+07
mt19937_1, -1, TimeUsed, 0, 9.999555000000001
mt19937_1, -1, Score, 0, 24.17949608276776
mt19937_1, -1, TimeBudget, 0, 20
mt19937_1, -1, ChosenN, 0, 2e+07
mt19937_1, -1, TimeUsed, 0, 9.522136
mt19937_1, -1, Score, 0, 24.25349666421154
mt19937_1, -1, TimeBudget, 0, 21
mt19937_1, -1, ChosenN, 0, 2.1e+07
mt19937_1, -1, TimeUsed, 0, 10.042744
mt19937_1, -1, Score, 0, 24.32388599210293
mt19937_1, -1, TimeBudget, 0, 22
mt19937_1, -1, ChosenN, 0, 2.2e+07
mt19937_1, -1, TimeUsed, 0, 9.902804
mt19937_1, -1, Score, 0, 24.39100018796147
mt19937_1, -1, TimeBudget, 0, 23
mt19937_1, -1, ChosenN, 0, 2.3e+07
mt19937_1, -1, TimeUsed, 0, 10.725334
mt19937_1, -1, Score, 0, 24.45513052538119
mt19937_1, -1, TimeBudget, 0, 24
mt19937_1, -1, ChosenN, 0, 2.4e+07
mt19937_1, -1, TimeUsed, 0, 11.376746
mt19937_1, -1, Score, 0, 24.51653107004533
mt19937_1, -1, TimeBudget, 0, 25
mt19937_1, -1, ChosenN, 0, 2.5e+07
mt19937_1, -1, TimeUsed, 0, 14.190197
mt19937_1, -1, Score, 0, 24.5754247590989
mt19937_1, -1, TimeBudget, 0, 26
mt19937_1, -1, ChosenN, 0, 2.6e+07
mt19937_1, -1, TimeUsed, 0, 12.247471
mt19937_1, -1, Score, 0, 24.63200828746527
mt19937_1, -1, TimeBudget, 0, 27
mt19937_1, -1, ChosenN, 0, 2.7e+07
mt19937_1, -1, TimeUsed, 0, 12.909526
mt19937_1, -1, Score, 0, 24.68645607148764
mt19937_1, -1, TimeBudget, 0, 28
mt19937_1, -1, ChosenN, 0, 2.8e+07
mt19937_1, -1, TimeUsed, 0, 14.106335
mt19937_1, -1, Score, 0, 24.73892349138178
mt19937_1, -1, TimeBudget, 0, 29
mt19937_1, -1, ChosenN, 0, 2.9e+07
mt19937_1, -1, TimeUsed, 0, 14.768198
mt19937_1, -1, Score, 0, 24.78954956445175
