mt19937_1, -1, TimeBudget, 0, 1
mt19937_1, -1, ChosenN, 0, 1.1e+06
mt19937_1, -1, TimeUsed, 0, 0.982954
mt19937_1, -1, Score, 0, 20.06907209307411
mt19937_1, -1, TimeBudget, 0, 2
mt19937_1, -1, ChosenN, 0, 2.2e+06
mt19937_1, -1, TimeUsed, 0, 1.848289
mt19937_1, -1, Score, 0, 21.06907209307411
mt19937_1, -1, TimeBudget, 0, 3
mt19937_1, -1, ChosenN, 0, 3.3e+06
mt19937_1, -1, TimeUsed, 0, 2.703124
mt19937_1, -1, Score, 0, 21.65403459379527
mt19937_1, -1, TimeBudget, 0, 4
mt19937_1, -1, ChosenN, 0, 4.4e+06
mt19937_1, -1, TimeUsed, 0, 3.515134
mt19937_1, -1, Score, 0, 22.06907209307411
mt19937_1, -1, TimeBudget, 0, 5
mt19937_1, -1, ChosenN, 0, 5.5e+06
mt19937_1, -1, TimeUsed, 0, 4.879578
mt19937_1, -1, Score, 0, 22.39100018796147
mt19937_1, -1, TimeBudget, 0, 6
mt19937_1, -1, ChosenN, 0, 6.6e+06
mt19937_1, -1, TimeUsed, 0, 5.759773
mt19937_1, -1, Score, 0, 22.65403459379527
mt19937_1, -1, TimeBudget, 0, 7
mt19937_1, -1, ChosenN, 0, 7.7e+06
mt19937_1, -1, TimeUsed, 0, 6.254129
mt19937_1, -1, Score, 0, 22.87642701513171
mt19937_1, -1, TimeBudget, 0, 8
mt19937_1, -1, ChosenN, 0, 8.8e+06
mt19937_1, -1, TimeUsed, 0, 7.595078
mt19937_1, -1, Score, 0, 23.06907209307411
mt19937_1, -1, TimeBudget, 0, 9
mt19937_1, -1, ChosenN, 0, 9.9e+06
mt19937_1, -1, TimeUsed, 0, 9.113892
mt19937_1, -1, Score, 0, 8.441644284786586
mt19937_1, -1, TimeBudget, 0, 10
mt19937_1, -1, ChosenN, 0, 1.1e+07
mt19937_1, -1, TimeUsed, 0, 8.855289000000001
mt19937_1, -1, Score, 0, 23.39100018796147
mt19937_1, -1, TimeBudget, 0, 11
mt19937_1, -1, ChosenN, 0, 1.21e+07
mt19937_1, -1, TimeUsed, 0, 9.870846
mt19937_1, -1, Score, 0, 23.52850371171141
mt19937_1, -1, TimeBudget, 0, 12
mt19937_1, -1, ChosenN, 0, 1.32e+07
mt19937_1, -1, TimeUsed, 0, 10.624374
mt19937_1, -1, Score, 0, 23.65403459379527
mt19937_1, -1, TimeBudget, 0, 13
mt19937_1, -1, ChosenN, 0, 1.43e+07
mt19937_1, -1, TimeUsed, 0, 10.93182
mt19937_1, -1, Score, 0, 23.7695118112152
mt19937_1, -1, TimeBudget, 0, 14
mt19937_1, -1, ChosenN, 0, 1.54e+07
mt19937_1, -1, TimeUsed, 0, 13.143494
mt19937_1, -1, Score, 0, 23.87642701513171
mt19937_1, -1, TimeBudget, 0, 15
mt19937_1, -1, ChosenN, 0, 1.65e+07
mt19937_1, -1, TimeUsed, 0, 13.312669
mt19937_1, -1, Score, 0, 23.97596268868263
mt19937_1, -1, TimeBudget, 0, 16
mt19937_1, -1, ChosenN, 0, 1.76e+07
mt19937_1, -1, TimeUsed, 0, 15.487742
mt19937_1, -1, Score, 0, 24.06907209307411
mt19937_1, -1, TimeBudget, 0, 17
mt19937_1, -1, ChosenN, 0, 1.87e+07
mt19937_1, -1, TimeUsed, 0, 15.760081
mt19937_1, -1, Score, 0, 24.15653493432445
mt19937_1, -1, TimeBudget, 0, 18
mt19937_1, -1, ChosenN, 0, 1.98e+07
mt19937_1, -1, TimeUsed, 0, 17.037257
mt19937_1, -1, Score, 0, 24.23899709451642
mt19937_1, -1, TimeBudget, 0, 19
mt19937_1, -1, ChosenN, 0, 2.09e+07
mt19937_1, -1, TimeUsed, 0, 17.604446
mt19937_1, -1, Score, 0, 24.31699960651769
mt19937_1, -1, TimeBudget, 0, 20
mt19937_1, -1, ChosenN, 0, 2.2e+07
mt19937_1, -1, TimeUsed, 0, 17.02739
mt19937_1, -1, Score, 0, 24.39100018796147
mt19937_1, -1, TimeBudget, 0, 21
mt19937_1, -1, ChosenN, 0, 2.31e+07
mt19937_1, -1, TimeUsed, 0, 18.336819
mt19937_1, -1, Score, 0, 24.46138951585287
mt19937_1, -1, TimeBudget, 0, 22
mt19937_1, -1, ChosenN, 0, 2.42e+07
mt19937_1, -1, TimeUsed, 0, 19.663634
mt19937_1, -1, Score, 0, 24.52850371171141
mt19937_1, -1, TimeBudget, 0, 23
mt19937_1, -1, ChosenN, 0, 2.53e+07
mt19937_1, -1, TimeUsed, 0, 20.103588
mt19937_1, -1, Score, 0, 24.59263404913112
mt19937_1, -1, TimeBudget, 0, 24
mt19937_1, -1, ChosenN, 0, 2.64e+07
mt19937_1, -1, TimeUsed, 0, 22.154403
mt19937_1, -1, Score, 0, 24.65403459379527
mt19937_1, -1, TimeBudget, 0, 25
mt19937_1, -1, ChosenN, 0, 2.75e+07
mt19937_1, -1, TimeUsed, 0, 22.281471
mt19937_1, -1, Score, 0, 24.71292828284883
mt19937_1, -1, TimeBudget, 0, 26
mt19937_1, -1, ChosenN, 0, 2.86e+07
mt19937_1, -1, TimeUsed, 0, 24.662276
mt19937_1, -1, Score, 0, 24.7695118112152
mt19937_1, -1, TimeBudget, 0, 27
mt19937_1, -1, ChosenN, 0, 2.97e+07
mt19937_1, -1, TimeUsed, 0, 25.900051
mt19937_1, -1, Score, 0, 24.82395959523758
mt19937_1, -1, TimeBudget, 0, 28
mt19937_1, -1, ChosenN, 0, 3.08e+07
mt19937_1, -1, TimeUsed, 0, 24.190275
mt19937_1, -1, Score, 0, 24.87642701513171
mt19937_1, -1, TimeBudget, 0, 29
mt19937_1, -1, ChosenN, 0, 3.19e+07
mt19937_1, -1, TimeUsed, 0, 27.088782
mt19937_1, -1, Score, 0, 24.92705308820168
mt19937_1, -1, TimeBudget, 0, 30
mt19937_1, -1, ChosenN, 0, 3.3e+07
mt19937_1, -1, TimeUsed, 0, 27.783053
mt19937_1, -1, Score, 0, 24.97596268868263
mt19937_1, -1, TimeBudget, 0, 31
mt19937_1, -1, ChosenN, 0, 3.41e+07
mt19937_1, -1, TimeUsed, 0, 29.134288
mt19937_1, -1, Score, 0, 25.02326840346099
mt19937_1, -1, TimeBudget, 0, 32
mt19937_1, -1, ChosenN, 0, 3.52e+07
mt19937_1, -1, TimeUsed, 0, 33.392681
mt19937_1, -1, Score, 0, 8.829634471859114
mt19937_1, -1, TimeBudget, 0, 33
mt19937_1, -1, ChosenN, 0, 3.63e+07
mt19937_1, -1, TimeUsed, 0, 29.677107
mt19937_1, -1, Score, 0, 25.11346621243256
mt19937_1, -1, TimeBudget, 0, 34
mt19937_1, -1, ChosenN, 0, 3.74e+07
mt19937_1, -1, TimeUsed, 0, 32.85634
mt19937_1, -1, Score, 0, 25.15653493432445
mt19937_1, -1, TimeBudget, 0, 35
mt19937_1, -1, ChosenN, 0, 3.85e+07
mt19937_1, -1, TimeUsed, 0, 32.821355
mt19937_1, -1, Score, 0, 25.19835511001908
mt19937_1, -1, TimeBudget, 0, 36
mt19937_1, -1, ChosenN, 0, 3.96e+07
mt19937_1, -1, TimeUsed, 0, 34.564272
mt19937_1, -1, Score, 0, 25.23899709451642
